2025-06-05 01:55:27,814 - Script started.
2025-06-05 01:55:27,871 - Using device: cuda
2025-06-05 01:55:27,895 - Loaded training dataset with 1356 samples.
2025-06-05 01:55:27,895 - Loaded validation dataset with 290 samples.
2025-06-05 01:55:32,585 - Encoder initialized.
2025-06-05 01:55:32,586 - Encoder has 303,362,048 parameters.
2025-06-05 01:55:38,918 - Loaded checkpoint from /data/Prithvi_EO_V2_300M.pt.
2025-06-05 01:55:38,923 - Classifier initialized.
2025-06-05 01:55:38,923 - Classifier has 525,826 parameters.
2025-06-05 01:55:38,924 - Training started.
2025-06-05 01:55:38,924 - Training Parameters - Batch Size: 64, Epochs: 300, Encoder embed_dim: 1024, Classifier input_dim: 1024
2025-06-05 01:56:50,318 - Epoch 1: Training Loss: 0.754117, Validation Loss: 0.723282, Training Accuracy: 50.00, Validation Accuracy: 50.00, Learning Rate: 0.000001763333, Time: 71.39s
2025-06-05 01:57:24,100 - Epoch 2: Training Loss: 0.726606, Validation Loss: 0.700831, Training Accuracy: 46.24, Validation Accuracy: 39.31, Learning Rate: 0.000003426667, Time: 33.78s
2025-06-05 01:57:57,397 - Epoch 3: Training Loss: 0.668841, Validation Loss: 0.679510, Training Accuracy: 47.79, Validation Accuracy: 50.34, Learning Rate: 0.000005090000, Time: 33.30s
2025-06-05 01:58:28,873 - Epoch 4: Training Loss: 0.611676, Validation Loss: 0.649851, Training Accuracy: 52.29, Validation Accuracy: 53.79, Learning Rate: 0.000006753333, Time: 31.48s
2025-06-05 01:59:01,692 - Epoch 5: Training Loss: 0.568922, Validation Loss: 0.620204, Training Accuracy: 56.49, Validation Accuracy: 59.31, Learning Rate: 0.000008416667, Time: 32.82s
2025-06-05 01:59:34,128 - Epoch 6: Training Loss: 0.539956, Validation Loss: 0.594530, Training Accuracy: 63.27, Validation Accuracy: 65.86, Learning Rate: 0.000010080000, Time: 32.43s
2025-06-05 02:00:07,914 - Epoch 7: Training Loss: 0.521691, Validation Loss: 0.577502, Training Accuracy: 67.48, Validation Accuracy: 67.24, Learning Rate: 0.000011743333, Time: 33.79s
2025-06-05 02:00:41,493 - Epoch 8: Training Loss: 0.510066, Validation Loss: 0.572214, Training Accuracy: 69.32, Validation Accuracy: 67.24, Learning Rate: 0.000013406667, Time: 33.58s
2025-06-05 02:01:15,362 - Epoch 9: Training Loss: 0.500596, Validation Loss: 0.559623, Training Accuracy: 70.72, Validation Accuracy: 69.66, Learning Rate: 0.000015070000, Time: 33.87s
2025-06-05 02:01:46,561 - Epoch 10: Training Loss: 0.493785, Validation Loss: 0.553227, Training Accuracy: 70.94, Validation Accuracy: 71.72, Learning Rate: 0.000016733333, Time: 31.20s
2025-06-05 02:02:19,698 - Epoch 11: Training Loss: 0.486482, Validation Loss: 0.550514, Training Accuracy: 73.16, Validation Accuracy: 71.38, Learning Rate: 0.000018396667, Time: 33.14s
2025-06-05 02:02:51,393 - Epoch 12: Training Loss: 0.483214, Validation Loss: 0.540014, Training Accuracy: 73.53, Validation Accuracy: 74.14, Learning Rate: 0.000020060000, Time: 31.69s
2025-06-05 02:03:25,909 - Epoch 13: Training Loss: 0.476207, Validation Loss: 0.534522, Training Accuracy: 73.45, Validation Accuracy: 73.79, Learning Rate: 0.000021723333, Time: 34.52s
2025-06-05 02:03:59,061 - Epoch 14: Training Loss: 0.469956, Validation Loss: 0.534027, Training Accuracy: 74.04, Validation Accuracy: 74.48, Learning Rate: 0.000023386667, Time: 33.15s
2025-06-05 02:04:31,898 - Epoch 15: Training Loss: 0.464445, Validation Loss: 0.527291, Training Accuracy: 74.63, Validation Accuracy: 73.79, Learning Rate: 0.000025050000, Time: 32.84s
2025-06-05 02:05:04,280 - Epoch 16: Training Loss: 0.458775, Validation Loss: 0.530153, Training Accuracy: 76.33, Validation Accuracy: 73.79, Learning Rate: 0.000026713333, Time: 32.38s
2025-06-05 02:05:37,792 - Epoch 17: Training Loss: 0.454739, Validation Loss: 0.508688, Training Accuracy: 75.15, Validation Accuracy: 75.86, Learning Rate: 0.000028376667, Time: 33.51s
2025-06-05 02:06:11,769 - Epoch 18: Training Loss: 0.449022, Validation Loss: 0.513706, Training Accuracy: 76.99, Validation Accuracy: 74.83, Learning Rate: 0.000030040000, Time: 33.98s
2025-06-05 02:06:45,927 - Epoch 19: Training Loss: 0.441750, Validation Loss: 0.494209, Training Accuracy: 77.21, Validation Accuracy: 78.28, Learning Rate: 0.000031703333, Time: 34.16s
2025-06-05 02:07:19,225 - Epoch 20: Training Loss: 0.437919, Validation Loss: 0.496490, Training Accuracy: 78.61, Validation Accuracy: 77.93, Learning Rate: 0.000033366667, Time: 33.30s
2025-06-05 02:07:50,710 - Epoch 21: Training Loss: 0.432386, Validation Loss: 0.501401, Training Accuracy: 78.83, Validation Accuracy: 76.55, Learning Rate: 0.000035030000, Time: 31.48s
2025-06-05 02:08:21,884 - Epoch 22: Training Loss: 0.430393, Validation Loss: 0.487698, Training Accuracy: 77.95, Validation Accuracy: 77.93, Learning Rate: 0.000036693333, Time: 31.17s
2025-06-05 02:08:53,489 - Epoch 23: Training Loss: 0.424483, Validation Loss: 0.496665, Training Accuracy: 79.57, Validation Accuracy: 75.17, Learning Rate: 0.000038356667, Time: 31.60s
2025-06-05 02:09:24,985 - Epoch 24: Training Loss: 0.423126, Validation Loss: 0.488940, Training Accuracy: 79.35, Validation Accuracy: 74.83, Learning Rate: 0.000040020000, Time: 31.49s
2025-06-05 02:09:58,102 - Epoch 25: Training Loss: 0.414458, Validation Loss: 0.468432, Training Accuracy: 78.32, Validation Accuracy: 78.97, Learning Rate: 0.000041683333, Time: 33.12s
2025-06-05 02:10:29,473 - Epoch 26: Training Loss: 0.412119, Validation Loss: 0.476919, Training Accuracy: 79.87, Validation Accuracy: 74.48, Learning Rate: 0.000043346667, Time: 31.37s
2025-06-05 02:11:00,897 - Epoch 27: Training Loss: 0.408364, Validation Loss: 0.471738, Training Accuracy: 78.47, Validation Accuracy: 75.17, Learning Rate: 0.000045010000, Time: 31.42s
2025-06-05 02:11:32,889 - Epoch 28: Training Loss: 0.407471, Validation Loss: 0.452347, Training Accuracy: 78.39, Validation Accuracy: 79.31, Learning Rate: 0.000046673333, Time: 31.99s
2025-06-05 02:12:04,496 - Epoch 29: Training Loss: 0.406096, Validation Loss: 0.452130, Training Accuracy: 78.54, Validation Accuracy: 79.31, Learning Rate: 0.000048336667, Time: 31.61s
2025-06-05 02:12:37,631 - Epoch 30: Training Loss: 0.399111, Validation Loss: 0.447090, Training Accuracy: 78.91, Validation Accuracy: 78.97, Learning Rate: 0.000050000000, Time: 33.14s
2025-06-05 02:13:10,455 - Epoch 31: Training Loss: 0.396763, Validation Loss: 0.468602, Training Accuracy: 78.98, Validation Accuracy: 74.14, Learning Rate: 0.000049998308, Time: 32.82s
2025-06-05 02:13:44,009 - Epoch 32: Training Loss: 0.395318, Validation Loss: 0.458599, Training Accuracy: 79.20, Validation Accuracy: 75.52, Learning Rate: 0.000049993231, Time: 33.55s
2025-06-05 02:14:18,557 - Epoch 33: Training Loss: 0.392569, Validation Loss: 0.450903, Training Accuracy: 78.10, Validation Accuracy: 75.17, Learning Rate: 0.000049984771, Time: 34.55s
2025-06-05 02:14:53,726 - Epoch 34: Training Loss: 0.388239, Validation Loss: 0.450139, Training Accuracy: 78.47, Validation Accuracy: 77.24, Learning Rate: 0.000049972928, Time: 35.17s
2025-06-05 02:15:27,135 - Epoch 35: Training Loss: 0.386729, Validation Loss: 0.442805, Training Accuracy: 78.61, Validation Accuracy: 75.17, Learning Rate: 0.000049957704, Time: 33.41s
2025-06-05 02:15:59,801 - Epoch 36: Training Loss: 0.384588, Validation Loss: 0.438515, Training Accuracy: 79.13, Validation Accuracy: 78.28, Learning Rate: 0.000049939101, Time: 32.67s
2025-06-05 02:16:32,810 - Epoch 37: Training Loss: 0.383422, Validation Loss: 0.446339, Training Accuracy: 79.13, Validation Accuracy: 75.17, Learning Rate: 0.000049917122, Time: 33.01s
2025-06-05 02:17:05,389 - Epoch 38: Training Loss: 0.379548, Validation Loss: 0.439841, Training Accuracy: 79.28, Validation Accuracy: 75.86, Learning Rate: 0.000049891770, Time: 32.58s
2025-06-05 02:17:38,588 - Epoch 39: Training Loss: 0.377751, Validation Loss: 0.443456, Training Accuracy: 80.01, Validation Accuracy: 76.21, Learning Rate: 0.000049863047, Time: 33.20s
2025-06-05 02:18:13,442 - Epoch 40: Training Loss: 0.376236, Validation Loss: 0.456748, Training Accuracy: 78.32, Validation Accuracy: 76.55, Learning Rate: 0.000049830959, Time: 34.85s
2025-06-05 02:18:51,524 - Epoch 41: Training Loss: 0.376300, Validation Loss: 0.447703, Training Accuracy: 80.46, Validation Accuracy: 76.21, Learning Rate: 0.000049795509, Time: 38.08s
2025-06-05 02:19:27,282 - Epoch 42: Training Loss: 0.382081, Validation Loss: 0.448405, Training Accuracy: 78.61, Validation Accuracy: 77.24, Learning Rate: 0.000049756702, Time: 35.76s
2025-06-05 02:20:03,527 - Epoch 43: Training Loss: 0.371281, Validation Loss: 0.424474, Training Accuracy: 80.09, Validation Accuracy: 78.62, Learning Rate: 0.000049714543, Time: 36.24s
2025-06-05 02:20:41,335 - Epoch 44: Training Loss: 0.373798, Validation Loss: 0.429314, Training Accuracy: 80.90, Validation Accuracy: 76.21, Learning Rate: 0.000049669038, Time: 37.81s
2025-06-05 02:21:18,312 - Epoch 45: Training Loss: 0.370165, Validation Loss: 0.433574, Training Accuracy: 79.79, Validation Accuracy: 76.55, Learning Rate: 0.000049620194, Time: 36.98s
2025-06-05 02:21:54,759 - Epoch 46: Training Loss: 0.372184, Validation Loss: 0.446644, Training Accuracy: 80.01, Validation Accuracy: 76.90, Learning Rate: 0.000049568016, Time: 36.45s
2025-06-05 02:22:32,138 - Epoch 47: Training Loss: 0.366865, Validation Loss: 0.427439, Training Accuracy: 81.19, Validation Accuracy: 77.59, Learning Rate: 0.000049512512, Time: 37.38s
2025-06-05 02:23:08,502 - Epoch 48: Training Loss: 0.366972, Validation Loss: 0.426984, Training Accuracy: 79.72, Validation Accuracy: 78.62, Learning Rate: 0.000049453690, Time: 36.36s
2025-06-05 02:23:45,543 - Epoch 49: Training Loss: 0.363285, Validation Loss: 0.410584, Training Accuracy: 80.24, Validation Accuracy: 81.72, Learning Rate: 0.000049391557, Time: 37.04s
2025-06-05 02:24:20,101 - Epoch 50: Training Loss: 0.366301, Validation Loss: 0.412665, Training Accuracy: 80.09, Validation Accuracy: 79.31, Learning Rate: 0.000049326122, Time: 34.56s
2025-06-05 02:24:57,786 - Epoch 51: Training Loss: 0.370116, Validation Loss: 0.415767, Training Accuracy: 80.53, Validation Accuracy: 77.59, Learning Rate: 0.000049257393, Time: 37.68s
2025-06-05 02:25:35,726 - Epoch 52: Training Loss: 0.362733, Validation Loss: 0.440064, Training Accuracy: 81.64, Validation Accuracy: 78.28, Learning Rate: 0.000049185380, Time: 37.94s
2025-06-05 02:26:11,654 - Epoch 53: Training Loss: 0.362298, Validation Loss: 0.423453, Training Accuracy: 81.19, Validation Accuracy: 79.66, Learning Rate: 0.000049110094, Time: 35.93s
2025-06-05 02:26:49,046 - Epoch 54: Training Loss: 0.359102, Validation Loss: 0.415773, Training Accuracy: 80.16, Validation Accuracy: 78.97, Learning Rate: 0.000049031542, Time: 37.39s
2025-06-05 02:27:28,045 - Epoch 55: Training Loss: 0.358090, Validation Loss: 0.419561, Training Accuracy: 81.64, Validation Accuracy: 79.66, Learning Rate: 0.000048949738, Time: 39.00s
2025-06-05 02:28:05,418 - Epoch 56: Training Loss: 0.354714, Validation Loss: 0.409580, Training Accuracy: 81.19, Validation Accuracy: 78.62, Learning Rate: 0.000048864691, Time: 37.37s
2025-06-05 02:28:44,844 - Epoch 57: Training Loss: 0.356844, Validation Loss: 0.411708, Training Accuracy: 80.97, Validation Accuracy: 80.34, Learning Rate: 0.000048776413, Time: 39.43s
2025-06-05 02:29:24,319 - Epoch 58: Training Loss: 0.354169, Validation Loss: 0.402629, Training Accuracy: 81.93, Validation Accuracy: 78.97, Learning Rate: 0.000048684916, Time: 39.47s
2025-06-05 02:29:59,952 - Epoch 59: Training Loss: 0.351952, Validation Loss: 0.411338, Training Accuracy: 82.01, Validation Accuracy: 80.00, Learning Rate: 0.000048590213, Time: 35.63s
2025-06-05 02:30:36,945 - Epoch 60: Training Loss: 0.353836, Validation Loss: 0.433060, Training Accuracy: 82.23, Validation Accuracy: 76.55, Learning Rate: 0.000048492316, Time: 36.99s
2025-06-05 02:31:14,446 - Epoch 61: Training Loss: 0.349288, Validation Loss: 0.392587, Training Accuracy: 81.12, Validation Accuracy: 82.41, Learning Rate: 0.000048391238, Time: 37.50s
2025-06-05 02:31:49,104 - Epoch 62: Training Loss: 0.353805, Validation Loss: 0.399467, Training Accuracy: 82.52, Validation Accuracy: 81.38, Learning Rate: 0.000048286993, Time: 34.66s
2025-06-05 02:32:27,377 - Epoch 63: Training Loss: 0.352572, Validation Loss: 0.396151, Training Accuracy: 81.34, Validation Accuracy: 81.38, Learning Rate: 0.000048179596, Time: 38.27s
2025-06-05 02:33:04,432 - Epoch 64: Training Loss: 0.346202, Validation Loss: 0.396831, Training Accuracy: 82.52, Validation Accuracy: 81.03, Learning Rate: 0.000048069061, Time: 37.05s
2025-06-05 02:33:41,837 - Epoch 65: Training Loss: 0.347265, Validation Loss: 0.407878, Training Accuracy: 83.19, Validation Accuracy: 82.76, Learning Rate: 0.000047955403, Time: 37.41s
2025-06-05 02:34:19,844 - Epoch 66: Training Loss: 0.350135, Validation Loss: 0.393835, Training Accuracy: 81.64, Validation Accuracy: 81.38, Learning Rate: 0.000047838636, Time: 38.01s
2025-06-05 02:34:56,294 - Epoch 67: Training Loss: 0.345593, Validation Loss: 0.405986, Training Accuracy: 82.60, Validation Accuracy: 82.07, Learning Rate: 0.000047718778, Time: 36.45s
2025-06-05 02:35:32,671 - Epoch 68: Training Loss: 0.342925, Validation Loss: 0.408010, Training Accuracy: 83.92, Validation Accuracy: 81.03, Learning Rate: 0.000047595844, Time: 36.38s
2025-06-05 02:36:10,871 - Epoch 69: Training Loss: 0.347143, Validation Loss: 0.389535, Training Accuracy: 82.45, Validation Accuracy: 81.38, Learning Rate: 0.000047469851, Time: 38.20s
2025-06-05 02:36:47,300 - Epoch 70: Training Loss: 0.338370, Validation Loss: 0.411145, Training Accuracy: 83.92, Validation Accuracy: 83.10, Learning Rate: 0.000047340816, Time: 36.43s
2025-06-05 02:37:23,063 - Epoch 71: Training Loss: 0.343675, Validation Loss: 0.384098, Training Accuracy: 82.52, Validation Accuracy: 84.48, Learning Rate: 0.000047208756, Time: 35.76s
2025-06-05 02:37:57,645 - Epoch 72: Training Loss: 0.361633, Validation Loss: 0.379022, Training Accuracy: 82.01, Validation Accuracy: 82.41, Learning Rate: 0.000047073690, Time: 34.58s
2025-06-05 02:38:35,936 - Epoch 73: Training Loss: 0.340897, Validation Loss: 0.405348, Training Accuracy: 83.55, Validation Accuracy: 82.41, Learning Rate: 0.000046935635, Time: 38.29s
2025-06-05 02:39:12,790 - Epoch 74: Training Loss: 0.342009, Validation Loss: 0.408654, Training Accuracy: 82.52, Validation Accuracy: 80.69, Learning Rate: 0.000046794610, Time: 36.85s
2025-06-05 02:39:48,783 - Epoch 75: Training Loss: 0.341822, Validation Loss: 0.377838, Training Accuracy: 83.85, Validation Accuracy: 82.41, Learning Rate: 0.000046650635, Time: 35.99s
2025-06-05 02:40:26,714 - Epoch 76: Training Loss: 0.340726, Validation Loss: 0.378300, Training Accuracy: 84.44, Validation Accuracy: 83.10, Learning Rate: 0.000046503729, Time: 37.93s
2025-06-05 02:41:04,075 - Epoch 77: Training Loss: 0.334987, Validation Loss: 0.386307, Training Accuracy: 85.25, Validation Accuracy: 82.76, Learning Rate: 0.000046353911, Time: 37.36s
2025-06-05 02:41:40,857 - Epoch 78: Training Loss: 0.334807, Validation Loss: 0.377042, Training Accuracy: 84.44, Validation Accuracy: 83.79, Learning Rate: 0.000046201202, Time: 36.78s
2025-06-05 02:42:17,427 - Epoch 79: Training Loss: 0.336662, Validation Loss: 0.399634, Training Accuracy: 84.00, Validation Accuracy: 81.03, Learning Rate: 0.000046045623, Time: 36.57s
2025-06-05 02:42:55,450 - Epoch 80: Training Loss: 0.340910, Validation Loss: 0.400357, Training Accuracy: 83.11, Validation Accuracy: 83.79, Learning Rate: 0.000045887195, Time: 38.02s
2025-06-05 02:43:32,637 - Epoch 81: Training Loss: 0.332558, Validation Loss: 0.381711, Training Accuracy: 85.55, Validation Accuracy: 85.52, Learning Rate: 0.000045725939, Time: 37.19s
2025-06-05 02:44:10,335 - Epoch 82: Training Loss: 0.328786, Validation Loss: 0.367927, Training Accuracy: 85.84, Validation Accuracy: 83.45, Learning Rate: 0.000045561877, Time: 37.70s
2025-06-05 02:44:47,218 - Epoch 83: Training Loss: 0.334022, Validation Loss: 0.367837, Training Accuracy: 83.63, Validation Accuracy: 83.79, Learning Rate: 0.000045395032, Time: 36.88s
2025-06-05 02:45:27,243 - Epoch 84: Training Loss: 0.329755, Validation Loss: 0.377344, Training Accuracy: 86.36, Validation Accuracy: 85.52, Learning Rate: 0.000045225425, Time: 40.03s
2025-06-05 02:46:03,535 - Epoch 85: Training Loss: 0.328612, Validation Loss: 0.371581, Training Accuracy: 85.03, Validation Accuracy: 86.21, Learning Rate: 0.000045053080, Time: 36.29s
2025-06-05 02:46:38,881 - Epoch 86: Training Loss: 0.327671, Validation Loss: 0.364292, Training Accuracy: 84.66, Validation Accuracy: 82.41, Learning Rate: 0.000044878020, Time: 35.35s
2025-06-05 02:47:14,954 - Epoch 87: Training Loss: 0.332751, Validation Loss: 0.363940, Training Accuracy: 84.22, Validation Accuracy: 84.83, Learning Rate: 0.000044700269, Time: 36.07s
2025-06-05 02:47:53,931 - Epoch 88: Training Loss: 0.330206, Validation Loss: 0.363591, Training Accuracy: 84.88, Validation Accuracy: 84.48, Learning Rate: 0.000044519851, Time: 38.98s
2025-06-05 02:48:30,162 - Epoch 89: Training Loss: 0.330300, Validation Loss: 0.365648, Training Accuracy: 83.85, Validation Accuracy: 83.45, Learning Rate: 0.000044336790, Time: 36.23s
2025-06-05 02:49:09,658 - Epoch 90: Training Loss: 0.328958, Validation Loss: 0.378404, Training Accuracy: 85.77, Validation Accuracy: 85.86, Learning Rate: 0.000044151111, Time: 39.50s
2025-06-05 02:49:48,563 - Epoch 91: Training Loss: 0.326867, Validation Loss: 0.379993, Training Accuracy: 84.66, Validation Accuracy: 83.45, Learning Rate: 0.000043962840, Time: 38.91s
2025-06-05 02:50:25,175 - Epoch 92: Training Loss: 0.323140, Validation Loss: 0.377069, Training Accuracy: 85.62, Validation Accuracy: 86.21, Learning Rate: 0.000043772001, Time: 36.61s
2025-06-05 02:51:03,319 - Epoch 93: Training Loss: 0.322055, Validation Loss: 0.363155, Training Accuracy: 85.91, Validation Accuracy: 85.17, Learning Rate: 0.000043578621, Time: 38.14s
2025-06-05 02:51:44,621 - Epoch 94: Training Loss: 0.326372, Validation Loss: 0.424559, Training Accuracy: 83.41, Validation Accuracy: 75.17, Learning Rate: 0.000043382725, Time: 41.30s
2025-06-05 02:52:22,248 - Epoch 95: Training Loss: 0.326082, Validation Loss: 0.381430, Training Accuracy: 84.22, Validation Accuracy: 83.79, Learning Rate: 0.000043184341, Time: 37.63s
2025-06-05 02:52:59,774 - Epoch 96: Training Loss: 0.319574, Validation Loss: 0.355781, Training Accuracy: 86.43, Validation Accuracy: 84.14, Learning Rate: 0.000042983495, Time: 37.53s
2025-06-05 02:53:37,650 - Epoch 97: Training Loss: 0.321037, Validation Loss: 0.356473, Training Accuracy: 85.47, Validation Accuracy: 84.48, Learning Rate: 0.000042780214, Time: 37.88s
2025-06-05 02:54:16,003 - Epoch 98: Training Loss: 0.320520, Validation Loss: 0.365598, Training Accuracy: 85.99, Validation Accuracy: 85.86, Learning Rate: 0.000042574526, Time: 38.35s
2025-06-05 02:54:53,843 - Epoch 99: Training Loss: 0.321777, Validation Loss: 0.373031, Training Accuracy: 85.55, Validation Accuracy: 84.48, Learning Rate: 0.000042366459, Time: 37.84s
2025-06-05 02:55:30,321 - Epoch 100: Training Loss: 0.318262, Validation Loss: 0.362933, Training Accuracy: 85.69, Validation Accuracy: 85.52, Learning Rate: 0.000042156041, Time: 36.48s
2025-06-05 02:56:06,185 - Epoch 101: Training Loss: 0.315620, Validation Loss: 0.350024, Training Accuracy: 85.77, Validation Accuracy: 83.79, Learning Rate: 0.000041943300, Time: 35.86s
2025-06-05 02:56:42,257 - Epoch 102: Training Loss: 0.318575, Validation Loss: 0.349726, Training Accuracy: 86.21, Validation Accuracy: 84.83, Learning Rate: 0.000041728265, Time: 36.07s
2025-06-05 02:57:17,170 - Epoch 103: Training Loss: 0.319530, Validation Loss: 0.348704, Training Accuracy: 86.43, Validation Accuracy: 83.45, Learning Rate: 0.000041510966, Time: 34.91s
2025-06-05 02:57:53,315 - Epoch 104: Training Loss: 0.317307, Validation Loss: 0.363821, Training Accuracy: 85.77, Validation Accuracy: 85.52, Learning Rate: 0.000041291431, Time: 36.14s
2025-06-05 02:58:30,729 - Epoch 105: Training Loss: 0.323656, Validation Loss: 0.398097, Training Accuracy: 84.07, Validation Accuracy: 83.45, Learning Rate: 0.000041069690, Time: 37.41s
2025-06-05 02:59:07,968 - Epoch 106: Training Loss: 0.316538, Validation Loss: 0.373417, Training Accuracy: 85.77, Validation Accuracy: 83.79, Learning Rate: 0.000040845774, Time: 37.24s
2025-06-05 02:59:46,508 - Epoch 107: Training Loss: 0.316450, Validation Loss: 0.350908, Training Accuracy: 84.73, Validation Accuracy: 83.79, Learning Rate: 0.000040619713, Time: 38.54s
2025-06-05 03:00:23,352 - Epoch 108: Training Loss: 0.313133, Validation Loss: 0.350826, Training Accuracy: 86.14, Validation Accuracy: 86.90, Learning Rate: 0.000040391537, Time: 36.84s
2025-06-05 03:01:01,823 - Epoch 109: Training Loss: 0.312193, Validation Loss: 0.364044, Training Accuracy: 86.43, Validation Accuracy: 83.79, Learning Rate: 0.000040161277, Time: 38.47s
2025-06-05 03:01:37,019 - Epoch 110: Training Loss: 0.311768, Validation Loss: 0.341458, Training Accuracy: 86.14, Validation Accuracy: 84.14, Learning Rate: 0.000039928965, Time: 35.20s
2025-06-05 03:02:15,342 - Epoch 111: Training Loss: 0.324410, Validation Loss: 0.342144, Training Accuracy: 84.14, Validation Accuracy: 84.14, Learning Rate: 0.000039694631, Time: 38.32s
2025-06-05 03:02:52,416 - Epoch 112: Training Loss: 0.312534, Validation Loss: 0.346753, Training Accuracy: 86.21, Validation Accuracy: 86.55, Learning Rate: 0.000039458308, Time: 37.07s
2025-06-05 03:03:29,011 - Epoch 113: Training Loss: 0.314078, Validation Loss: 0.353647, Training Accuracy: 86.21, Validation Accuracy: 85.17, Learning Rate: 0.000039220028, Time: 36.59s
2025-06-05 03:04:06,614 - Epoch 114: Training Loss: 0.308653, Validation Loss: 0.367394, Training Accuracy: 86.50, Validation Accuracy: 85.17, Learning Rate: 0.000038979823, Time: 37.60s
2025-06-05 03:04:42,845 - Epoch 115: Training Loss: 0.309999, Validation Loss: 0.369445, Training Accuracy: 85.77, Validation Accuracy: 84.48, Learning Rate: 0.000038737724, Time: 36.23s
2025-06-05 03:05:21,895 - Epoch 116: Training Loss: 0.309342, Validation Loss: 0.355106, Training Accuracy: 86.43, Validation Accuracy: 85.86, Learning Rate: 0.000038493766, Time: 39.05s
2025-06-05 03:05:59,515 - Epoch 117: Training Loss: 0.311589, Validation Loss: 0.345940, Training Accuracy: 85.77, Validation Accuracy: 86.21, Learning Rate: 0.000038247982, Time: 37.62s
2025-06-05 03:06:37,513 - Epoch 118: Training Loss: 0.316478, Validation Loss: 0.343032, Training Accuracy: 85.69, Validation Accuracy: 83.79, Learning Rate: 0.000038000403, Time: 38.00s
2025-06-05 03:07:14,438 - Epoch 119: Training Loss: 0.310587, Validation Loss: 0.351465, Training Accuracy: 85.55, Validation Accuracy: 85.86, Learning Rate: 0.000037751065, Time: 36.93s
2025-06-05 03:07:51,016 - Epoch 120: Training Loss: 0.307452, Validation Loss: 0.348302, Training Accuracy: 86.28, Validation Accuracy: 86.55, Learning Rate: 0.000037500000, Time: 36.58s
2025-06-05 03:08:27,484 - Epoch 121: Training Loss: 0.304891, Validation Loss: 0.336768, Training Accuracy: 85.99, Validation Accuracy: 87.24, Learning Rate: 0.000037247243, Time: 36.47s
2025-06-05 03:09:06,172 - Epoch 122: Training Loss: 0.305472, Validation Loss: 0.332813, Training Accuracy: 85.77, Validation Accuracy: 85.17, Learning Rate: 0.000036992828, Time: 38.69s
2025-06-05 03:09:43,317 - Epoch 123: Training Loss: 0.304945, Validation Loss: 0.339744, Training Accuracy: 85.55, Validation Accuracy: 86.55, Learning Rate: 0.000036736789, Time: 37.14s
2025-06-05 03:10:20,415 - Epoch 124: Training Loss: 0.303337, Validation Loss: 0.339073, Training Accuracy: 86.21, Validation Accuracy: 86.21, Learning Rate: 0.000036479161, Time: 37.10s
2025-06-05 03:10:59,577 - Epoch 125: Training Loss: 0.301955, Validation Loss: 0.364938, Training Accuracy: 85.69, Validation Accuracy: 84.48, Learning Rate: 0.000036219980, Time: 39.16s
2025-06-05 03:11:37,213 - Epoch 126: Training Loss: 0.307993, Validation Loss: 0.362775, Training Accuracy: 85.55, Validation Accuracy: 85.17, Learning Rate: 0.000035959279, Time: 37.64s
2025-06-05 03:12:14,765 - Epoch 127: Training Loss: 0.306748, Validation Loss: 0.329673, Training Accuracy: 85.99, Validation Accuracy: 85.86, Learning Rate: 0.000035697094, Time: 37.55s
2025-06-05 03:12:53,110 - Epoch 128: Training Loss: 0.304260, Validation Loss: 0.340650, Training Accuracy: 86.95, Validation Accuracy: 87.24, Learning Rate: 0.000035433461, Time: 38.34s
2025-06-05 03:13:31,310 - Epoch 129: Training Loss: 0.301458, Validation Loss: 0.339235, Training Accuracy: 86.50, Validation Accuracy: 86.90, Learning Rate: 0.000035168416, Time: 38.20s
2025-06-05 03:14:09,249 - Epoch 130: Training Loss: 0.300917, Validation Loss: 0.358686, Training Accuracy: 86.36, Validation Accuracy: 85.52, Learning Rate: 0.000034901994, Time: 37.94s
2025-06-05 03:14:47,940 - Epoch 131: Training Loss: 0.302223, Validation Loss: 0.344481, Training Accuracy: 86.21, Validation Accuracy: 86.21, Learning Rate: 0.000034634232, Time: 38.69s
2025-06-05 03:15:25,509 - Epoch 132: Training Loss: 0.299868, Validation Loss: 0.364450, Training Accuracy: 86.14, Validation Accuracy: 84.48, Learning Rate: 0.000034365165, Time: 37.57s
2025-06-05 03:16:00,419 - Epoch 133: Training Loss: 0.309555, Validation Loss: 0.347068, Training Accuracy: 84.29, Validation Accuracy: 86.55, Learning Rate: 0.000034094830, Time: 34.91s
2025-06-05 03:16:37,604 - Epoch 134: Training Loss: 0.299098, Validation Loss: 0.328865, Training Accuracy: 86.65, Validation Accuracy: 86.55, Learning Rate: 0.000033823264, Time: 37.18s
2025-06-05 03:17:14,217 - Epoch 135: Training Loss: 0.301092, Validation Loss: 0.345350, Training Accuracy: 86.43, Validation Accuracy: 85.52, Learning Rate: 0.000033550504, Time: 36.61s
2025-06-05 03:17:50,607 - Epoch 136: Training Loss: 0.308971, Validation Loss: 0.345684, Training Accuracy: 84.81, Validation Accuracy: 86.55, Learning Rate: 0.000033276585, Time: 36.39s
2025-06-05 03:18:27,552 - Epoch 137: Training Loss: 0.300667, Validation Loss: 0.334794, Training Accuracy: 85.18, Validation Accuracy: 86.21, Learning Rate: 0.000033001547, Time: 36.94s
2025-06-05 03:19:05,725 - Epoch 138: Training Loss: 0.299488, Validation Loss: 0.359117, Training Accuracy: 86.36, Validation Accuracy: 85.17, Learning Rate: 0.000032725425, Time: 38.17s
2025-06-05 03:19:42,070 - Epoch 139: Training Loss: 0.298061, Validation Loss: 0.348869, Training Accuracy: 87.02, Validation Accuracy: 85.86, Learning Rate: 0.000032448257, Time: 36.34s
2025-06-05 03:20:21,026 - Epoch 140: Training Loss: 0.299249, Validation Loss: 0.328973, Training Accuracy: 85.25, Validation Accuracy: 86.90, Learning Rate: 0.000032170081, Time: 38.96s
2025-06-05 03:20:56,316 - Epoch 141: Training Loss: 0.297740, Validation Loss: 0.328354, Training Accuracy: 86.80, Validation Accuracy: 86.90, Learning Rate: 0.000031890934, Time: 35.29s
2025-06-05 03:21:33,904 - Epoch 142: Training Loss: 0.296045, Validation Loss: 0.322289, Training Accuracy: 86.36, Validation Accuracy: 84.83, Learning Rate: 0.000031610854, Time: 37.59s
2025-06-05 03:22:10,404 - Epoch 143: Training Loss: 0.300315, Validation Loss: 0.321971, Training Accuracy: 86.65, Validation Accuracy: 86.21, Learning Rate: 0.000031329879, Time: 36.50s
2025-06-05 03:22:48,089 - Epoch 144: Training Loss: 0.296108, Validation Loss: 0.321457, Training Accuracy: 86.06, Validation Accuracy: 85.52, Learning Rate: 0.000031048047, Time: 37.68s
2025-06-05 03:23:25,739 - Epoch 145: Training Loss: 0.297225, Validation Loss: 0.323533, Training Accuracy: 86.36, Validation Accuracy: 86.90, Learning Rate: 0.000030765397, Time: 37.65s
2025-06-05 03:24:02,723 - Epoch 146: Training Loss: 0.296763, Validation Loss: 0.324929, Training Accuracy: 86.36, Validation Accuracy: 87.24, Learning Rate: 0.000030481966, Time: 36.98s
2025-06-05 03:24:41,440 - Epoch 147: Training Loss: 0.294712, Validation Loss: 0.328498, Training Accuracy: 86.14, Validation Accuracy: 87.24, Learning Rate: 0.000030197792, Time: 38.72s
2025-06-05 03:25:17,504 - Epoch 148: Training Loss: 0.294595, Validation Loss: 0.323537, Training Accuracy: 86.73, Validation Accuracy: 86.90, Learning Rate: 0.000029912915, Time: 36.06s
2025-06-05 03:25:54,831 - Epoch 149: Training Loss: 0.293340, Validation Loss: 0.319419, Training Accuracy: 86.73, Validation Accuracy: 84.83, Learning Rate: 0.000029627373, Time: 37.33s
2025-06-05 03:26:32,291 - Epoch 150: Training Loss: 0.297003, Validation Loss: 0.333312, Training Accuracy: 86.06, Validation Accuracy: 87.93, Learning Rate: 0.000029341204, Time: 37.46s
2025-06-05 03:27:09,262 - Epoch 151: Training Loss: 0.293490, Validation Loss: 0.333142, Training Accuracy: 86.73, Validation Accuracy: 88.28, Learning Rate: 0.000029054448, Time: 36.97s
2025-06-05 03:27:45,600 - Epoch 152: Training Loss: 0.294235, Validation Loss: 0.320980, Training Accuracy: 86.58, Validation Accuracy: 87.24, Learning Rate: 0.000028767143, Time: 36.34s
2025-06-05 03:28:23,821 - Epoch 153: Training Loss: 0.293220, Validation Loss: 0.324012, Training Accuracy: 86.36, Validation Accuracy: 86.55, Learning Rate: 0.000028479328, Time: 38.22s
2025-06-05 03:29:01,689 - Epoch 154: Training Loss: 0.292064, Validation Loss: 0.330632, Training Accuracy: 86.87, Validation Accuracy: 87.93, Learning Rate: 0.000028191041, Time: 37.87s
2025-06-05 03:29:37,721 - Epoch 155: Training Loss: 0.290778, Validation Loss: 0.333801, Training Accuracy: 86.65, Validation Accuracy: 87.24, Learning Rate: 0.000027902323, Time: 36.03s
2025-06-05 03:30:15,748 - Epoch 156: Training Loss: 0.293427, Validation Loss: 0.333925, Training Accuracy: 86.36, Validation Accuracy: 87.59, Learning Rate: 0.000027613212, Time: 38.03s
2025-06-05 03:30:52,485 - Epoch 157: Training Loss: 0.290469, Validation Loss: 0.315813, Training Accuracy: 85.62, Validation Accuracy: 85.86, Learning Rate: 0.000027323747, Time: 36.74s
2025-06-05 03:31:29,383 - Epoch 158: Training Loss: 0.290621, Validation Loss: 0.319494, Training Accuracy: 86.95, Validation Accuracy: 86.55, Learning Rate: 0.000027033967, Time: 36.90s
2025-06-05 03:32:05,896 - Epoch 159: Training Loss: 0.290038, Validation Loss: 0.314506, Training Accuracy: 86.50, Validation Accuracy: 86.90, Learning Rate: 0.000026743912, Time: 36.51s
2025-06-05 03:32:44,674 - Epoch 160: Training Loss: 0.292106, Validation Loss: 0.319011, Training Accuracy: 86.58, Validation Accuracy: 86.90, Learning Rate: 0.000026453621, Time: 38.78s
2025-06-05 03:33:20,820 - Epoch 161: Training Loss: 0.290111, Validation Loss: 0.335041, Training Accuracy: 86.73, Validation Accuracy: 87.24, Learning Rate: 0.000026163133, Time: 36.15s
2025-06-05 03:33:58,016 - Epoch 162: Training Loss: 0.291524, Validation Loss: 0.316420, Training Accuracy: 86.28, Validation Accuracy: 86.90, Learning Rate: 0.000025872487, Time: 37.20s
2025-06-05 03:34:35,852 - Epoch 163: Training Loss: 0.290931, Validation Loss: 0.318063, Training Accuracy: 86.28, Validation Accuracy: 86.90, Learning Rate: 0.000025581724, Time: 37.83s
2025-06-05 03:35:10,816 - Epoch 164: Training Loss: 0.289805, Validation Loss: 0.328218, Training Accuracy: 86.73, Validation Accuracy: 88.28, Learning Rate: 0.000025290882, Time: 34.96s
2025-06-05 03:35:46,994 - Epoch 165: Training Loss: 0.291067, Validation Loss: 0.315650, Training Accuracy: 86.80, Validation Accuracy: 86.55, Learning Rate: 0.000025000000, Time: 36.18s
2025-06-05 03:36:24,376 - Epoch 166: Training Loss: 0.288365, Validation Loss: 0.315524, Training Accuracy: 86.58, Validation Accuracy: 86.90, Learning Rate: 0.000024709118, Time: 37.38s
2025-06-05 03:37:03,463 - Epoch 167: Training Loss: 0.287572, Validation Loss: 0.337112, Training Accuracy: 86.21, Validation Accuracy: 86.55, Learning Rate: 0.000024418276, Time: 39.09s
2025-06-05 03:37:41,455 - Epoch 168: Training Loss: 0.290038, Validation Loss: 0.319377, Training Accuracy: 86.43, Validation Accuracy: 87.24, Learning Rate: 0.000024127513, Time: 37.99s
2025-06-05 03:38:19,658 - Epoch 169: Training Loss: 0.287519, Validation Loss: 0.329489, Training Accuracy: 86.95, Validation Accuracy: 87.93, Learning Rate: 0.000023836867, Time: 38.20s
2025-06-05 03:38:55,841 - Epoch 170: Training Loss: 0.290084, Validation Loss: 0.320976, Training Accuracy: 86.58, Validation Accuracy: 87.93, Learning Rate: 0.000023546379, Time: 36.18s
2025-06-05 03:39:32,906 - Epoch 171: Training Loss: 0.287768, Validation Loss: 0.312786, Training Accuracy: 86.95, Validation Accuracy: 86.21, Learning Rate: 0.000023256088, Time: 37.06s
2025-06-05 03:40:08,537 - Epoch 172: Training Loss: 0.287697, Validation Loss: 0.310013, Training Accuracy: 86.43, Validation Accuracy: 85.17, Learning Rate: 0.000022966033, Time: 35.63s
2025-06-05 03:40:47,929 - Epoch 173: Training Loss: 0.288998, Validation Loss: 0.319034, Training Accuracy: 86.28, Validation Accuracy: 87.93, Learning Rate: 0.000022676253, Time: 39.39s
2025-06-05 03:41:26,328 - Epoch 174: Training Loss: 0.290444, Validation Loss: 0.323285, Training Accuracy: 87.32, Validation Accuracy: 88.28, Learning Rate: 0.000022386788, Time: 38.40s
2025-06-05 03:42:03,025 - Epoch 175: Training Loss: 0.286966, Validation Loss: 0.321255, Training Accuracy: 87.17, Validation Accuracy: 88.62, Learning Rate: 0.000022097677, Time: 36.70s
2025-06-05 03:42:41,409 - Epoch 176: Training Loss: 0.283894, Validation Loss: 0.340368, Training Accuracy: 87.02, Validation Accuracy: 85.17, Learning Rate: 0.000021808959, Time: 38.38s
2025-06-05 03:43:18,725 - Epoch 177: Training Loss: 0.288651, Validation Loss: 0.309446, Training Accuracy: 86.43, Validation Accuracy: 86.90, Learning Rate: 0.000021520672, Time: 37.32s
2025-06-05 03:43:54,566 - Epoch 178: Training Loss: 0.287802, Validation Loss: 0.312696, Training Accuracy: 86.50, Validation Accuracy: 86.90, Learning Rate: 0.000021232857, Time: 35.84s
2025-06-05 03:44:31,638 - Epoch 179: Training Loss: 0.284974, Validation Loss: 0.314958, Training Accuracy: 86.65, Validation Accuracy: 87.59, Learning Rate: 0.000020945552, Time: 37.07s
2025-06-05 03:45:09,258 - Epoch 180: Training Loss: 0.287198, Validation Loss: 0.309597, Training Accuracy: 86.65, Validation Accuracy: 85.86, Learning Rate: 0.000020658796, Time: 37.62s
2025-06-05 03:45:45,308 - Epoch 181: Training Loss: 0.284284, Validation Loss: 0.326815, Training Accuracy: 86.95, Validation Accuracy: 88.28, Learning Rate: 0.000020372627, Time: 36.05s
2025-06-05 03:46:22,011 - Epoch 182: Training Loss: 0.286848, Validation Loss: 0.314252, Training Accuracy: 86.36, Validation Accuracy: 87.24, Learning Rate: 0.000020087085, Time: 36.70s
2025-06-05 03:47:01,203 - Epoch 183: Training Loss: 0.283991, Validation Loss: 0.314363, Training Accuracy: 86.80, Validation Accuracy: 87.24, Learning Rate: 0.000019802208, Time: 39.19s
2025-06-05 03:47:40,079 - Epoch 184: Training Loss: 0.284432, Validation Loss: 0.317103, Training Accuracy: 86.65, Validation Accuracy: 87.93, Learning Rate: 0.000019518034, Time: 38.88s
2025-06-05 03:48:15,443 - Epoch 185: Training Loss: 0.283937, Validation Loss: 0.308961, Training Accuracy: 86.95, Validation Accuracy: 86.90, Learning Rate: 0.000019234603, Time: 35.36s
2025-06-05 03:48:53,123 - Epoch 186: Training Loss: 0.284779, Validation Loss: 0.309323, Training Accuracy: 86.80, Validation Accuracy: 87.24, Learning Rate: 0.000018951953, Time: 37.68s
2025-06-05 03:49:31,376 - Epoch 187: Training Loss: 0.283662, Validation Loss: 0.327653, Training Accuracy: 86.65, Validation Accuracy: 87.24, Learning Rate: 0.000018670121, Time: 38.25s
2025-06-05 03:50:08,131 - Epoch 188: Training Loss: 0.282131, Validation Loss: 0.306631, Training Accuracy: 86.65, Validation Accuracy: 87.24, Learning Rate: 0.000018389146, Time: 36.76s
2025-06-05 03:50:44,520 - Epoch 189: Training Loss: 0.282445, Validation Loss: 0.324589, Training Accuracy: 87.32, Validation Accuracy: 87.59, Learning Rate: 0.000018109066, Time: 36.39s
2025-06-05 03:51:19,216 - Epoch 190: Training Loss: 0.281297, Validation Loss: 0.306857, Training Accuracy: 87.09, Validation Accuracy: 86.90, Learning Rate: 0.000017829919, Time: 34.70s
2025-06-05 03:51:56,221 - Epoch 191: Training Loss: 0.282955, Validation Loss: 0.311023, Training Accuracy: 86.87, Validation Accuracy: 87.24, Learning Rate: 0.000017551743, Time: 37.00s
2025-06-05 03:52:34,823 - Epoch 192: Training Loss: 0.284477, Validation Loss: 0.318669, Training Accuracy: 86.73, Validation Accuracy: 87.93, Learning Rate: 0.000017274575, Time: 38.60s
2025-06-05 03:53:12,345 - Epoch 193: Training Loss: 0.284135, Validation Loss: 0.336363, Training Accuracy: 86.50, Validation Accuracy: 85.86, Learning Rate: 0.000016998453, Time: 37.52s
2025-06-05 03:53:50,611 - Epoch 194: Training Loss: 0.287446, Validation Loss: 0.318174, Training Accuracy: 86.06, Validation Accuracy: 88.28, Learning Rate: 0.000016723415, Time: 38.27s
2025-06-05 03:54:30,276 - Epoch 195: Training Loss: 0.281725, Validation Loss: 0.304655, Training Accuracy: 86.36, Validation Accuracy: 86.55, Learning Rate: 0.000016449496, Time: 39.66s
2025-06-05 03:55:07,354 - Epoch 196: Training Loss: 0.282527, Validation Loss: 0.316944, Training Accuracy: 86.36, Validation Accuracy: 88.62, Learning Rate: 0.000016176736, Time: 37.08s
2025-06-05 03:55:44,273 - Epoch 197: Training Loss: 0.282156, Validation Loss: 0.304622, Training Accuracy: 86.65, Validation Accuracy: 86.90, Learning Rate: 0.000015905170, Time: 36.92s
2025-06-05 03:56:21,436 - Epoch 198: Training Loss: 0.284037, Validation Loss: 0.308713, Training Accuracy: 86.80, Validation Accuracy: 87.24, Learning Rate: 0.000015634835, Time: 37.16s
2025-06-05 03:56:57,629 - Epoch 199: Training Loss: 0.281289, Validation Loss: 0.307658, Training Accuracy: 86.73, Validation Accuracy: 86.90, Learning Rate: 0.000015365768, Time: 36.19s
2025-06-05 03:57:34,562 - Epoch 200: Training Loss: 0.284705, Validation Loss: 0.315065, Training Accuracy: 86.80, Validation Accuracy: 88.28, Learning Rate: 0.000015098006, Time: 36.93s
2025-06-05 03:58:11,507 - Epoch 201: Training Loss: 0.282394, Validation Loss: 0.317568, Training Accuracy: 87.68, Validation Accuracy: 88.28, Learning Rate: 0.000014831584, Time: 36.95s
2025-06-05 03:58:47,615 - Epoch 202: Training Loss: 0.281884, Validation Loss: 0.309269, Training Accuracy: 86.73, Validation Accuracy: 87.24, Learning Rate: 0.000014566539, Time: 36.11s
2025-06-05 03:59:22,708 - Epoch 203: Training Loss: 0.282452, Validation Loss: 0.308381, Training Accuracy: 86.95, Validation Accuracy: 87.24, Learning Rate: 0.000014302906, Time: 35.09s
2025-06-05 04:00:00,444 - Epoch 204: Training Loss: 0.280465, Validation Loss: 0.322793, Training Accuracy: 87.24, Validation Accuracy: 87.93, Learning Rate: 0.000014040721, Time: 37.74s
2025-06-05 04:00:37,446 - Epoch 205: Training Loss: 0.281216, Validation Loss: 0.309498, Training Accuracy: 86.95, Validation Accuracy: 87.59, Learning Rate: 0.000013780020, Time: 37.00s
2025-06-05 04:01:15,505 - Epoch 206: Training Loss: 0.280460, Validation Loss: 0.315434, Training Accuracy: 86.95, Validation Accuracy: 88.28, Learning Rate: 0.000013520839, Time: 38.06s
2025-06-05 04:01:51,251 - Epoch 207: Training Loss: 0.283038, Validation Loss: 0.306521, Training Accuracy: 85.99, Validation Accuracy: 87.24, Learning Rate: 0.000013263211, Time: 35.75s
2025-06-05 04:02:29,149 - Epoch 208: Training Loss: 0.284178, Validation Loss: 0.302196, Training Accuracy: 86.28, Validation Accuracy: 86.55, Learning Rate: 0.000013007172, Time: 37.90s
2025-06-05 04:03:08,736 - Epoch 209: Training Loss: 0.282103, Validation Loss: 0.322862, Training Accuracy: 86.95, Validation Accuracy: 87.93, Learning Rate: 0.000012752757, Time: 39.59s
2025-06-05 04:03:47,499 - Epoch 210: Training Loss: 0.279644, Validation Loss: 0.306830, Training Accuracy: 87.09, Validation Accuracy: 87.24, Learning Rate: 0.000012500000, Time: 38.76s
2025-06-05 04:04:24,783 - Epoch 211: Training Loss: 0.278870, Validation Loss: 0.310676, Training Accuracy: 87.24, Validation Accuracy: 87.93, Learning Rate: 0.000012248935, Time: 37.28s
2025-06-05 04:05:00,697 - Epoch 212: Training Loss: 0.280540, Validation Loss: 0.306050, Training Accuracy: 87.02, Validation Accuracy: 87.59, Learning Rate: 0.000011999597, Time: 35.91s
2025-06-05 04:05:38,832 - Epoch 213: Training Loss: 0.280540, Validation Loss: 0.303732, Training Accuracy: 86.65, Validation Accuracy: 87.93, Learning Rate: 0.000011752018, Time: 38.13s
2025-06-05 04:06:15,826 - Epoch 214: Training Loss: 0.279416, Validation Loss: 0.307268, Training Accuracy: 87.39, Validation Accuracy: 87.24, Learning Rate: 0.000011506234, Time: 36.99s
2025-06-05 04:06:51,096 - Epoch 215: Training Loss: 0.279302, Validation Loss: 0.311578, Training Accuracy: 87.02, Validation Accuracy: 87.93, Learning Rate: 0.000011262276, Time: 35.27s
2025-06-05 04:07:28,460 - Epoch 216: Training Loss: 0.279421, Validation Loss: 0.304310, Training Accuracy: 86.80, Validation Accuracy: 87.93, Learning Rate: 0.000011020177, Time: 37.36s
2025-06-05 04:08:06,309 - Epoch 217: Training Loss: 0.279184, Validation Loss: 0.305748, Training Accuracy: 86.80, Validation Accuracy: 87.93, Learning Rate: 0.000010779972, Time: 37.85s
2025-06-05 04:08:42,807 - Epoch 218: Training Loss: 0.278301, Validation Loss: 0.308826, Training Accuracy: 86.87, Validation Accuracy: 87.93, Learning Rate: 0.000010541692, Time: 36.50s
2025-06-05 04:09:20,322 - Epoch 219: Training Loss: 0.278162, Validation Loss: 0.304748, Training Accuracy: 87.24, Validation Accuracy: 87.59, Learning Rate: 0.000010305369, Time: 37.52s
2025-06-05 04:09:56,636 - Epoch 220: Training Loss: 0.279684, Validation Loss: 0.305776, Training Accuracy: 86.87, Validation Accuracy: 88.28, Learning Rate: 0.000010071035, Time: 36.31s
2025-06-05 04:10:34,765 - Epoch 221: Training Loss: 0.279281, Validation Loss: 0.301936, Training Accuracy: 87.02, Validation Accuracy: 87.24, Learning Rate: 0.000009838723, Time: 38.13s
2025-06-05 04:11:13,382 - Epoch 222: Training Loss: 0.279548, Validation Loss: 0.309555, Training Accuracy: 87.32, Validation Accuracy: 87.93, Learning Rate: 0.000009608463, Time: 38.62s
2025-06-05 04:11:52,234 - Epoch 223: Training Loss: 0.279241, Validation Loss: 0.312188, Training Accuracy: 86.73, Validation Accuracy: 87.93, Learning Rate: 0.000009380287, Time: 38.85s
2025-06-05 04:12:32,340 - Epoch 224: Training Loss: 0.276801, Validation Loss: 0.304968, Training Accuracy: 86.80, Validation Accuracy: 87.59, Learning Rate: 0.000009154226, Time: 40.11s
2025-06-05 04:13:10,826 - Epoch 225: Training Loss: 0.278034, Validation Loss: 0.305540, Training Accuracy: 87.09, Validation Accuracy: 87.24, Learning Rate: 0.000008930310, Time: 38.49s
2025-06-05 04:13:50,048 - Epoch 226: Training Loss: 0.279378, Validation Loss: 0.306472, Training Accuracy: 87.09, Validation Accuracy: 87.24, Learning Rate: 0.000008708569, Time: 39.22s
2025-06-05 04:14:29,183 - Epoch 227: Training Loss: 0.279824, Validation Loss: 0.309708, Training Accuracy: 87.39, Validation Accuracy: 87.93, Learning Rate: 0.000008489034, Time: 39.14s
2025-06-05 04:15:09,389 - Epoch 228: Training Loss: 0.277181, Validation Loss: 0.305150, Training Accuracy: 87.17, Validation Accuracy: 87.24, Learning Rate: 0.000008271735, Time: 40.21s
2025-06-05 04:15:48,785 - Epoch 229: Training Loss: 0.277157, Validation Loss: 0.306149, Training Accuracy: 87.61, Validation Accuracy: 87.93, Learning Rate: 0.000008056700, Time: 39.40s
2025-06-05 04:16:29,170 - Epoch 230: Training Loss: 0.278313, Validation Loss: 0.303357, Training Accuracy: 87.24, Validation Accuracy: 87.93, Learning Rate: 0.000007843959, Time: 40.38s
2025-06-05 04:17:12,628 - Epoch 231: Training Loss: 0.278499, Validation Loss: 0.312593, Training Accuracy: 87.02, Validation Accuracy: 88.28, Learning Rate: 0.000007633541, Time: 43.46s
2025-06-05 04:17:52,718 - Epoch 232: Training Loss: 0.277026, Validation Loss: 0.307614, Training Accuracy: 86.95, Validation Accuracy: 87.93, Learning Rate: 0.000007425474, Time: 40.09s
2025-06-05 04:18:31,951 - Epoch 233: Training Loss: 0.277383, Validation Loss: 0.305621, Training Accuracy: 86.95, Validation Accuracy: 88.28, Learning Rate: 0.000007219786, Time: 39.23s
2025-06-05 04:19:13,706 - Epoch 234: Training Loss: 0.275879, Validation Loss: 0.304766, Training Accuracy: 87.54, Validation Accuracy: 87.59, Learning Rate: 0.000007016505, Time: 41.76s
2025-06-05 04:19:50,225 - Epoch 235: Training Loss: 0.277961, Validation Loss: 0.306149, Training Accuracy: 87.09, Validation Accuracy: 87.93, Learning Rate: 0.000006815659, Time: 36.52s
2025-06-05 04:20:26,362 - Epoch 236: Training Loss: 0.277241, Validation Loss: 0.308125, Training Accuracy: 87.17, Validation Accuracy: 88.28, Learning Rate: 0.000006617275, Time: 36.14s
2025-06-05 04:21:03,929 - Epoch 237: Training Loss: 0.279123, Validation Loss: 0.310427, Training Accuracy: 86.87, Validation Accuracy: 87.93, Learning Rate: 0.000006421379, Time: 37.57s
2025-06-05 04:21:43,725 - Epoch 238: Training Loss: 0.278546, Validation Loss: 0.304270, Training Accuracy: 87.02, Validation Accuracy: 87.93, Learning Rate: 0.000006227999, Time: 39.80s
2025-06-05 04:22:20,873 - Epoch 239: Training Loss: 0.277765, Validation Loss: 0.306429, Training Accuracy: 86.87, Validation Accuracy: 87.93, Learning Rate: 0.000006037160, Time: 37.15s
2025-06-05 04:22:59,403 - Epoch 240: Training Loss: 0.276775, Validation Loss: 0.305562, Training Accuracy: 87.46, Validation Accuracy: 87.93, Learning Rate: 0.000005848889, Time: 38.53s
2025-06-05 04:23:36,649 - Epoch 241: Training Loss: 0.279188, Validation Loss: 0.305737, Training Accuracy: 86.36, Validation Accuracy: 87.93, Learning Rate: 0.000005663210, Time: 37.25s
2025-06-05 04:24:14,030 - Epoch 242: Training Loss: 0.275378, Validation Loss: 0.304094, Training Accuracy: 87.24, Validation Accuracy: 87.24, Learning Rate: 0.000005480149, Time: 37.38s
2025-06-05 04:24:50,812 - Epoch 243: Training Loss: 0.275404, Validation Loss: 0.308362, Training Accuracy: 86.50, Validation Accuracy: 87.59, Learning Rate: 0.000005299731, Time: 36.78s
2025-06-05 04:25:27,612 - Epoch 244: Training Loss: 0.277231, Validation Loss: 0.303219, Training Accuracy: 87.24, Validation Accuracy: 87.24, Learning Rate: 0.000005121980, Time: 36.80s
2025-06-05 04:26:05,515 - Epoch 245: Training Loss: 0.277609, Validation Loss: 0.305079, Training Accuracy: 87.46, Validation Accuracy: 87.93, Learning Rate: 0.000004946920, Time: 37.90s
2025-06-05 04:26:41,610 - Epoch 246: Training Loss: 0.277365, Validation Loss: 0.304681, Training Accuracy: 87.17, Validation Accuracy: 87.93, Learning Rate: 0.000004774575, Time: 36.10s
2025-06-05 04:27:18,336 - Epoch 247: Training Loss: 0.276701, Validation Loss: 0.303337, Training Accuracy: 87.61, Validation Accuracy: 87.24, Learning Rate: 0.000004604968, Time: 36.73s
2025-06-05 04:27:53,951 - Epoch 248: Training Loss: 0.276432, Validation Loss: 0.305879, Training Accuracy: 87.17, Validation Accuracy: 87.93, Learning Rate: 0.000004438123, Time: 35.61s
2025-06-05 04:28:32,736 - Epoch 249: Training Loss: 0.277387, Validation Loss: 0.304103, Training Accuracy: 87.32, Validation Accuracy: 87.93, Learning Rate: 0.000004274061, Time: 38.79s
2025-06-05 04:29:08,188 - Epoch 250: Training Loss: 0.275541, Validation Loss: 0.306339, Training Accuracy: 87.09, Validation Accuracy: 87.93, Learning Rate: 0.000004112805, Time: 35.45s
2025-06-05 04:29:46,477 - Epoch 251: Training Loss: 0.277125, Validation Loss: 0.303330, Training Accuracy: 87.09, Validation Accuracy: 87.24, Learning Rate: 0.000003954377, Time: 38.29s
2025-06-05 04:30:23,720 - Epoch 252: Training Loss: 0.276706, Validation Loss: 0.309172, Training Accuracy: 87.09, Validation Accuracy: 87.59, Learning Rate: 0.000003798798, Time: 37.24s
2025-06-05 04:31:03,009 - Epoch 253: Training Loss: 0.274947, Validation Loss: 0.304365, Training Accuracy: 86.80, Validation Accuracy: 88.28, Learning Rate: 0.000003646089, Time: 39.29s
2025-06-05 04:31:40,986 - Epoch 254: Training Loss: 0.275714, Validation Loss: 0.306946, Training Accuracy: 87.02, Validation Accuracy: 87.93, Learning Rate: 0.000003496271, Time: 37.98s
2025-06-05 04:32:19,052 - Epoch 255: Training Loss: 0.277767, Validation Loss: 0.303070, Training Accuracy: 87.17, Validation Accuracy: 87.24, Learning Rate: 0.000003349365, Time: 38.07s
2025-06-05 04:32:54,652 - Epoch 256: Training Loss: 0.275777, Validation Loss: 0.308173, Training Accuracy: 87.02, Validation Accuracy: 87.93, Learning Rate: 0.000003205390, Time: 35.60s
2025-06-05 04:33:33,059 - Epoch 257: Training Loss: 0.275884, Validation Loss: 0.304477, Training Accuracy: 87.17, Validation Accuracy: 87.93, Learning Rate: 0.000003064365, Time: 38.41s
2025-06-05 04:34:10,235 - Epoch 258: Training Loss: 0.274525, Validation Loss: 0.303461, Training Accuracy: 87.39, Validation Accuracy: 87.59, Learning Rate: 0.000002926310, Time: 37.18s
2025-06-05 04:34:47,059 - Epoch 259: Training Loss: 0.275422, Validation Loss: 0.305750, Training Accuracy: 87.17, Validation Accuracy: 87.93, Learning Rate: 0.000002791244, Time: 36.82s
2025-06-05 04:35:24,183 - Epoch 260: Training Loss: 0.276986, Validation Loss: 0.308930, Training Accuracy: 86.50, Validation Accuracy: 87.59, Learning Rate: 0.000002659184, Time: 37.12s
2025-06-05 04:36:02,814 - Epoch 261: Training Loss: 0.276636, Validation Loss: 0.301847, Training Accuracy: 87.46, Validation Accuracy: 87.59, Learning Rate: 0.000002530149, Time: 38.63s
2025-06-05 04:36:39,426 - Epoch 262: Training Loss: 0.276588, Validation Loss: 0.302860, Training Accuracy: 87.24, Validation Accuracy: 87.24, Learning Rate: 0.000002404156, Time: 36.61s
2025-06-05 04:37:15,288 - Epoch 263: Training Loss: 0.275780, Validation Loss: 0.304760, Training Accuracy: 87.46, Validation Accuracy: 87.93, Learning Rate: 0.000002281222, Time: 35.86s
2025-06-05 04:37:52,207 - Epoch 264: Training Loss: 0.276379, Validation Loss: 0.305494, Training Accuracy: 87.09, Validation Accuracy: 87.93, Learning Rate: 0.000002161364, Time: 36.92s
2025-06-05 04:38:28,715 - Epoch 265: Training Loss: 0.273797, Validation Loss: 0.304296, Training Accuracy: 87.39, Validation Accuracy: 87.93, Learning Rate: 0.000002044597, Time: 36.51s
2025-06-05 04:39:06,841 - Epoch 266: Training Loss: 0.276476, Validation Loss: 0.303346, Training Accuracy: 87.39, Validation Accuracy: 87.59, Learning Rate: 0.000001930939, Time: 38.13s
2025-06-05 04:39:42,852 - Epoch 267: Training Loss: 0.275895, Validation Loss: 0.305875, Training Accuracy: 87.39, Validation Accuracy: 87.93, Learning Rate: 0.000001820404, Time: 36.01s
2025-06-05 04:40:20,645 - Epoch 268: Training Loss: 0.276661, Validation Loss: 0.304283, Training Accuracy: 87.02, Validation Accuracy: 87.93, Learning Rate: 0.000001713007, Time: 37.79s
2025-06-05 04:40:56,205 - Epoch 269: Training Loss: 0.274282, Validation Loss: 0.305852, Training Accuracy: 87.17, Validation Accuracy: 87.93, Learning Rate: 0.000001608762, Time: 35.56s
2025-06-05 04:41:31,793 - Epoch 270: Training Loss: 0.275688, Validation Loss: 0.305474, Training Accuracy: 87.02, Validation Accuracy: 87.93, Learning Rate: 0.000001507684, Time: 35.59s
2025-06-05 04:42:07,902 - Epoch 271: Training Loss: 0.275252, Validation Loss: 0.304135, Training Accuracy: 87.24, Validation Accuracy: 87.93, Learning Rate: 0.000001409787, Time: 36.11s
2025-06-05 04:42:45,598 - Epoch 272: Training Loss: 0.273735, Validation Loss: 0.304462, Training Accuracy: 87.17, Validation Accuracy: 87.93, Learning Rate: 0.000001315084, Time: 37.70s
2025-06-05 04:43:23,325 - Epoch 273: Training Loss: 0.275387, Validation Loss: 0.303586, Training Accuracy: 87.54, Validation Accuracy: 87.59, Learning Rate: 0.000001223587, Time: 37.73s
2025-06-05 04:44:00,558 - Epoch 274: Training Loss: 0.275579, Validation Loss: 0.303366, Training Accuracy: 87.46, Validation Accuracy: 87.24, Learning Rate: 0.000001135309, Time: 37.23s
2025-06-05 04:44:36,268 - Epoch 275: Training Loss: 0.275257, Validation Loss: 0.304127, Training Accuracy: 87.46, Validation Accuracy: 87.93, Learning Rate: 0.000001050262, Time: 35.71s
2025-06-05 04:45:12,700 - Epoch 276: Training Loss: 0.274946, Validation Loss: 0.302979, Training Accuracy: 87.09, Validation Accuracy: 87.24, Learning Rate: 0.000000968458, Time: 36.43s
2025-06-05 04:45:49,523 - Epoch 277: Training Loss: 0.275622, Validation Loss: 0.304522, Training Accuracy: 87.17, Validation Accuracy: 87.93, Learning Rate: 0.000000889906, Time: 36.82s
2025-06-05 04:46:29,135 - Epoch 278: Training Loss: 0.274401, Validation Loss: 0.303267, Training Accuracy: 87.17, Validation Accuracy: 87.24, Learning Rate: 0.000000814620, Time: 39.61s
2025-06-05 04:47:05,564 - Epoch 279: Training Loss: 0.274997, Validation Loss: 0.303814, Training Accuracy: 87.39, Validation Accuracy: 87.93, Learning Rate: 0.000000742607, Time: 36.43s
2025-06-05 04:47:42,795 - Epoch 280: Training Loss: 0.275639, Validation Loss: 0.304033, Training Accuracy: 87.17, Validation Accuracy: 87.93, Learning Rate: 0.000000673878, Time: 37.23s
2025-06-05 04:48:19,152 - Epoch 281: Training Loss: 0.273479, Validation Loss: 0.303851, Training Accuracy: 87.46, Validation Accuracy: 87.93, Learning Rate: 0.000000608443, Time: 36.36s
2025-06-05 04:48:53,617 - Epoch 282: Training Loss: 0.275592, Validation Loss: 0.303585, Training Accuracy: 87.39, Validation Accuracy: 87.93, Learning Rate: 0.000000546310, Time: 34.46s
2025-06-05 04:49:31,903 - Epoch 283: Training Loss: 0.274944, Validation Loss: 0.303115, Training Accuracy: 87.24, Validation Accuracy: 87.24, Learning Rate: 0.000000487488, Time: 38.29s
2025-06-05 04:50:07,715 - Epoch 284: Training Loss: 0.275181, Validation Loss: 0.303269, Training Accuracy: 87.39, Validation Accuracy: 87.24, Learning Rate: 0.000000431984, Time: 35.81s
2025-06-05 04:50:45,232 - Epoch 285: Training Loss: 0.275871, Validation Loss: 0.303775, Training Accuracy: 87.54, Validation Accuracy: 87.93, Learning Rate: 0.000000379806, Time: 37.52s
2025-06-05 04:51:19,607 - Epoch 286: Training Loss: 0.275123, Validation Loss: 0.304015, Training Accuracy: 87.24, Validation Accuracy: 87.93, Learning Rate: 0.000000330962, Time: 34.38s
2025-06-05 04:51:57,105 - Epoch 287: Training Loss: 0.276498, Validation Loss: 0.304447, Training Accuracy: 87.17, Validation Accuracy: 87.93, Learning Rate: 0.000000285457, Time: 37.50s
2025-06-05 04:52:33,307 - Epoch 288: Training Loss: 0.275165, Validation Loss: 0.304628, Training Accuracy: 87.24, Validation Accuracy: 87.93, Learning Rate: 0.000000243298, Time: 36.20s
2025-06-05 04:53:12,330 - Epoch 289: Training Loss: 0.274980, Validation Loss: 0.304392, Training Accuracy: 87.24, Validation Accuracy: 87.93, Learning Rate: 0.000000204491, Time: 39.02s
2025-06-05 04:53:50,933 - Epoch 290: Training Loss: 0.274890, Validation Loss: 0.304715, Training Accuracy: 87.24, Validation Accuracy: 87.93, Learning Rate: 0.000000169041, Time: 38.60s
2025-06-05 04:54:28,203 - Epoch 291: Training Loss: 0.274931, Validation Loss: 0.304785, Training Accuracy: 87.39, Validation Accuracy: 87.93, Learning Rate: 0.000000136953, Time: 37.27s
2025-06-05 04:55:03,785 - Epoch 292: Training Loss: 0.275342, Validation Loss: 0.304656, Training Accuracy: 87.32, Validation Accuracy: 87.93, Learning Rate: 0.000000108230, Time: 35.58s
2025-06-05 04:55:40,312 - Epoch 293: Training Loss: 0.275757, Validation Loss: 0.304542, Training Accuracy: 87.02, Validation Accuracy: 87.93, Learning Rate: 0.000000082878, Time: 36.53s
2025-06-05 04:56:15,804 - Epoch 294: Training Loss: 0.275803, Validation Loss: 0.304406, Training Accuracy: 87.39, Validation Accuracy: 87.93, Learning Rate: 0.000000060899, Time: 35.49s
2025-06-05 04:56:52,873 - Epoch 295: Training Loss: 0.274835, Validation Loss: 0.304406, Training Accuracy: 87.17, Validation Accuracy: 87.93, Learning Rate: 0.000000042296, Time: 37.07s
2025-06-05 04:57:27,464 - Epoch 296: Training Loss: 0.275475, Validation Loss: 0.304345, Training Accuracy: 87.32, Validation Accuracy: 87.93, Learning Rate: 0.000000027072, Time: 34.59s
2025-06-05 04:58:02,898 - Epoch 297: Training Loss: 0.274639, Validation Loss: 0.304397, Training Accuracy: 87.17, Validation Accuracy: 87.93, Learning Rate: 0.000000015229, Time: 35.43s
2025-06-05 04:58:39,220 - Epoch 298: Training Loss: 0.275555, Validation Loss: 0.304372, Training Accuracy: 87.39, Validation Accuracy: 87.93, Learning Rate: 0.000000006769, Time: 36.32s
2025-06-05 04:59:14,518 - Epoch 299: Training Loss: 0.275170, Validation Loss: 0.304369, Training Accuracy: 87.46, Validation Accuracy: 87.93, Learning Rate: 0.000000001692, Time: 35.30s
2025-06-05 04:59:50,646 - Epoch 300: Training Loss: 0.276414, Validation Loss: 0.304370, Training Accuracy: 86.95, Validation Accuracy: 87.93, Learning Rate: 0.000000000000, Time: 36.13s
2025-06-05 04:59:50,646 - Total training time: 3h 4m 11s
2025-06-05 04:59:50,685 - Final model saved.
2025-06-05 04:59:50,999 - Evaluation started.
2025-06-05 04:59:58,455 - Test accuracy: 87.93103448275862%
2025-06-05 04:59:58,465 - False positive rate: 3.793103448275862%
2025-06-05 04:59:58,465 - Training and evaluation complete. Logs saved to training.log in /data/ckpt-cloud-classification-baseline-1024 directory.
