2025-06-05 02:17:27,370 - Script started.
2025-06-05 02:17:27,466 - Using device: cuda
2025-06-05 02:17:27,487 - Loaded training dataset with 1356 samples.
2025-06-05 02:17:27,487 - Loaded validation dataset with 290 samples.
2025-06-05 02:17:27,487 - Loaded testing dataset with 406 samples.
2025-06-05 02:17:28,313 - Encoder initialized.
2025-06-05 02:17:28,315 - Encoder has 19,217,408 parameters.
2025-06-05 02:17:28,627 - Loaded checkpoint from /data/ckpt-distillation-256/student-final.pt.
2025-06-05 02:17:28,639 - Decoder initialized.
2025-06-05 02:17:28,639 - Decoder has 726,002 parameters.
2025-06-05 02:17:28,640 - Training started.
2025-06-05 02:17:28,640 - Training Parameters - Batch Size: 32, Epochs: 120, Encoder embed_dim: 256
2025-06-05 02:30:38,449 - Epoch: 1 Iter: 43/43 Time: 789.81 OA: 54.93 mIoU: 27.53 CE_loss: 0.765 LR: 0.000005083333
2025-06-05 02:34:09,794 - --non-cloud Precision: 0.00
2025-06-05 02:34:09,794 - --non-cloud Recall: 0.00
2025-06-05 02:34:09,794 - --non-cloud IoU: 0.00
2025-06-05 02:34:09,794 - --non-cloud F1: 0.00
2025-06-05 02:34:09,795 - --cloud Precision: 54.18
2025-06-05 02:34:09,795 - --cloud Recall: 100.00
2025-06-05 02:34:09,795 - --cloud IoU: 54.18
2025-06-05 02:34:09,795 - --cloud F1: 70.28
2025-06-05 02:34:09,795 - --- mIoU: 27.09 mean F1: 35.14 OA: 54.18 ACC (cloud): 54.18 FP (cloud): 45.82
2025-06-05 02:34:09,832 - Best model saved with mean F1: 35.14
2025-06-05 02:46:13,558 - Epoch: 2 Iter: 43/43 Time: 723.73 OA: 54.69 mIoU: 27.40 CE_loss: 0.760 LR: 0.000009166667
2025-06-05 02:50:37,292 - --non-cloud Precision: 25.60
2025-06-05 02:50:37,293 - --non-cloud Recall: 0.01
2025-06-05 02:50:37,293 - --non-cloud IoU: 0.01
2025-06-05 02:50:37,293 - --non-cloud F1: 0.01
2025-06-05 02:50:37,293 - --cloud Precision: 54.18
2025-06-05 02:50:37,293 - --cloud Recall: 99.98
2025-06-05 02:50:37,293 - --cloud IoU: 54.17
2025-06-05 02:50:37,293 - --cloud F1: 70.27
2025-06-05 02:50:37,294 - --- mIoU: 27.09 mean F1: 35.14 OA: 54.17 ACC (cloud): 54.17 FP (cloud): 45.82
2025-06-05 02:50:37,334 - Best model saved with mean F1: 35.14
2025-06-05 03:03:41,167 - Epoch: 3 Iter: 43/43 Time: 783.83 OA: 54.90 mIoU: 27.50 CE_loss: 0.750 LR: 0.000013250000
2025-06-05 03:08:12,490 - --non-cloud Precision: 76.47
2025-06-05 03:08:12,490 - --non-cloud Recall: 0.20
2025-06-05 03:08:12,490 - --non-cloud IoU: 0.20
2025-06-05 03:08:12,490 - --non-cloud F1: 0.39
2025-06-05 03:08:12,491 - --cloud Precision: 54.22
2025-06-05 03:08:12,491 - --cloud Recall: 99.95
2025-06-05 03:08:12,491 - --cloud IoU: 54.20
2025-06-05 03:08:12,491 - --cloud F1: 70.30
2025-06-05 03:08:12,491 - --- mIoU: 27.20 mean F1: 35.35 OA: 54.24 ACC (cloud): 54.24 FP (cloud): 45.73
2025-06-05 03:08:12,530 - Best model saved with mean F1: 35.35
2025-06-05 03:20:56,163 - Epoch: 4 Iter: 43/43 Time: 763.63 OA: 55.68 mIoU: 27.94 CE_loss: 0.741 LR: 0.000017333333
2025-06-05 03:25:33,889 - --non-cloud Precision: 91.39
2025-06-05 03:25:33,889 - --non-cloud Recall: 1.44
2025-06-05 03:25:33,889 - --non-cloud IoU: 1.44
2025-06-05 03:25:33,890 - --non-cloud F1: 2.83
2025-06-05 03:25:33,890 - --cloud Precision: 54.51
2025-06-05 03:25:33,890 - --cloud Recall: 99.89
2025-06-05 03:25:33,890 - --cloud IoU: 54.48
2025-06-05 03:25:33,890 - --cloud F1: 70.53
2025-06-05 03:25:33,890 - --- mIoU: 27.96 mean F1: 36.68 OA: 54.78 ACC (cloud): 54.78 FP (cloud): 45.16
2025-06-05 03:25:33,927 - Best model saved with mean F1: 36.68
2025-06-05 03:38:17,448 - Epoch: 5 Iter: 43/43 Time: 763.52 OA: 56.91 mIoU: 28.66 CE_loss: 0.733 LR: 0.000021416667
2025-06-05 03:42:57,800 - --non-cloud Precision: 92.76
2025-06-05 03:42:57,801 - --non-cloud Recall: 3.75
2025-06-05 03:42:57,801 - --non-cloud IoU: 3.74
2025-06-05 03:42:57,801 - --non-cloud F1: 7.22
2025-06-05 03:42:57,801 - --cloud Precision: 55.07
2025-06-05 03:42:57,801 - --cloud Recall: 99.75
2025-06-05 03:42:57,801 - --cloud IoU: 54.99
2025-06-05 03:42:57,801 - --cloud F1: 70.96
2025-06-05 03:42:57,801 - --- mIoU: 29.37 mean F1: 39.09 OA: 55.77 ACC (cloud): 55.77 FP (cloud): 44.10
2025-06-05 03:42:57,845 - Best model saved with mean F1: 39.09
2025-06-05 03:55:50,345 - Epoch: 6 Iter: 43/43 Time: 772.50 OA: 58.44 mIoU: 31.40 CE_loss: 0.726 LR: 0.000025500000
2025-06-05 04:00:39,710 - --non-cloud Precision: 93.63
2025-06-05 04:00:39,711 - --non-cloud Recall: 7.43
2025-06-05 04:00:39,711 - --non-cloud IoU: 7.39
2025-06-05 04:00:39,711 - --non-cloud F1: 13.77
2025-06-05 04:00:39,711 - --cloud Precision: 55.98
2025-06-05 04:00:39,711 - --cloud Recall: 99.57
2025-06-05 04:00:39,711 - --cloud IoU: 55.85
2025-06-05 04:00:39,711 - --cloud F1: 71.67
2025-06-05 04:00:39,711 - --- mIoU: 31.62 mean F1: 42.72 OA: 57.35 ACC (cloud): 57.35 FP (cloud): 42.41
2025-06-05 04:00:39,752 - Best model saved with mean F1: 42.72
2025-06-05 04:13:27,301 - Epoch: 7 Iter: 43/43 Time: 767.55 OA: 59.17 mIoU: 37.02 CE_loss: 0.721 LR: 0.000029583333
2025-06-05 04:18:34,711 - --non-cloud Precision: 93.32
2025-06-05 04:18:34,711 - --non-cloud Recall: 12.99
2025-06-05 04:18:34,711 - --non-cloud IoU: 12.87
2025-06-05 04:18:34,711 - --non-cloud F1: 22.80
2025-06-05 04:18:34,712 - --cloud Precision: 57.41
2025-06-05 04:18:34,712 - --cloud Recall: 99.21
2025-06-05 04:18:34,712 - --cloud IoU: 57.15
2025-06-05 04:18:34,712 - --cloud F1: 72.74
2025-06-05 04:18:34,712 - --- mIoU: 35.01 mean F1: 47.77 OA: 59.70 ACC (cloud): 59.70 FP (cloud): 39.87
2025-06-05 04:18:34,748 - Best model saved with mean F1: 47.77
2025-06-05 04:31:51,850 - Epoch: 8 Iter: 43/43 Time: 797.10 OA: 60.26 mIoU: 41.45 CE_loss: 0.713 LR: 0.000033666667
2025-06-05 04:36:32,376 - --non-cloud Precision: 94.32
2025-06-05 04:36:32,376 - --non-cloud Recall: 15.08
2025-06-05 04:36:32,376 - --non-cloud IoU: 14.95
2025-06-05 04:36:32,376 - --non-cloud F1: 26.01
2025-06-05 04:36:32,376 - --cloud Precision: 58.02
2025-06-05 04:36:32,376 - --cloud Recall: 99.23
2025-06-05 04:36:32,376 - --cloud IoU: 57.76
2025-06-05 04:36:32,376 - --cloud F1: 73.22
2025-06-05 04:36:32,377 - --- mIoU: 36.35 mean F1: 49.62 OA: 60.68 ACC (cloud): 60.68 FP (cloud): 38.91
2025-06-05 04:36:32,418 - Best model saved with mean F1: 49.62
2025-06-05 04:49:26,702 - Epoch: 9 Iter: 43/43 Time: 774.28 OA: 61.30 mIoU: 45.48 CE_loss: 0.703 LR: 0.000037750000
2025-06-05 04:53:53,578 - --non-cloud Precision: 94.88
2025-06-05 04:53:53,579 - --non-cloud Recall: 18.66
2025-06-05 04:53:53,579 - --non-cloud IoU: 18.47
2025-06-05 04:53:53,579 - --non-cloud F1: 31.18
2025-06-05 04:53:53,579 - --cloud Precision: 59.04
2025-06-05 04:53:53,579 - --cloud Recall: 99.15
2025-06-05 04:53:53,579 - --cloud IoU: 58.74
2025-06-05 04:53:53,579 - --cloud F1: 74.01
2025-06-05 04:53:53,580 - --- mIoU: 38.61 mean F1: 52.59 OA: 62.27 ACC (cloud): 62.27 FP (cloud): 37.27
2025-06-05 04:53:53,617 - Best model saved with mean F1: 52.59
2025-06-05 05:07:11,451 - Epoch: 10 Iter: 43/43 Time: 797.83 OA: 62.19 mIoU: 46.87 CE_loss: 0.692 LR: 0.000041833333
2025-06-05 05:11:41,395 - --non-cloud Precision: 95.02
2025-06-05 05:11:41,396 - --non-cloud Recall: 20.43
2025-06-05 05:11:41,396 - --non-cloud IoU: 20.21
2025-06-05 05:11:41,396 - --non-cloud F1: 33.62
2025-06-05 05:11:41,396 - --cloud Precision: 59.56
2025-06-05 05:11:41,396 - --cloud Recall: 99.09
2025-06-05 05:11:41,396 - --cloud IoU: 59.23
2025-06-05 05:11:41,396 - --cloud F1: 74.40
2025-06-05 05:11:41,396 - --- mIoU: 39.72 mean F1: 54.01 OA: 63.05 ACC (cloud): 63.05 FP (cloud): 36.46
2025-06-05 05:11:41,435 - Best model saved with mean F1: 54.01
2025-06-05 05:24:28,906 - Epoch: 11 Iter: 43/43 Time: 767.47 OA: 62.87 mIoU: 48.27 CE_loss: 0.682 LR: 0.000045916667
2025-06-05 05:28:54,375 - --non-cloud Precision: 94.94
2025-06-05 05:28:54,375 - --non-cloud Recall: 24.28
2025-06-05 05:28:54,375 - --non-cloud IoU: 23.97
2025-06-05 05:28:54,375 - --non-cloud F1: 38.67
2025-06-05 05:28:54,376 - --cloud Precision: 60.70
2025-06-05 05:28:54,376 - --cloud Recall: 98.91
2025-06-05 05:28:54,376 - --cloud IoU: 60.30
2025-06-05 05:28:54,376 - --cloud F1: 75.23
2025-06-05 05:28:54,376 - --- mIoU: 42.13 mean F1: 56.95 OA: 64.71 ACC (cloud): 64.71 FP (cloud): 34.69
2025-06-05 05:28:54,426 - Best model saved with mean F1: 56.95
2025-06-05 05:41:54,749 - Epoch: 12 Iter: 43/43 Time: 780.32 OA: 64.11 mIoU: 50.13 CE_loss: 0.671 LR: 0.000050000000
2025-06-05 05:46:51,894 - --non-cloud Precision: 94.13
2025-06-05 05:46:51,894 - --non-cloud Recall: 27.76
2025-06-05 05:46:51,894 - --non-cloud IoU: 27.29
2025-06-05 05:46:51,894 - --non-cloud F1: 42.88
2025-06-05 05:46:51,895 - --cloud Precision: 61.73
2025-06-05 05:46:51,895 - --cloud Recall: 98.53
2025-06-05 05:46:51,895 - --cloud IoU: 61.17
2025-06-05 05:46:51,895 - --cloud F1: 75.91
2025-06-05 05:46:51,895 - --- mIoU: 44.23 mean F1: 59.39 OA: 66.11 ACC (cloud): 66.11 FP (cloud): 33.10
2025-06-05 05:46:51,936 - Best model saved with mean F1: 59.39
2025-06-05 06:00:08,050 - Epoch: 13 Iter: 43/43 Time: 796.11 OA: 64.88 mIoU: 51.06 CE_loss: 0.659 LR: 0.000049989424
2025-06-05 06:04:15,314 - --non-cloud Precision: 92.83
2025-06-05 06:04:15,314 - --non-cloud Recall: 30.75
2025-06-05 06:04:15,314 - --non-cloud IoU: 30.03
2025-06-05 06:04:15,314 - --non-cloud F1: 46.19
2025-06-05 06:04:15,315 - --cloud Precision: 62.59
2025-06-05 06:04:15,315 - --cloud Recall: 97.99
2025-06-05 06:04:15,315 - --cloud IoU: 61.80
2025-06-05 06:04:15,315 - --cloud F1: 76.39
2025-06-05 06:04:15,315 - --- mIoU: 45.92 mean F1: 61.29 OA: 67.18 ACC (cloud): 67.18 FP (cloud): 31.73
2025-06-05 06:04:15,355 - Best model saved with mean F1: 61.29
2025-06-05 06:17:17,046 - Epoch: 14 Iter: 43/43 Time: 781.69 OA: 65.75 mIoU: 51.08 CE_loss: 0.647 LR: 0.000049957704
2025-06-05 06:21:50,097 - --non-cloud Precision: 90.91
2025-06-05 06:21:50,097 - --non-cloud Recall: 33.69
2025-06-05 06:21:50,097 - --non-cloud IoU: 32.59
2025-06-05 06:21:50,097 - --non-cloud F1: 49.16
2025-06-05 06:21:50,097 - --cloud Precision: 63.40
2025-06-05 06:21:50,097 - --cloud Recall: 97.15
2025-06-05 06:21:50,097 - --cloud IoU: 62.25
2025-06-05 06:21:50,098 - --cloud F1: 76.73
2025-06-05 06:21:50,098 - --- mIoU: 47.42 mean F1: 62.95 OA: 68.07 ACC (cloud): 68.07 FP (cloud): 30.38
2025-06-05 06:21:50,201 - Best model saved with mean F1: 62.95
2025-06-05 06:33:39,438 - Epoch: 15 Iter: 43/43 Time: 709.24 OA: 66.53 mIoU: 51.26 CE_loss: 0.635 LR: 0.000049904867
2025-06-05 06:37:40,486 - --non-cloud Precision: 91.37
2025-06-05 06:37:40,486 - --non-cloud Recall: 34.24
2025-06-05 06:37:40,486 - --non-cloud IoU: 33.17
2025-06-05 06:37:40,486 - --non-cloud F1: 49.81
2025-06-05 06:37:40,486 - --cloud Precision: 63.62
2025-06-05 06:37:40,486 - --cloud Recall: 97.26
2025-06-05 06:37:40,486 - --cloud IoU: 62.50
2025-06-05 06:37:40,486 - --cloud F1: 76.93
2025-06-05 06:37:40,486 - --- mIoU: 47.84 mean F1: 63.37 OA: 68.39 ACC (cloud): 68.39 FP (cloud): 30.13
2025-06-05 06:37:40,525 - Best model saved with mean F1: 63.37
2025-06-05 06:49:46,965 - Epoch: 16 Iter: 43/43 Time: 726.44 OA: 67.41 mIoU: 52.24 CE_loss: 0.622 LR: 0.000049830959
2025-06-05 06:54:52,796 - --non-cloud Precision: 91.18
2025-06-05 06:54:52,796 - --non-cloud Recall: 33.43
2025-06-05 06:54:52,796 - --non-cloud IoU: 32.39
2025-06-05 06:54:52,796 - --non-cloud F1: 48.93
2025-06-05 06:54:52,796 - --cloud Precision: 63.34
2025-06-05 06:54:52,796 - --cloud Recall: 97.27
2025-06-05 06:54:52,796 - --cloud IoU: 62.23
2025-06-05 06:54:52,796 - --cloud F1: 76.72
2025-06-05 06:54:52,797 - --- mIoU: 47.31 mean F1: 62.82 OA: 68.02 ACC (cloud): 68.02 FP (cloud): 30.50
2025-06-05 07:07:59,166 - Epoch: 17 Iter: 43/43 Time: 786.37 OA: 67.69 mIoU: 52.15 CE_loss: 0.612 LR: 0.000049736041
2025-06-05 07:13:19,522 - --non-cloud Precision: 92.19
2025-06-05 07:13:19,523 - --non-cloud Recall: 33.06
2025-06-05 07:13:19,523 - --non-cloud IoU: 32.16
2025-06-05 07:13:19,523 - --non-cloud F1: 48.66
2025-06-05 07:13:19,523 - --cloud Precision: 63.30
2025-06-05 07:13:19,523 - --cloud Recall: 97.63
2025-06-05 07:13:19,523 - --cloud IoU: 62.34
2025-06-05 07:13:19,523 - --cloud F1: 76.80
2025-06-05 07:13:19,523 - --- mIoU: 47.25 mean F1: 62.73 OA: 68.04 ACC (cloud): 68.04 FP (cloud): 30.67
2025-06-05 07:26:30,540 - Epoch: 18 Iter: 43/43 Time: 791.02 OA: 68.34 mIoU: 52.55 CE_loss: 0.602 LR: 0.000049620194
2025-06-05 07:32:02,509 - --non-cloud Precision: 91.34
2025-06-05 07:32:02,509 - --non-cloud Recall: 33.39
2025-06-05 07:32:02,509 - --non-cloud IoU: 32.36
2025-06-05 07:32:02,509 - --non-cloud F1: 48.90
2025-06-05 07:32:02,509 - --cloud Precision: 63.34
2025-06-05 07:32:02,509 - --cloud Recall: 97.32
2025-06-05 07:32:02,509 - --cloud IoU: 62.25
2025-06-05 07:32:02,510 - --cloud F1: 76.74
2025-06-05 07:32:02,510 - --- mIoU: 47.31 mean F1: 62.82 OA: 68.03 ACC (cloud): 68.03 FP (cloud): 30.52
2025-06-05 07:45:00,356 - Epoch: 19 Iter: 43/43 Time: 777.85 OA: 69.91 mIoU: 53.94 CE_loss: 0.588 LR: 0.000049483516
2025-06-05 07:50:12,021 - --non-cloud Precision: 92.09
2025-06-05 07:50:12,022 - --non-cloud Recall: 36.71
2025-06-05 07:50:12,022 - --non-cloud IoU: 35.59
2025-06-05 07:50:12,022 - --non-cloud F1: 52.50
2025-06-05 07:50:12,022 - --cloud Precision: 64.52
2025-06-05 07:50:12,023 - --cloud Recall: 97.33
2025-06-05 07:50:12,023 - --cloud IoU: 63.40
2025-06-05 07:50:12,023 - --cloud F1: 77.60
2025-06-05 07:50:12,023 - --- mIoU: 49.50 mean F1: 65.05 OA: 69.56 ACC (cloud): 69.56 FP (cloud): 29.00
2025-06-05 07:50:12,062 - Best model saved with mean F1: 65.05
2025-06-05 08:03:36,759 - Epoch: 20 Iter: 43/43 Time: 804.70 OA: 71.76 mIoU: 54.11 CE_loss: 0.578 LR: 0.000049326122
2025-06-05 08:09:15,803 - --non-cloud Precision: 92.13
2025-06-05 08:09:15,803 - --non-cloud Recall: 41.28
2025-06-05 08:09:15,803 - --non-cloud IoU: 39.87
2025-06-05 08:09:15,803 - --non-cloud F1: 57.01
2025-06-05 08:09:15,803 - --cloud Precision: 66.14
2025-06-05 08:09:15,803 - --cloud Recall: 97.02
2025-06-05 08:09:15,803 - --cloud IoU: 64.83
2025-06-05 08:09:15,803 - --cloud F1: 78.66
2025-06-05 08:09:15,803 - --- mIoU: 52.35 mean F1: 67.84 OA: 71.48 ACC (cloud): 71.48 FP (cloud): 26.91
2025-06-05 08:09:15,849 - Best model saved with mean F1: 67.84
2025-06-05 08:22:41,865 - Epoch: 21 Iter: 43/43 Time: 806.02 OA: 74.15 mIoU: 55.67 CE_loss: 0.568 LR: 0.000049148146
2025-06-05 08:28:15,692 - --non-cloud Precision: 92.47
2025-06-05 08:28:15,692 - --non-cloud Recall: 59.24
2025-06-05 08:28:15,692 - --non-cloud IoU: 56.51
2025-06-05 08:28:15,692 - --non-cloud F1: 72.21
2025-06-05 08:28:15,692 - --cloud Precision: 73.56
2025-06-05 08:28:15,692 - --cloud Recall: 95.92
2025-06-05 08:28:15,692 - --cloud IoU: 71.33
2025-06-05 08:28:15,693 - --cloud F1: 83.27
2025-06-05 08:28:15,693 - --- mIoU: 63.92 mean F1: 77.74 OA: 79.11 ACC (cloud): 79.11 FP (cloud): 18.68
2025-06-05 08:28:15,735 - Best model saved with mean F1: 77.74
2025-06-05 08:41:53,876 - Epoch: 22 Iter: 43/43 Time: 818.14 OA: 76.19 mIoU: 57.55 CE_loss: 0.556 LR: 0.000048949738
2025-06-05 08:47:37,101 - --non-cloud Precision: 92.97
2025-06-05 08:47:37,102 - --non-cloud Recall: 63.39
2025-06-05 08:47:37,102 - --non-cloud IoU: 60.49
2025-06-05 08:47:37,102 - --non-cloud F1: 75.38
2025-06-05 08:47:37,102 - --cloud Precision: 75.60
2025-06-05 08:47:37,102 - --cloud Recall: 95.94
2025-06-05 08:47:37,102 - --cloud IoU: 73.26
2025-06-05 08:47:37,102 - --cloud F1: 84.57
2025-06-05 08:47:37,102 - --- mIoU: 66.88 mean F1: 79.97 OA: 81.03 ACC (cloud): 81.03 FP (cloud): 16.77
2025-06-05 08:47:37,153 - Best model saved with mean F1: 79.97
2025-06-05 09:01:06,250 - Epoch: 23 Iter: 43/43 Time: 809.10 OA: 77.64 mIoU: 57.70 CE_loss: 0.549 LR: 0.000048731066
2025-06-05 09:06:42,807 - --non-cloud Precision: 95.12
2025-06-05 09:06:42,807 - --non-cloud Recall: 59.52
2025-06-05 09:06:42,807 - --non-cloud IoU: 57.76
2025-06-05 09:06:42,807 - --non-cloud F1: 73.23
2025-06-05 09:06:42,807 - --cloud Precision: 74.00
2025-06-05 09:06:42,807 - --cloud Recall: 97.42
2025-06-05 09:06:42,807 - --cloud IoU: 72.58
2025-06-05 09:06:42,807 - --cloud F1: 84.11
2025-06-05 09:06:42,807 - --- mIoU: 65.17 mean F1: 78.67 OA: 80.06 ACC (cloud): 80.06 FP (cloud): 18.55
2025-06-05 09:20:15,540 - Epoch: 24 Iter: 43/43 Time: 812.73 OA: 78.83 mIoU: 58.47 CE_loss: 0.538 LR: 0.000048492316
2025-06-05 09:25:56,899 - --non-cloud Precision: 94.16
2025-06-05 09:25:56,900 - --non-cloud Recall: 64.98
2025-06-05 09:25:56,900 - --non-cloud IoU: 62.46
2025-06-05 09:25:56,900 - --non-cloud F1: 76.90
2025-06-05 09:25:56,900 - --cloud Precision: 76.53
2025-06-05 09:25:56,900 - --cloud Recall: 96.59
2025-06-05 09:25:56,900 - --cloud IoU: 74.52
2025-06-05 09:25:56,900 - --cloud F1: 85.40
2025-06-05 09:25:56,900 - --- mIoU: 68.49 mean F1: 81.15 OA: 82.11 ACC (cloud): 82.11 FP (cloud): 16.05
2025-06-05 09:25:56,933 - Best model saved with mean F1: 81.15
2025-06-05 09:39:19,862 - Epoch: 25 Iter: 43/43 Time: 802.93 OA: 80.19 mIoU: 59.74 CE_loss: 0.528 LR: 0.000048233688
2025-06-05 09:44:58,120 - --non-cloud Precision: 92.20
2025-06-05 09:44:58,120 - --non-cloud Recall: 67.92
2025-06-05 09:44:58,120 - --non-cloud IoU: 64.23
2025-06-05 09:44:58,120 - --non-cloud F1: 78.22
2025-06-05 09:44:58,120 - --cloud Precision: 77.81
2025-06-05 09:44:58,120 - --cloud Recall: 95.14
2025-06-05 09:44:58,120 - --cloud IoU: 74.84
2025-06-05 09:44:58,121 - --cloud F1: 85.61
2025-06-05 09:44:58,121 - --- mIoU: 69.54 mean F1: 81.91 OA: 82.67 ACC (cloud): 82.67 FP (cloud): 14.70
2025-06-05 09:44:58,161 - Best model saved with mean F1: 81.91
2025-06-05 09:58:19,947 - Epoch: 26 Iter: 43/43 Time: 801.79 OA: 81.27 mIoU: 59.94 CE_loss: 0.520 LR: 0.000047955403
2025-06-05 10:02:25,496 - --non-cloud Precision: 90.50
2025-06-05 10:02:25,496 - --non-cloud Recall: 72.91
2025-06-05 10:02:25,496 - --non-cloud IoU: 67.73
2025-06-05 10:02:25,496 - --non-cloud F1: 80.76
2025-06-05 10:02:25,497 - --cloud Precision: 80.32
2025-06-05 10:02:25,497 - --cloud Recall: 93.53
2025-06-05 10:02:25,497 - --cloud IoU: 76.09
2025-06-05 10:02:25,497 - --cloud F1: 86.42
2025-06-05 10:02:25,497 - --- mIoU: 71.91 mean F1: 83.59 OA: 84.08 ACC (cloud): 84.08 FP (cloud): 12.41
2025-06-05 10:02:25,531 - Best model saved with mean F1: 83.59
2025-06-05 10:14:15,268 - Epoch: 27 Iter: 43/43 Time: 709.74 OA: 81.03 mIoU: 60.56 CE_loss: 0.506 LR: 0.000047657695
2025-06-05 10:18:17,102 - --non-cloud Precision: 91.48
2025-06-05 10:18:17,102 - --non-cloud Recall: 72.09
2025-06-05 10:18:17,103 - --non-cloud IoU: 67.55
2025-06-05 10:18:17,103 - --non-cloud F1: 80.63
2025-06-05 10:18:17,103 - --cloud Precision: 79.98
2025-06-05 10:18:17,103 - --cloud Recall: 94.32
2025-06-05 10:18:17,103 - --cloud IoU: 76.31
2025-06-05 10:18:17,103 - --cloud F1: 86.56
2025-06-05 10:18:17,103 - --- mIoU: 71.93 mean F1: 83.60 OA: 84.13 ACC (cloud): 84.13 FP (cloud): 12.79
2025-06-05 10:18:17,145 - Best model saved with mean F1: 83.60
2025-06-05 10:30:18,847 - Epoch: 28 Iter: 43/43 Time: 721.70 OA: 81.82 mIoU: 60.55 CE_loss: 0.496 LR: 0.000047340816
2025-06-05 10:34:18,296 - --non-cloud Precision: 91.35
2025-06-05 10:34:18,296 - --non-cloud Recall: 70.27
2025-06-05 10:34:18,296 - --non-cloud IoU: 65.88
2025-06-05 10:34:18,296 - --non-cloud F1: 79.43
2025-06-05 10:34:18,296 - --cloud Precision: 78.96
2025-06-05 10:34:18,296 - --cloud Recall: 94.37
2025-06-05 10:34:18,296 - --cloud IoU: 75.41
2025-06-05 10:34:18,296 - --cloud F1: 85.98
2025-06-05 10:34:18,296 - --- mIoU: 70.65 mean F1: 82.71 OA: 83.33 ACC (cloud): 83.33 FP (cloud): 13.62
2025-06-05 10:45:58,222 - Epoch: 29 Iter: 43/43 Time: 699.93 OA: 82.50 mIoU: 60.54 CE_loss: 0.489 LR: 0.000047005035
2025-06-05 10:49:34,787 - --non-cloud Precision: 93.35
2025-06-05 10:49:34,788 - --non-cloud Recall: 69.83
2025-06-05 10:49:34,788 - --non-cloud IoU: 66.52
2025-06-05 10:49:34,788 - --non-cloud F1: 79.89
2025-06-05 10:49:34,788 - --cloud Precision: 78.97
2025-06-05 10:49:34,788 - --cloud Recall: 95.79
2025-06-05 10:49:34,788 - --cloud IoU: 76.32
2025-06-05 10:49:34,788 - --cloud F1: 86.57
2025-06-05 10:49:34,788 - --- mIoU: 71.42 mean F1: 83.23 OA: 83.90 ACC (cloud): 83.90 FP (cloud): 13.82
2025-06-05 11:01:16,700 - Epoch: 30 Iter: 43/43 Time: 701.91 OA: 81.84 mIoU: 59.55 CE_loss: 0.484 LR: 0.000046650635
2025-06-05 11:05:00,795 - --non-cloud Precision: 88.73
2025-06-05 11:05:00,795 - --non-cloud Recall: 72.46
2025-06-05 11:05:00,796 - --non-cloud IoU: 66.35
2025-06-05 11:05:00,796 - --non-cloud F1: 79.77
2025-06-05 11:05:00,796 - --cloud Precision: 79.84
2025-06-05 11:05:00,872 - --cloud Recall: 92.22
2025-06-05 11:05:00,872 - --cloud IoU: 74.80
2025-06-05 11:05:00,872 - --cloud F1: 85.58
2025-06-05 11:05:00,873 - --- mIoU: 70.57 mean F1: 82.68 OA: 83.16 ACC (cloud): 83.16 FP (cloud): 12.62
2025-06-05 11:16:52,235 - Epoch: 31 Iter: 43/43 Time: 711.36 OA: 82.27 mIoU: 60.22 CE_loss: 0.473 LR: 0.000046277917
2025-06-05 11:20:34,675 - --non-cloud Precision: 89.77
2025-06-05 11:20:34,675 - --non-cloud Recall: 71.91
2025-06-05 11:20:34,675 - --non-cloud IoU: 66.47
2025-06-05 11:20:34,675 - --non-cloud F1: 79.86
2025-06-05 11:20:34,675 - --cloud Precision: 79.67
2025-06-05 11:20:34,675 - --cloud Recall: 93.07
2025-06-05 11:20:34,675 - --cloud IoU: 75.21
2025-06-05 11:20:34,675 - --cloud F1: 85.85
2025-06-05 11:20:34,675 - --- mIoU: 70.84 mean F1: 82.85 OA: 83.38 ACC (cloud): 83.38 FP (cloud): 12.87
2025-06-05 11:32:13,134 - Epoch: 32 Iter: 43/43 Time: 698.46 OA: 82.85 mIoU: 60.19 CE_loss: 0.465 LR: 0.000045887195
2025-06-05 11:35:57,086 - --non-cloud Precision: 91.45
2025-06-05 11:35:57,086 - --non-cloud Recall: 72.50
2025-06-05 11:35:57,086 - --non-cloud IoU: 67.90
2025-06-05 11:35:57,087 - --non-cloud F1: 80.88
2025-06-05 11:35:57,087 - --cloud Precision: 80.21
2025-06-05 11:35:57,087 - --cloud Recall: 94.27
2025-06-05 11:35:57,087 - --cloud IoU: 76.48
2025-06-05 11:35:57,087 - --cloud F1: 86.67
2025-06-05 11:35:57,087 - --- mIoU: 72.19 mean F1: 83.78 OA: 84.29 ACC (cloud): 84.29 FP (cloud): 12.60
2025-06-05 11:35:57,124 - Best model saved with mean F1: 83.78
2025-06-05 11:48:07,150 - Epoch: 33 Iter: 43/43 Time: 730.03 OA: 82.67 mIoU: 60.93 CE_loss: 0.451 LR: 0.000045478801
2025-06-05 11:52:39,439 - --non-cloud Precision: 88.06
2025-06-05 11:52:39,439 - --non-cloud Recall: 76.56
2025-06-05 11:52:39,439 - --non-cloud IoU: 69.36
2025-06-05 11:52:39,439 - --non-cloud F1: 81.91
2025-06-05 11:52:39,439 - --cloud Precision: 82.15
2025-06-05 11:52:39,439 - --cloud Recall: 91.22
2025-06-05 11:52:39,439 - --cloud IoU: 76.13
2025-06-05 11:52:39,439 - --cloud F1: 86.45
2025-06-05 11:52:39,440 - --- mIoU: 72.75 mean F1: 84.18 OA: 84.50 ACC (cloud): 84.50 FP (cloud): 10.74
2025-06-05 11:52:39,477 - Best model saved with mean F1: 84.18
2025-06-05 12:05:50,965 - Epoch: 34 Iter: 43/43 Time: 791.49 OA: 83.29 mIoU: 60.25 CE_loss: 0.450 LR: 0.000045053080
2025-06-05 12:10:22,992 - --non-cloud Precision: 85.80
2025-06-05 12:10:22,993 - --non-cloud Recall: 78.24
2025-06-05 12:10:22,993 - --non-cloud IoU: 69.27
2025-06-05 12:10:22,993 - --non-cloud F1: 81.85
2025-06-05 12:10:22,993 - --cloud Precision: 82.88
2025-06-05 12:10:22,993 - --cloud Recall: 89.05
2025-06-05 12:10:22,993 - --cloud IoU: 75.21
2025-06-05 12:10:22,993 - --cloud F1: 85.85
2025-06-05 12:10:22,993 - --- mIoU: 72.24 mean F1: 83.85 OA: 84.10 ACC (cloud): 84.10 FP (cloud): 9.97
2025-06-05 12:23:11,867 - Epoch: 35 Iter: 43/43 Time: 768.87 OA: 83.11 mIoU: 60.93 CE_loss: 0.438 LR: 0.000044610392
2025-06-05 12:27:29,274 - --non-cloud Precision: 90.20
2025-06-05 12:27:29,275 - --non-cloud Recall: 75.05
2025-06-05 12:27:29,275 - --non-cloud IoU: 69.39
2025-06-05 12:27:29,275 - --non-cloud F1: 81.93
2025-06-05 12:27:29,275 - --cloud Precision: 81.52
2025-06-05 12:27:29,275 - --cloud Recall: 93.10
2025-06-05 12:27:29,275 - --cloud IoU: 76.88
2025-06-05 12:27:29,275 - --cloud F1: 86.93
2025-06-05 12:27:29,275 - --- mIoU: 73.13 mean F1: 84.43 OA: 84.83 ACC (cloud): 84.83 FP (cloud): 11.43
2025-06-05 12:27:29,315 - Best model saved with mean F1: 84.43
2025-06-05 12:40:25,851 - Epoch: 36 Iter: 43/43 Time: 776.54 OA: 83.18 mIoU: 60.20 CE_loss: 0.432 LR: 0.000044151111
2025-06-05 12:45:01,811 - --non-cloud Precision: 90.37
2025-06-05 12:45:01,812 - --non-cloud Recall: 76.23
2025-06-05 12:45:01,812 - --non-cloud IoU: 70.50
2025-06-05 12:45:01,812 - --non-cloud F1: 82.70
2025-06-05 12:45:01,812 - --cloud Precision: 82.25
2025-06-05 12:45:01,812 - --cloud Recall: 93.13
2025-06-05 12:45:01,812 - --cloud IoU: 77.54
2025-06-05 12:45:01,812 - --cloud F1: 87.35
2025-06-05 12:45:01,812 - --- mIoU: 74.02 mean F1: 85.02 OA: 85.38 ACC (cloud): 85.38 FP (cloud): 10.89
2025-06-05 12:45:01,852 - Best model saved with mean F1: 85.02
2025-06-05 12:58:05,941 - Epoch: 37 Iter: 43/43 Time: 784.09 OA: 84.70 mIoU: 60.06 CE_loss: 0.424 LR: 0.000043675627
2025-06-05 13:02:56,214 - --non-cloud Precision: 84.69
2025-06-05 13:02:56,214 - --non-cloud Recall: 79.76
2025-06-05 13:02:56,214 - --non-cloud IoU: 69.71
2025-06-05 13:02:56,214 - --non-cloud F1: 82.15
2025-06-05 13:02:56,214 - --cloud Precision: 83.69
2025-06-05 13:02:56,214 - --cloud Recall: 87.80
2025-06-05 13:02:56,214 - --cloud IoU: 74.97
2025-06-05 13:02:56,214 - --cloud F1: 85.70
2025-06-05 13:02:56,214 - --- mIoU: 72.34 mean F1: 83.92 OA: 84.12 ACC (cloud): 84.12 FP (cloud): 9.27
2025-06-05 13:16:04,944 - Epoch: 38 Iter: 43/43 Time: 788.73 OA: 84.14 mIoU: 60.39 CE_loss: 0.412 LR: 0.000043184341
2025-06-05 13:20:39,696 - --non-cloud Precision: 88.78
2025-06-05 13:20:39,697 - --non-cloud Recall: 78.43
2025-06-05 13:20:39,697 - --non-cloud IoU: 71.35
2025-06-05 13:20:39,697 - --non-cloud F1: 83.28
2025-06-05 13:20:39,697 - --cloud Precision: 83.39
2025-06-05 13:20:39,697 - --cloud Recall: 91.62
2025-06-05 13:20:39,697 - --cloud IoU: 77.48
2025-06-05 13:20:39,697 - --cloud F1: 87.31
2025-06-05 13:20:39,697 - --- mIoU: 74.42 mean F1: 85.30 OA: 85.57 ACC (cloud): 85.57 FP (cloud): 9.88
2025-06-05 13:20:39,735 - Best model saved with mean F1: 85.30
2025-06-05 13:33:31,075 - Epoch: 39 Iter: 43/43 Time: 771.34 OA: 84.53 mIoU: 59.66 CE_loss: 0.414 LR: 0.000042677670
2025-06-05 13:38:05,275 - --non-cloud Precision: 89.53
2025-06-05 13:38:05,275 - --non-cloud Recall: 77.38
2025-06-05 13:38:05,275 - --non-cloud IoU: 70.96
2025-06-05 13:38:05,275 - --non-cloud F1: 83.01
2025-06-05 13:38:05,275 - --cloud Precision: 82.84
2025-06-05 13:38:05,275 - --cloud Recall: 92.35
2025-06-05 13:38:05,275 - --cloud IoU: 77.52
2025-06-05 13:38:05,275 - --cloud F1: 87.34
2025-06-05 13:38:05,275 - --- mIoU: 74.24 mean F1: 85.18 OA: 85.49 ACC (cloud): 85.49 FP (cloud): 10.36
2025-06-05 13:50:57,121 - Epoch: 40 Iter: 43/43 Time: 771.84 OA: 83.21 mIoU: 59.11 CE_loss: 0.412 LR: 0.000042156041
2025-06-05 13:55:07,292 - --non-cloud Precision: 87.25
2025-06-05 13:55:07,292 - --non-cloud Recall: 80.58
2025-06-05 13:55:07,292 - --non-cloud IoU: 72.09
2025-06-05 13:55:07,292 - --non-cloud F1: 83.78
2025-06-05 13:55:07,292 - --cloud Precision: 84.57
2025-06-05 13:55:07,292 - --cloud Recall: 90.05
2025-06-05 13:55:07,292 - --cloud IoU: 77.34
2025-06-05 13:55:07,292 - --cloud F1: 87.22
2025-06-05 13:55:07,292 - --- mIoU: 74.72 mean F1: 85.50 OA: 85.71 ACC (cloud): 85.71 FP (cloud): 8.90
2025-06-05 13:55:07,328 - Best model saved with mean F1: 85.50
2025-06-05 14:06:50,253 - Epoch: 41 Iter: 43/43 Time: 702.92 OA: 84.96 mIoU: 50.16 CE_loss: 0.399 LR: 0.000041619897
2025-06-05 14:10:40,489 - --non-cloud Precision: 76.04
2025-06-05 14:10:40,489 - --non-cloud Recall: 96.83
2025-06-05 14:10:40,489 - --non-cloud IoU: 74.20
2025-06-05 14:10:40,489 - --non-cloud F1: 85.19
2025-06-05 14:10:40,489 - --cloud Precision: 96.52
2025-06-05 14:10:40,490 - --cloud Recall: 74.20
2025-06-05 14:10:40,490 - --cloud IoU: 72.26
2025-06-05 14:10:40,490 - --cloud F1: 83.90
2025-06-05 14:10:40,490 - --- mIoU: 73.23 mean F1: 84.54 OA: 84.57 ACC (cloud): 84.57 FP (cloud): 1.45
2025-06-05 14:22:40,262 - Epoch: 42 Iter: 43/43 Time: 719.77 OA: 85.13 mIoU: 48.85 CE_loss: 0.393 LR: 0.000041069690
2025-06-05 14:28:04,205 - --non-cloud Precision: 81.86
2025-06-05 14:28:04,205 - --non-cloud Recall: 96.11
2025-06-05 14:28:04,205 - --non-cloud IoU: 79.24
2025-06-05 14:28:04,205 - --non-cloud F1: 88.42
2025-06-05 14:28:04,206 - --cloud Precision: 96.15
2025-06-05 14:28:04,206 - --cloud Recall: 81.99
2025-06-05 14:28:04,206 - --cloud IoU: 79.38
2025-06-05 14:28:04,206 - --cloud F1: 88.51
2025-06-05 14:28:04,206 - --- mIoU: 79.31 mean F1: 88.46 OA: 88.46 ACC (cloud): 88.46 FP (cloud): 1.78
2025-06-05 14:28:04,250 - Best model saved with mean F1: 88.46
2025-06-05 14:41:20,063 - Epoch: 43 Iter: 43/43 Time: 795.81 OA: 85.33 mIoU: 50.06 CE_loss: 0.391 LR: 0.000040505887
2025-06-05 14:46:59,617 - --non-cloud Precision: 77.10
2025-06-05 14:46:59,618 - --non-cloud Recall: 95.77
2025-06-05 14:46:59,618 - --non-cloud IoU: 74.56
2025-06-05 14:46:59,618 - --non-cloud F1: 85.43
2025-06-05 14:46:59,619 - --cloud Precision: 95.50
2025-06-05 14:46:59,619 - --cloud Recall: 75.95
2025-06-05 14:46:59,619 - --cloud IoU: 73.32
2025-06-05 14:46:59,619 - --cloud F1: 84.61
2025-06-05 14:46:59,619 - --- mIoU: 73.94 mean F1: 85.02 OA: 85.03 ACC (cloud): 85.03 FP (cloud): 1.94
2025-06-05 15:00:25,336 - Epoch: 44 Iter: 43/43 Time: 805.72 OA: 84.79 mIoU: 49.88 CE_loss: 0.387 LR: 0.000039928965
2025-06-05 15:06:02,817 - --non-cloud Precision: 81.89
2025-06-05 15:06:02,818 - --non-cloud Recall: 94.93
2025-06-05 15:06:02,818 - --non-cloud IoU: 78.46
2025-06-05 15:06:02,818 - --non-cloud F1: 87.93
2025-06-05 15:06:02,818 - --cloud Precision: 95.04
2025-06-05 15:06:02,818 - --cloud Recall: 82.25
2025-06-05 15:06:02,818 - --cloud IoU: 78.87
2025-06-05 15:06:02,818 - --cloud F1: 88.19
2025-06-05 15:06:02,819 - --- mIoU: 78.66 mean F1: 88.06 OA: 88.06 ACC (cloud): 88.06 FP (cloud): 2.33
2025-06-05 15:19:29,852 - Epoch: 45 Iter: 43/43 Time: 807.03 OA: 85.72 mIoU: 51.06 CE_loss: 0.374 LR: 0.000039339411
2025-06-05 15:25:14,917 - --non-cloud Precision: 80.12
2025-06-05 15:25:14,918 - --non-cloud Recall: 94.70
2025-06-05 15:25:14,918 - --non-cloud IoU: 76.68
2025-06-05 15:25:14,918 - --non-cloud F1: 86.80
2025-06-05 15:25:14,918 - --cloud Precision: 94.70
2025-06-05 15:25:14,918 - --cloud Recall: 80.13
2025-06-05 15:25:14,918 - --cloud IoU: 76.69
2025-06-05 15:25:14,918 - --cloud F1: 86.81
2025-06-05 15:25:14,918 - --- mIoU: 76.69 mean F1: 86.81 OA: 86.81 ACC (cloud): 86.81 FP (cloud): 2.43
2025-06-05 15:38:47,462 - Epoch: 46 Iter: 43/43 Time: 812.54 OA: 84.91 mIoU: 49.98 CE_loss: 0.372 LR: 0.000038737724
2025-06-05 15:44:12,597 - --non-cloud Precision: 79.34
2025-06-05 15:44:12,598 - --non-cloud Recall: 94.84
2025-06-05 15:44:12,598 - --non-cloud IoU: 76.06
2025-06-05 15:44:12,598 - --non-cloud F1: 86.40
2025-06-05 15:44:12,598 - --cloud Precision: 94.77
2025-06-05 15:44:12,598 - --cloud Recall: 79.11
2025-06-05 15:44:12,598 - --cloud IoU: 75.80
2025-06-05 15:44:12,598 - --cloud F1: 86.24
2025-06-05 15:44:12,598 - --- mIoU: 75.93 mean F1: 86.32 OA: 86.32 ACC (cloud): 86.32 FP (cloud): 2.36
2025-06-05 15:57:19,565 - Epoch: 47 Iter: 43/43 Time: 786.97 OA: 84.26 mIoU: 49.64 CE_loss: 0.371 LR: 0.000038124415
2025-06-05 16:02:48,403 - --non-cloud Precision: 81.30
2025-06-05 16:02:48,403 - --non-cloud Recall: 95.41
2025-06-05 16:02:48,403 - --non-cloud IoU: 78.24
2025-06-05 16:02:48,403 - --non-cloud F1: 87.79
2025-06-05 16:02:48,403 - --cloud Precision: 95.45
2025-06-05 16:02:48,404 - --cloud Recall: 81.44
2025-06-05 16:02:48,404 - --cloud IoU: 78.40
2025-06-05 16:02:48,404 - --cloud F1: 87.89
2025-06-05 16:02:48,404 - --- mIoU: 78.32 mean F1: 87.84 OA: 87.84 ACC (cloud): 87.84 FP (cloud): 2.10
2025-06-05 16:16:22,463 - Epoch: 48 Iter: 43/43 Time: 814.06 OA: 84.89 mIoU: 50.88 CE_loss: 0.366 LR: 0.000037500000
2025-06-05 16:21:57,203 - --non-cloud Precision: 82.62
2025-06-05 16:21:57,203 - --non-cloud Recall: 91.76
2025-06-05 16:21:57,203 - --non-cloud IoU: 76.91
2025-06-05 16:21:57,203 - --non-cloud F1: 86.95
2025-06-05 16:21:57,203 - --cloud Precision: 92.31
2025-06-05 16:21:57,203 - --cloud Recall: 83.67
2025-06-05 16:21:57,203 - --cloud IoU: 78.22
2025-06-05 16:21:57,203 - --cloud F1: 87.78
2025-06-05 16:21:57,203 - --- mIoU: 77.57 mean F1: 87.37 OA: 87.38 ACC (cloud): 87.38 FP (cloud): 3.77
2025-06-05 16:35:34,363 - Epoch: 49 Iter: 43/43 Time: 817.16 OA: 85.08 mIoU: 51.85 CE_loss: 0.363 LR: 0.000036865009
2025-06-05 16:41:00,898 - --non-cloud Precision: 82.43
2025-06-05 16:41:00,898 - --non-cloud Recall: 95.27
2025-06-05 16:41:00,898 - --non-cloud IoU: 79.19
2025-06-05 16:41:00,898 - --non-cloud F1: 88.39
2025-06-05 16:41:00,899 - --cloud Precision: 95.39
2025-06-05 16:41:00,899 - --cloud Recall: 82.83
2025-06-05 16:41:00,899 - --cloud IoU: 79.64
2025-06-05 16:41:00,899 - --cloud F1: 88.67
2025-06-05 16:41:00,899 - --- mIoU: 79.42 mean F1: 88.53 OA: 88.53 ACC (cloud): 88.53 FP (cloud): 2.17
2025-06-05 16:41:00,945 - Best model saved with mean F1: 88.53
2025-06-05 16:54:20,006 - Epoch: 50 Iter: 43/43 Time: 799.06 OA: 84.96 mIoU: 50.28 CE_loss: 0.362 LR: 0.000036219980
2025-06-05 16:59:47,698 - --non-cloud Precision: 80.13
2025-06-05 16:59:47,699 - --non-cloud Recall: 96.75
2025-06-05 16:59:47,699 - --non-cloud IoU: 78.03
2025-06-05 16:59:47,699 - --non-cloud F1: 87.66
2025-06-05 16:59:47,699 - --cloud Precision: 96.66
2025-06-05 16:59:47,699 - --cloud Recall: 79.71
2025-06-05 16:59:47,699 - --cloud IoU: 77.58
2025-06-05 16:59:47,699 - --cloud F1: 87.37
2025-06-05 16:59:47,699 - --- mIoU: 77.80 mean F1: 87.52 OA: 87.52 ACC (cloud): 87.52 FP (cloud): 1.49
2025-06-05 17:13:07,545 - Epoch: 51 Iter: 43/43 Time: 799.85 OA: 84.96 mIoU: 51.43 CE_loss: 0.356 LR: 0.000035565457
2025-06-05 17:18:45,685 - --non-cloud Precision: 81.28
2025-06-05 17:18:45,685 - --non-cloud Recall: 95.98
2025-06-05 17:18:45,685 - --non-cloud IoU: 78.60
2025-06-05 17:18:45,685 - --non-cloud F1: 88.02
2025-06-05 17:18:45,685 - --cloud Precision: 95.98
2025-06-05 17:18:45,685 - --cloud Recall: 81.30
2025-06-05 17:18:45,685 - --cloud IoU: 78.63
2025-06-05 17:18:45,685 - --cloud F1: 88.03
2025-06-05 17:18:45,685 - --- mIoU: 78.61 mean F1: 88.03 OA: 88.03 ACC (cloud): 88.03 FP (cloud): 1.84
2025-06-05 17:32:17,964 - Epoch: 52 Iter: 43/43 Time: 812.28 OA: 86.05 mIoU: 52.80 CE_loss: 0.347 LR: 0.000034901994
2025-06-05 17:36:01,392 - --non-cloud Precision: 79.43
2025-06-05 17:36:01,393 - --non-cloud Recall: 96.44
2025-06-05 17:36:01,393 - --non-cloud IoU: 77.17
2025-06-05 17:36:01,393 - --non-cloud F1: 87.12
2025-06-05 17:36:01,393 - --cloud Precision: 96.33
2025-06-05 17:36:01,393 - --cloud Recall: 78.88
2025-06-05 17:36:01,393 - --cloud IoU: 76.58
2025-06-05 17:36:01,393 - --cloud F1: 86.74
2025-06-05 17:36:01,393 - --- mIoU: 76.88 mean F1: 86.93 OA: 86.93 ACC (cloud): 86.93 FP (cloud): 1.63
2025-06-05 17:47:45,639 - Epoch: 53 Iter: 43/43 Time: 704.25 OA: 86.57 mIoU: 53.46 CE_loss: 0.339 LR: 0.000034230154
2025-06-05 17:51:42,616 - --non-cloud Precision: 83.26
2025-06-05 17:51:42,616 - --non-cloud Recall: 93.57
2025-06-05 17:51:42,616 - --non-cloud IoU: 78.76
2025-06-05 17:51:42,616 - --non-cloud F1: 88.12
2025-06-05 17:51:42,617 - --cloud Precision: 93.93
2025-06-05 17:51:42,617 - --cloud Recall: 84.09
2025-06-05 17:51:42,617 - --cloud IoU: 79.76
2025-06-05 17:51:42,617 - --cloud F1: 88.74
2025-06-05 17:51:42,617 - --- mIoU: 79.26 mean F1: 88.43 OA: 88.44 ACC (cloud): 88.44 FP (cloud): 2.95
2025-06-05 18:03:39,293 - Epoch: 54 Iter: 43/43 Time: 716.68 OA: 86.17 mIoU: 52.20 CE_loss: 0.336 LR: 0.000033550504
2025-06-05 18:07:37,449 - --non-cloud Precision: 84.09
2025-06-05 18:07:37,450 - --non-cloud Recall: 94.43
2025-06-05 18:07:37,450 - --non-cloud IoU: 80.11
2025-06-05 18:07:37,450 - --non-cloud F1: 88.96
2025-06-05 18:07:37,450 - --cloud Precision: 94.74
2025-06-05 18:07:37,450 - --cloud Recall: 84.89
2025-06-05 18:07:37,450 - --cloud IoU: 81.07
2025-06-05 18:07:37,450 - --cloud F1: 89.54
2025-06-05 18:07:37,450 - --- mIoU: 80.59 mean F1: 89.25 OA: 89.26 ACC (cloud): 89.26 FP (cloud): 2.55
2025-06-05 18:07:37,490 - Best model saved with mean F1: 89.25
2025-06-05 18:19:13,433 - Epoch: 55 Iter: 43/43 Time: 695.94 OA: 86.28 mIoU: 53.25 CE_loss: 0.333 LR: 0.000032863619
2025-06-05 18:22:55,690 - --non-cloud Precision: 82.33
2025-06-05 18:22:55,691 - --non-cloud Recall: 96.15
2025-06-05 18:22:55,691 - --non-cloud IoU: 79.70
2025-06-05 18:22:55,691 - --non-cloud F1: 88.70
2025-06-05 18:22:55,691 - --cloud Precision: 96.20
2025-06-05 18:22:55,691 - --cloud Recall: 82.54
2025-06-05 18:22:55,691 - --cloud IoU: 79.94
2025-06-05 18:22:55,691 - --cloud F1: 88.85
2025-06-05 18:22:55,691 - --- mIoU: 79.82 mean F1: 88.78 OA: 88.78 ACC (cloud): 88.78 FP (cloud): 1.76
2025-06-05 18:34:33,945 - Epoch: 56 Iter: 43/43 Time: 698.25 OA: 86.37 mIoU: 53.27 CE_loss: 0.332 LR: 0.000032170081
2025-06-05 18:38:29,402 - --non-cloud Precision: 84.11
2025-06-05 18:38:29,402 - --non-cloud Recall: 91.87
2025-06-05 18:38:29,402 - --non-cloud IoU: 78.28
2025-06-05 18:38:29,403 - --non-cloud F1: 87.82
2025-06-05 18:38:29,403 - --cloud Precision: 92.54
2025-06-05 18:38:29,403 - --cloud Recall: 85.32
2025-06-05 18:38:29,403 - --cloud IoU: 79.83
2025-06-05 18:38:29,403 - --cloud F1: 88.78
2025-06-05 18:38:29,403 - --- mIoU: 79.05 mean F1: 88.30 OA: 88.32 ACC (cloud): 88.32 FP (cloud): 3.73
2025-06-05 18:50:45,030 - Epoch: 57 Iter: 43/43 Time: 735.63 OA: 86.42 mIoU: 53.13 CE_loss: 0.331 LR: 0.000031470476
2025-06-05 18:54:23,695 - --non-cloud Precision: 80.11
2025-06-05 18:54:23,696 - --non-cloud Recall: 96.30
2025-06-05 18:54:23,696 - --non-cloud IoU: 77.72
2025-06-05 18:54:23,696 - --non-cloud F1: 87.46
2025-06-05 18:54:23,696 - --cloud Precision: 96.23
2025-06-05 18:54:23,696 - --cloud Recall: 79.78
2025-06-05 18:54:23,696 - --cloud IoU: 77.36
2025-06-05 18:54:23,696 - --cloud F1: 87.24
2025-06-05 18:54:23,696 - --- mIoU: 77.54 mean F1: 87.35 OA: 87.35 ACC (cloud): 87.35 FP (cloud): 1.69
2025-06-05 19:06:11,745 - Epoch: 58 Iter: 43/43 Time: 708.05 OA: 86.40 mIoU: 52.82 CE_loss: 0.325 LR: 0.000030765397
2025-06-05 19:09:58,390 - --non-cloud Precision: 78.94
2025-06-05 19:09:58,391 - --non-cloud Recall: 96.89
2025-06-05 19:09:58,391 - --non-cloud IoU: 76.99
2025-06-05 19:09:58,391 - --non-cloud F1: 87.00
2025-06-05 19:09:58,391 - --cloud Precision: 96.74
2025-06-05 19:09:58,391 - --cloud Recall: 78.14
2025-06-05 19:09:58,391 - --cloud IoU: 76.14
2025-06-05 19:09:58,391 - --cloud F1: 86.45
2025-06-05 19:09:58,391 - --- mIoU: 76.57 mean F1: 86.73 OA: 86.73 ACC (cloud): 86.73 FP (cloud): 1.42
2025-06-05 19:21:51,853 - Epoch: 59 Iter: 43/43 Time: 713.46 OA: 86.06 mIoU: 53.11 CE_loss: 0.324 LR: 0.000030055439
2025-06-05 19:26:42,404 - --non-cloud Precision: 79.74
2025-06-05 19:26:42,404 - --non-cloud Recall: 97.70
2025-06-05 19:26:42,405 - --non-cloud IoU: 78.27
2025-06-05 19:26:42,405 - --non-cloud F1: 87.81
2025-06-05 19:26:42,405 - --cloud Precision: 97.59
2025-06-05 19:26:42,405 - --cloud Recall: 79.00
2025-06-05 19:26:42,405 - --cloud IoU: 77.49
2025-06-05 19:26:42,405 - --cloud F1: 87.32
2025-06-05 19:26:42,405 - --- mIoU: 77.88 mean F1: 87.56 OA: 87.57 ACC (cloud): 87.57 FP (cloud): 1.06
2025-06-05 19:39:50,547 - Epoch: 60 Iter: 43/43 Time: 788.14 OA: 85.86 mIoU: 52.81 CE_loss: 0.325 LR: 0.000029341204
2025-06-05 19:44:35,606 - --non-cloud Precision: 80.73
2025-06-05 19:44:35,606 - --non-cloud Recall: 96.19
2025-06-05 19:44:35,606 - --non-cloud IoU: 78.23
2025-06-05 19:44:35,606 - --non-cloud F1: 87.79
2025-06-05 19:44:35,606 - --cloud Precision: 96.15
2025-06-05 19:44:35,606 - --cloud Recall: 80.59
2025-06-05 19:44:35,606 - --cloud IoU: 78.07
2025-06-05 19:44:35,606 - --cloud F1: 87.69
2025-06-05 19:44:35,607 - --- mIoU: 78.15 mean F1: 87.74 OA: 87.74 ACC (cloud): 87.74 FP (cloud): 1.75
2025-06-05 19:57:57,864 - Epoch: 61 Iter: 43/43 Time: 802.26 OA: 86.51 mIoU: 53.70 CE_loss: 0.318 LR: 0.000028623296
2025-06-05 20:02:34,207 - --non-cloud Precision: 78.42
2025-06-05 20:02:34,207 - --non-cloud Recall: 97.63
2025-06-05 20:02:34,207 - --non-cloud IoU: 76.95
2025-06-05 20:02:34,207 - --non-cloud F1: 86.98
2025-06-05 20:02:34,207 - --cloud Precision: 97.47
2025-06-05 20:02:34,207 - --cloud Recall: 77.27
2025-06-05 20:02:34,207 - --cloud IoU: 75.76
2025-06-05 20:02:34,207 - --cloud F1: 86.21
2025-06-05 20:02:34,208 - --- mIoU: 76.35 mean F1: 86.59 OA: 86.60 ACC (cloud): 86.60 FP (cloud): 1.09
2025-06-05 20:15:43,472 - Epoch: 62 Iter: 43/43 Time: 789.26 OA: 86.48 mIoU: 53.52 CE_loss: 0.317 LR: 0.000027902323
2025-06-05 20:20:23,703 - --non-cloud Precision: 80.10
2025-06-05 20:20:23,703 - --non-cloud Recall: 97.52
2025-06-05 20:20:23,703 - --non-cloud IoU: 78.50
2025-06-05 20:20:23,703 - --non-cloud F1: 87.95
2025-06-05 20:20:23,703 - --cloud Precision: 97.43
2025-06-05 20:20:23,703 - --cloud Recall: 79.51
2025-06-05 20:20:23,703 - --cloud IoU: 77.87
2025-06-05 20:20:23,703 - --cloud F1: 87.56
2025-06-05 20:20:23,703 - --- mIoU: 78.19 mean F1: 87.76 OA: 87.76 ACC (cloud): 87.76 FP (cloud): 1.13
2025-06-05 20:33:06,042 - Epoch: 63 Iter: 43/43 Time: 762.34 OA: 85.37 mIoU: 52.52 CE_loss: 0.322 LR: 0.000027178894
2025-06-05 20:37:34,702 - --non-cloud Precision: 83.89
2025-06-05 20:37:34,703 - --non-cloud Recall: 95.28
2025-06-05 20:37:34,703 - --non-cloud IoU: 80.55
2025-06-05 20:37:34,703 - --non-cloud F1: 89.22
2025-06-05 20:37:34,703 - --cloud Precision: 95.49
2025-06-05 20:37:34,703 - --cloud Recall: 84.52
2025-06-05 20:37:34,703 - --cloud IoU: 81.28
2025-06-05 20:37:34,703 - --cloud F1: 89.68
2025-06-05 20:37:34,703 - --- mIoU: 80.91 mean F1: 89.45 OA: 89.45 ACC (cloud): 89.45 FP (cloud): 2.16
2025-06-05 20:37:34,741 - Best model saved with mean F1: 89.45
2025-06-05 20:50:57,443 - Epoch: 64 Iter: 43/43 Time: 802.70 OA: 87.00 mIoU: 53.54 CE_loss: 0.311 LR: 0.000026453621
2025-06-05 20:55:27,002 - --non-cloud Precision: 81.71
2025-06-05 20:55:27,002 - --non-cloud Recall: 96.91
2025-06-05 20:55:27,002 - --non-cloud IoU: 79.63
2025-06-05 20:55:27,002 - --non-cloud F1: 88.66
2025-06-05 20:55:27,002 - --cloud Precision: 96.90
2025-06-05 20:55:27,002 - --cloud Recall: 81.65
2025-06-05 20:55:27,002 - --cloud IoU: 79.57
2025-06-05 20:55:27,002 - --cloud F1: 88.62
2025-06-05 20:55:27,003 - --- mIoU: 79.60 mean F1: 88.64 OA: 88.64 ACC (cloud): 88.64 FP (cloud): 1.42
2025-06-05 21:08:29,869 - Epoch: 65 Iter: 43/43 Time: 782.87 OA: 85.80 mIoU: 53.64 CE_loss: 0.314 LR: 0.000025727118
2025-06-05 21:13:14,497 - --non-cloud Precision: 79.00
2025-06-05 21:13:14,497 - --non-cloud Recall: 96.85
2025-06-05 21:13:14,497 - --non-cloud IoU: 77.02
2025-06-05 21:13:14,497 - --non-cloud F1: 87.02
2025-06-05 21:13:14,497 - --cloud Precision: 96.71
2025-06-05 21:13:14,497 - --cloud Recall: 78.23
2025-06-05 21:13:14,497 - --cloud IoU: 76.20
2025-06-05 21:13:14,497 - --cloud F1: 86.49
2025-06-05 21:13:14,497 - --- mIoU: 76.61 mean F1: 86.76 OA: 86.76 ACC (cloud): 86.76 FP (cloud): 1.44
2025-06-05 21:26:12,452 - Epoch: 66 Iter: 43/43 Time: 777.95 OA: 86.43 mIoU: 54.24 CE_loss: 0.305 LR: 0.000025000000
2025-06-05 21:30:31,623 - --non-cloud Precision: 81.95
2025-06-05 21:30:31,623 - --non-cloud Recall: 97.06
2025-06-05 21:30:31,624 - --non-cloud IoU: 79.96
2025-06-05 21:30:31,624 - --non-cloud F1: 88.87
2025-06-05 21:30:31,624 - --cloud Precision: 97.05
2025-06-05 21:30:31,624 - --cloud Recall: 81.92
2025-06-05 21:30:31,624 - --cloud IoU: 79.93
2025-06-05 21:30:31,624 - --cloud F1: 88.85
2025-06-05 21:30:31,624 - --- mIoU: 79.95 mean F1: 88.86 OA: 88.86 ACC (cloud): 88.86 FP (cloud): 1.35
2025-06-05 21:42:25,480 - Epoch: 67 Iter: 43/43 Time: 713.85 OA: 86.18 mIoU: 54.26 CE_loss: 0.313 LR: 0.000024272882
2025-06-05 21:46:20,201 - --non-cloud Precision: 80.29
2025-06-05 21:46:20,202 - --non-cloud Recall: 97.29
2025-06-05 21:46:20,202 - --non-cloud IoU: 78.53
2025-06-05 21:46:20,202 - --non-cloud F1: 87.98
2025-06-05 21:46:20,202 - --cloud Precision: 97.21
2025-06-05 21:46:20,202 - --cloud Recall: 79.80
2025-06-05 21:46:20,202 - --cloud IoU: 78.01
2025-06-05 21:46:20,202 - --cloud F1: 87.65
2025-06-05 21:46:20,202 - --- mIoU: 78.27 mean F1: 87.81 OA: 87.82 ACC (cloud): 87.82 FP (cloud): 1.24
2025-06-05 21:58:33,560 - Epoch: 68 Iter: 43/43 Time: 733.36 OA: 86.57 mIoU: 54.53 CE_loss: 0.300 LR: 0.000023546379
2025-06-05 22:03:51,008 - --non-cloud Precision: 81.98
2025-06-05 22:03:51,009 - --non-cloud Recall: 97.29
2025-06-05 22:03:51,009 - --non-cloud IoU: 80.15
2025-06-05 22:03:51,009 - --non-cloud F1: 88.98
2025-06-05 22:03:51,009 - --cloud Precision: 97.28
2025-06-05 22:03:51,009 - --cloud Recall: 81.91
2025-06-05 22:03:51,009 - --cloud IoU: 80.08
2025-06-05 22:03:51,009 - --cloud F1: 88.94
2025-06-05 22:03:51,010 - --- mIoU: 80.11 mean F1: 88.96 OA: 88.96 ACC (cloud): 88.96 FP (cloud): 1.24
2025-06-05 22:16:55,635 - Epoch: 69 Iter: 43/43 Time: 784.63 OA: 86.90 mIoU: 53.79 CE_loss: 0.303 LR: 0.000022821106
2025-06-05 22:22:17,074 - --non-cloud Precision: 81.81
2025-06-05 22:22:17,075 - --non-cloud Recall: 96.57
2025-06-05 22:22:17,075 - --non-cloud IoU: 79.50
2025-06-05 22:22:17,075 - --non-cloud F1: 88.58
2025-06-05 22:22:17,075 - --cloud Precision: 96.57
2025-06-05 22:22:17,075 - --cloud Recall: 81.84
2025-06-05 22:22:17,075 - --cloud IoU: 79.53
2025-06-05 22:22:17,075 - --cloud F1: 88.60
2025-06-05 22:22:17,076 - --- mIoU: 79.51 mean F1: 88.59 OA: 88.59 ACC (cloud): 88.59 FP (cloud): 1.57
2025-06-05 22:35:55,411 - Epoch: 70 Iter: 43/43 Time: 818.34 OA: 87.01 mIoU: 54.13 CE_loss: 0.294 LR: 0.000022097677
2025-06-05 22:41:36,808 - --non-cloud Precision: 80.69
2025-06-05 22:41:36,809 - --non-cloud Recall: 96.89
2025-06-05 22:41:36,809 - --non-cloud IoU: 78.66
2025-06-05 22:41:36,809 - --non-cloud F1: 88.05
2025-06-05 22:41:36,809 - --cloud Precision: 96.83
2025-06-05 22:41:36,809 - --cloud Recall: 80.40
2025-06-05 22:41:36,809 - --cloud IoU: 78.34
2025-06-05 22:41:36,809 - --cloud F1: 87.85
2025-06-05 22:41:36,810 - --- mIoU: 78.50 mean F1: 87.95 OA: 87.95 ACC (cloud): 87.95 FP (cloud): 1.42
2025-06-05 22:55:00,461 - Epoch: 71 Iter: 43/43 Time: 803.65 OA: 85.85 mIoU: 53.74 CE_loss: 0.303 LR: 0.000021376704
2025-06-05 23:00:45,194 - --non-cloud Precision: 82.76
2025-06-05 23:00:45,194 - --non-cloud Recall: 96.05
2025-06-05 23:00:45,194 - --non-cloud IoU: 80.03
2025-06-05 23:00:45,194 - --non-cloud F1: 88.91
2025-06-05 23:00:45,194 - --cloud Precision: 96.13
2025-06-05 23:00:45,194 - --cloud Recall: 83.07
2025-06-05 23:00:45,194 - --cloud IoU: 80.39
2025-06-05 23:00:45,194 - --cloud F1: 89.13
2025-06-05 23:00:45,194 - --- mIoU: 80.21 mean F1: 89.02 OA: 89.02 ACC (cloud): 89.02 FP (cloud): 1.81
2025-06-05 23:14:07,038 - Epoch: 72 Iter: 43/43 Time: 801.84 OA: 86.24 mIoU: 53.73 CE_loss: 0.308 LR: 0.000020658796
2025-06-05 23:19:34,475 - --non-cloud Precision: 78.49
2025-06-05 23:19:34,475 - --non-cloud Recall: 96.89
2025-06-05 23:19:34,475 - --non-cloud IoU: 76.56
2025-06-05 23:19:34,475 - --non-cloud F1: 86.72
2025-06-05 23:19:34,475 - --cloud Precision: 96.72
2025-06-05 23:19:34,475 - --cloud Recall: 77.54
2025-06-05 23:19:34,475 - --cloud IoU: 75.55
2025-06-05 23:19:34,475 - --cloud F1: 86.08
2025-06-05 23:19:34,476 - --- mIoU: 76.06 mean F1: 86.40 OA: 86.41 ACC (cloud): 86.41 FP (cloud): 1.42
2025-06-05 23:32:55,344 - Epoch: 73 Iter: 43/43 Time: 800.87 OA: 86.91 mIoU: 54.23 CE_loss: 0.293 LR: 0.000019944561
2025-06-05 23:38:27,211 - --non-cloud Precision: 81.57
2025-06-05 23:38:27,211 - --non-cloud Recall: 97.86
2025-06-05 23:38:27,211 - --non-cloud IoU: 80.14
2025-06-05 23:38:27,211 - --non-cloud F1: 88.98
2025-06-05 23:38:27,212 - --cloud Precision: 97.82
2025-06-05 23:38:27,212 - --cloud Recall: 81.30
2025-06-05 23:38:27,212 - --cloud IoU: 79.86
2025-06-05 23:38:27,212 - --cloud F1: 88.80
2025-06-05 23:38:27,212 - --- mIoU: 80.00 mean F1: 88.89 OA: 88.89 ACC (cloud): 88.89 FP (cloud): 0.98
2025-06-05 23:52:07,056 - Epoch: 74 Iter: 43/43 Time: 819.84 OA: 87.08 mIoU: 54.88 CE_loss: 0.295 LR: 0.000019234603
2025-06-05 23:57:51,025 - --non-cloud Precision: 82.15
2025-06-05 23:57:51,026 - --non-cloud Recall: 97.27
2025-06-05 23:57:51,026 - --non-cloud IoU: 80.30
2025-06-05 23:57:51,026 - --non-cloud F1: 89.07
2025-06-05 23:57:51,026 - --cloud Precision: 97.26
2025-06-05 23:57:51,026 - --cloud Recall: 82.13
2025-06-05 23:57:51,026 - --cloud IoU: 80.27
2025-06-05 23:57:51,026 - --cloud F1: 89.06
2025-06-05 23:57:51,027 - --- mIoU: 80.29 mean F1: 89.07 OA: 89.07 ACC (cloud): 89.07 FP (cloud): 1.25
2025-06-06 00:11:28,569 - Epoch: 75 Iter: 43/43 Time: 817.54 OA: 87.38 mIoU: 55.47 CE_loss: 0.295 LR: 0.000018529524
2025-06-06 00:17:08,217 - --non-cloud Precision: 81.78
2025-06-06 00:17:08,218 - --non-cloud Recall: 96.66
2025-06-06 00:17:08,218 - --non-cloud IoU: 79.53
2025-06-06 00:17:08,218 - --non-cloud F1: 88.60
2025-06-06 00:17:08,218 - --cloud Precision: 96.66
2025-06-06 00:17:08,218 - --cloud Recall: 81.79
2025-06-06 00:17:08,218 - --cloud IoU: 79.54
2025-06-06 00:17:08,218 - --cloud F1: 88.60
2025-06-06 00:17:08,218 - --- mIoU: 79.54 mean F1: 88.60 OA: 88.60 ACC (cloud): 88.60 FP (cloud): 1.53
2025-06-06 00:30:48,357 - Epoch: 76 Iter: 43/43 Time: 820.14 OA: 86.71 mIoU: 54.20 CE_loss: 0.298 LR: 0.000017829919
2025-06-06 00:36:16,674 - --non-cloud Precision: 83.21
2025-06-06 00:36:16,675 - --non-cloud Recall: 96.65
2025-06-06 00:36:16,675 - --non-cloud IoU: 80.87
2025-06-06 00:36:16,675 - --non-cloud F1: 89.43
2025-06-06 00:36:16,675 - --cloud Precision: 96.72
2025-06-06 00:36:16,675 - --cloud Recall: 83.51
2025-06-06 00:36:16,675 - --cloud IoU: 81.20
2025-06-06 00:36:16,675 - --cloud F1: 89.63
2025-06-06 00:36:16,675 - --- mIoU: 81.04 mean F1: 89.53 OA: 89.53 ACC (cloud): 89.53 FP (cloud): 1.54
2025-06-06 00:36:16,719 - Best model saved with mean F1: 89.53
2025-06-06 00:49:50,539 - Epoch: 77 Iter: 43/43 Time: 813.82 OA: 87.36 mIoU: 54.98 CE_loss: 0.294 LR: 0.000017136381
2025-06-06 00:55:22,014 - --non-cloud Precision: 83.87
2025-06-06 00:55:22,014 - --non-cloud Recall: 97.12
2025-06-06 00:55:22,014 - --non-cloud IoU: 81.83
2025-06-06 00:55:22,015 - --non-cloud F1: 90.01
2025-06-06 00:55:22,015 - --cloud Precision: 97.19
2025-06-06 00:55:22,015 - --cloud Recall: 84.21
2025-06-06 00:55:22,015 - --cloud IoU: 82.20
2025-06-06 00:55:22,015 - --cloud F1: 90.23
2025-06-06 00:55:22,015 - --- mIoU: 82.02 mean F1: 90.12 OA: 90.12 ACC (cloud): 90.12 FP (cloud): 1.32
2025-06-06 00:55:22,062 - Best model saved with mean F1: 90.12
2025-06-06 01:08:56,459 - Epoch: 78 Iter: 43/43 Time: 814.40 OA: 87.21 mIoU: 54.36 CE_loss: 0.291 LR: 0.000016449496
2025-06-06 01:10:38,393 - --non-cloud Precision: 81.79
2025-06-06 01:10:38,393 - --non-cloud Recall: 97.37
2025-06-06 01:10:38,393 - --non-cloud IoU: 80.02
2025-06-06 01:10:38,393 - --non-cloud F1: 88.90
2025-06-06 01:10:38,393 - --cloud Precision: 97.35
2025-06-06 01:10:38,393 - --cloud Recall: 81.67
2025-06-06 01:10:38,393 - --cloud IoU: 79.89
2025-06-06 01:10:38,393 - --cloud F1: 88.82
2025-06-06 01:10:38,394 - --- mIoU: 79.95 mean F1: 88.86 OA: 88.86 ACC (cloud): 88.86 FP (cloud): 1.21
2025-06-06 01:19:39,836 - Epoch: 79 Iter: 43/43 Time: 541.44 OA: 87.27 mIoU: 54.71 CE_loss: 0.287 LR: 0.000015769846
2025-06-06 01:21:28,691 - --non-cloud Precision: 82.17
2025-06-06 01:21:28,692 - --non-cloud Recall: 97.01
2025-06-06 01:21:28,692 - --non-cloud IoU: 80.14
2025-06-06 01:21:28,692 - --non-cloud F1: 88.97
2025-06-06 01:21:28,692 - --cloud Precision: 97.01
2025-06-06 01:21:28,692 - --cloud Recall: 82.20
2025-06-06 01:21:28,692 - --cloud IoU: 80.17
2025-06-06 01:21:28,692 - --cloud F1: 88.99
2025-06-06 01:21:28,692 - --- mIoU: 80.15 mean F1: 88.98 OA: 88.98 ACC (cloud): 88.98 FP (cloud): 1.37
2025-06-06 01:31:29,225 - Epoch: 80 Iter: 43/43 Time: 600.53 OA: 87.59 mIoU: 54.99 CE_loss: 0.282 LR: 0.000015098006
2025-06-06 01:33:25,182 - --non-cloud Precision: 83.62
2025-06-06 01:33:25,183 - --non-cloud Recall: 97.32
2025-06-06 01:33:25,183 - --non-cloud IoU: 81.73
2025-06-06 01:33:25,183 - --non-cloud F1: 89.95
2025-06-06 01:33:25,183 - --cloud Precision: 97.36
2025-06-06 01:33:25,183 - --cloud Recall: 83.87
2025-06-06 01:33:25,183 - --cloud IoU: 82.01
2025-06-06 01:33:25,183 - --cloud F1: 90.12
2025-06-06 01:33:25,183 - --- mIoU: 81.87 mean F1: 90.03 OA: 90.03 ACC (cloud): 90.03 FP (cloud): 1.23
2025-06-06 01:42:43,738 - Epoch: 81 Iter: 43/43 Time: 558.56 OA: 87.62 mIoU: 55.80 CE_loss: 0.282 LR: 0.000014434543
2025-06-06 01:44:46,387 - --non-cloud Precision: 83.14
2025-06-06 01:44:46,387 - --non-cloud Recall: 96.81
2025-06-06 01:44:46,387 - --non-cloud IoU: 80.93
2025-06-06 01:44:46,387 - --non-cloud F1: 89.46
2025-06-06 01:44:46,387 - --cloud Precision: 96.87
2025-06-06 01:44:46,387 - --cloud Recall: 83.40
2025-06-06 01:44:46,387 - --cloud IoU: 81.21
2025-06-06 01:44:46,388 - --cloud F1: 89.63
2025-06-06 01:44:46,388 - --- mIoU: 81.07 mean F1: 89.55 OA: 89.55 ACC (cloud): 89.55 FP (cloud): 1.46
2025-06-06 01:53:36,028 - Epoch: 82 Iter: 43/43 Time: 529.64 OA: 87.70 mIoU: 55.15 CE_loss: 0.282 LR: 0.000013780020
2025-06-06 01:55:42,390 - --non-cloud Precision: 84.00
2025-06-06 01:55:42,390 - --non-cloud Recall: 96.51
2025-06-06 01:55:42,390 - --non-cloud IoU: 81.53
2025-06-06 01:55:42,390 - --non-cloud F1: 89.82
2025-06-06 01:55:42,390 - --cloud Precision: 96.63
2025-06-06 01:55:42,390 - --cloud Recall: 84.46
2025-06-06 01:55:42,390 - --cloud IoU: 82.04
2025-06-06 01:55:42,390 - --cloud F1: 90.13
2025-06-06 01:55:42,390 - --- mIoU: 81.78 mean F1: 89.98 OA: 89.98 ACC (cloud): 89.98 FP (cloud): 1.60
2025-06-06 02:04:49,327 - Epoch: 83 Iter: 43/43 Time: 546.94 OA: 87.87 mIoU: 55.38 CE_loss: 0.282 LR: 0.000013134991
2025-06-06 02:07:15,882 - --non-cloud Precision: 83.44
2025-06-06 02:07:15,882 - --non-cloud Recall: 96.61
2025-06-06 02:07:15,882 - --non-cloud IoU: 81.07
2025-06-06 02:07:15,882 - --non-cloud F1: 89.55
2025-06-06 02:07:15,882 - --cloud Precision: 96.69
2025-06-06 02:07:15,882 - --cloud Recall: 83.79
2025-06-06 02:07:15,882 - --cloud IoU: 81.46
2025-06-06 02:07:15,882 - --cloud F1: 89.78
2025-06-06 02:07:15,882 - --- mIoU: 81.27 mean F1: 89.66 OA: 89.67 ACC (cloud): 89.67 FP (cloud): 1.55
2025-06-06 02:15:32,133 - Epoch: 84 Iter: 43/43 Time: 496.25 OA: 87.87 mIoU: 55.36 CE_loss: 0.278 LR: 0.000012500000
2025-06-06 02:18:03,674 - --non-cloud Precision: 82.22
2025-06-06 02:18:03,674 - --non-cloud Recall: 96.94
2025-06-06 02:18:03,674 - --non-cloud IoU: 80.14
2025-06-06 02:18:03,674 - --non-cloud F1: 88.98
2025-06-06 02:18:03,674 - --cloud Precision: 96.95
2025-06-06 02:18:03,674 - --cloud Recall: 82.28
2025-06-06 02:18:03,675 - --cloud IoU: 80.20
2025-06-06 02:18:03,675 - --cloud F1: 89.01
2025-06-06 02:18:03,675 - --- mIoU: 80.17 mean F1: 88.99 OA: 88.99 ACC (cloud): 88.99 FP (cloud): 1.40
2025-06-06 02:28:41,334 - Epoch: 85 Iter: 43/43 Time: 637.66 OA: 88.07 mIoU: 55.68 CE_loss: 0.272 LR: 0.000011875585
2025-06-06 02:31:43,374 - --non-cloud Precision: 86.02
2025-06-06 02:31:43,375 - --non-cloud Recall: 93.84
2025-06-06 02:31:43,375 - --non-cloud IoU: 81.42
2025-06-06 02:31:43,375 - --non-cloud F1: 89.76
2025-06-06 02:31:43,375 - --cloud Precision: 94.36
2025-06-06 02:31:43,375 - --cloud Recall: 87.10
2025-06-06 02:31:43,375 - --cloud IoU: 82.79
2025-06-06 02:31:43,375 - --cloud F1: 90.59
2025-06-06 02:31:43,375 - --- mIoU: 82.11 mean F1: 90.17 OA: 90.19 ACC (cloud): 90.19 FP (cloud): 2.82
2025-06-06 02:31:43,415 - Best model saved with mean F1: 90.17
2025-06-06 02:42:08,305 - Epoch: 86 Iter: 43/43 Time: 624.89 OA: 88.05 mIoU: 55.76 CE_loss: 0.276 LR: 0.000011262276
2025-06-06 02:44:46,374 - --non-cloud Precision: 84.89
2025-06-06 02:44:46,375 - --non-cloud Recall: 96.27
2025-06-06 02:44:46,375 - --non-cloud IoU: 82.18
2025-06-06 02:44:46,375 - --non-cloud F1: 90.22
2025-06-06 02:44:46,375 - --cloud Precision: 96.44
2025-06-06 02:44:46,375 - --cloud Recall: 85.51
2025-06-06 02:44:46,375 - --cloud IoU: 82.89
2025-06-06 02:44:46,375 - --cloud F1: 90.64
2025-06-06 02:44:46,375 - --- mIoU: 82.54 mean F1: 90.43 OA: 90.44 ACC (cloud): 90.44 FP (cloud): 1.71
2025-06-06 02:44:46,418 - Best model saved with mean F1: 90.43
2025-06-06 02:55:47,242 - Epoch: 87 Iter: 43/43 Time: 660.82 OA: 87.35 mIoU: 54.75 CE_loss: 0.279 LR: 0.000010660589
2025-06-06 02:58:38,597 - --non-cloud Precision: 84.36
2025-06-06 02:58:38,597 - --non-cloud Recall: 96.70
2025-06-06 02:58:38,597 - --non-cloud IoU: 82.00
2025-06-06 02:58:38,597 - --non-cloud F1: 90.11
2025-06-06 02:58:38,598 - --cloud Precision: 96.82
2025-06-06 02:58:38,598 - --cloud Recall: 84.84
2025-06-06 02:58:38,598 - --cloud IoU: 82.53
2025-06-06 02:58:38,598 - --cloud F1: 90.43
2025-06-06 02:58:38,598 - --- mIoU: 82.27 mean F1: 90.27 OA: 90.27 ACC (cloud): 90.27 FP (cloud): 1.51
2025-06-06 03:09:46,249 - Epoch: 88 Iter: 43/43 Time: 667.65 OA: 87.80 mIoU: 55.21 CE_loss: 0.284 LR: 0.000010071035
2025-06-06 03:12:29,191 - --non-cloud Precision: 84.63
2025-06-06 03:12:29,191 - --non-cloud Recall: 96.61
2025-06-06 03:12:29,191 - --non-cloud IoU: 82.18
2025-06-06 03:12:29,191 - --non-cloud F1: 90.22
2025-06-06 03:12:29,191 - --cloud Precision: 96.74
2025-06-06 03:12:29,191 - --cloud Recall: 85.16
2025-06-06 03:12:29,192 - --cloud IoU: 82.78
2025-06-06 03:12:29,192 - --cloud F1: 90.58
2025-06-06 03:12:29,192 - --- mIoU: 82.48 mean F1: 90.40 OA: 90.40 ACC (cloud): 90.40 FP (cloud): 1.55
2025-06-06 03:22:39,831 - Epoch: 89 Iter: 43/43 Time: 610.64 OA: 87.77 mIoU: 55.86 CE_loss: 0.276 LR: 0.000009494113
2025-06-06 03:25:46,974 - --non-cloud Precision: 82.88
2025-06-06 03:25:46,974 - --non-cloud Recall: 95.86
2025-06-06 03:25:46,974 - --non-cloud IoU: 80.01
2025-06-06 03:25:46,974 - --non-cloud F1: 88.90
2025-06-06 03:25:46,974 - --cloud Precision: 95.96
2025-06-06 03:25:46,974 - --cloud Recall: 83.25
2025-06-06 03:25:46,974 - --cloud IoU: 80.44
2025-06-06 03:25:46,974 - --cloud F1: 89.16
2025-06-06 03:25:46,974 - --- mIoU: 80.23 mean F1: 89.03 OA: 89.03 ACC (cloud): 89.03 FP (cloud): 1.90
2025-06-06 03:35:28,531 - Epoch: 90 Iter: 43/43 Time: 581.56 OA: 87.74 mIoU: 55.15 CE_loss: 0.272 LR: 0.000008930310
2025-06-06 03:38:21,286 - --non-cloud Precision: 83.67
2025-06-06 03:38:21,286 - --non-cloud Recall: 96.41
2025-06-06 03:38:21,286 - --non-cloud IoU: 81.15
2025-06-06 03:38:21,286 - --non-cloud F1: 89.59
2025-06-06 03:38:21,286 - --cloud Precision: 96.52
2025-06-06 03:38:21,286 - --cloud Recall: 84.09
2025-06-06 03:38:21,286 - --cloud IoU: 81.61
2025-06-06 03:38:21,286 - --cloud F1: 89.88
2025-06-06 03:38:21,287 - --- mIoU: 81.38 mean F1: 89.73 OA: 89.74 ACC (cloud): 89.74 FP (cloud): 1.64
2025-06-06 03:48:35,155 - Epoch: 91 Iter: 43/43 Time: 613.87 OA: 88.07 mIoU: 55.22 CE_loss: 0.274 LR: 0.000008380103
2025-06-06 03:51:05,686 - --non-cloud Precision: 85.06
2025-06-06 03:51:05,686 - --non-cloud Recall: 96.47
2025-06-06 03:51:05,686 - --non-cloud IoU: 82.49
2025-06-06 03:51:05,686 - --non-cloud F1: 90.41
2025-06-06 03:51:05,686 - --cloud Precision: 96.63
2025-06-06 03:51:05,686 - --cloud Recall: 85.68
2025-06-06 03:51:05,686 - --cloud IoU: 83.19
2025-06-06 03:51:05,686 - --cloud F1: 90.82
2025-06-06 03:51:05,686 - --- mIoU: 82.84 mean F1: 90.62 OA: 90.62 ACC (cloud): 90.62 FP (cloud): 1.62
2025-06-06 03:51:05,722 - Best model saved with mean F1: 90.62
2025-06-06 04:01:59,843 - Epoch: 92 Iter: 43/43 Time: 654.12 OA: 88.23 mIoU: 55.24 CE_loss: 0.270 LR: 0.000007843959
2025-06-06 04:04:34,574 - --non-cloud Precision: 86.46
2025-06-06 04:04:34,574 - --non-cloud Recall: 94.96
2025-06-06 04:04:34,574 - --non-cloud IoU: 82.67
2025-06-06 04:04:34,574 - --non-cloud F1: 90.51
2025-06-06 04:04:34,574 - --cloud Precision: 95.35
2025-06-06 04:04:34,574 - --cloud Recall: 87.43
2025-06-06 04:04:34,574 - --cloud IoU: 83.85
2025-06-06 04:04:34,574 - --cloud F1: 91.22
2025-06-06 04:04:34,575 - --- mIoU: 83.26 mean F1: 90.87 OA: 90.88 ACC (cloud): 90.88 FP (cloud): 2.31
2025-06-06 04:04:34,609 - Best model saved with mean F1: 90.87
2025-06-06 04:15:21,051 - Epoch: 93 Iter: 43/43 Time: 646.44 OA: 87.81 mIoU: 55.25 CE_loss: 0.272 LR: 0.000007322330
2025-06-06 04:18:09,574 - --non-cloud Precision: 83.12
2025-06-06 04:18:09,574 - --non-cloud Recall: 97.28
2025-06-06 04:18:09,574 - --non-cloud IoU: 81.23
2025-06-06 04:18:09,574 - --non-cloud F1: 89.64
2025-06-06 04:18:09,574 - --cloud Precision: 97.32
2025-06-06 04:18:09,574 - --cloud Recall: 83.29
2025-06-06 04:18:09,575 - --cloud IoU: 81.42
2025-06-06 04:18:09,575 - --cloud F1: 89.76
2025-06-06 04:18:09,575 - --- mIoU: 81.32 mean F1: 89.70 OA: 89.70 ACC (cloud): 89.70 FP (cloud): 1.24
2025-06-06 04:28:33,741 - Epoch: 94 Iter: 43/43 Time: 624.17 OA: 88.07 mIoU: 54.35 CE_loss: 0.272 LR: 0.000006815659
2025-06-06 04:31:11,188 - --non-cloud Precision: 82.86
2025-06-06 04:31:11,189 - --non-cloud Recall: 97.08
2025-06-06 04:31:11,189 - --non-cloud IoU: 80.84
2025-06-06 04:31:11,189 - --non-cloud F1: 89.41
2025-06-06 04:31:11,189 - --cloud Precision: 97.11
2025-06-06 04:31:11,189 - --cloud Recall: 83.02
2025-06-06 04:31:11,189 - --cloud IoU: 81.01
2025-06-06 04:31:11,189 - --cloud F1: 89.51
2025-06-06 04:31:11,189 - --- mIoU: 80.93 mean F1: 89.46 OA: 89.46 ACC (cloud): 89.46 FP (cloud): 1.34
2025-06-06 04:41:51,091 - Epoch: 95 Iter: 43/43 Time: 639.90 OA: 87.93 mIoU: 54.52 CE_loss: 0.273 LR: 0.000006324373
2025-06-06 04:44:21,598 - --non-cloud Precision: 84.04
2025-06-06 04:44:21,598 - --non-cloud Recall: 96.72
2025-06-06 04:44:21,598 - --non-cloud IoU: 81.71
2025-06-06 04:44:21,598 - --non-cloud F1: 89.94
2025-06-06 04:44:21,598 - --cloud Precision: 96.82
2025-06-06 04:44:21,598 - --cloud Recall: 84.47
2025-06-06 04:44:21,598 - --cloud IoU: 82.19
2025-06-06 04:44:21,598 - --cloud F1: 90.22
2025-06-06 04:44:21,598 - --- mIoU: 81.95 mean F1: 90.08 OA: 90.08 ACC (cloud): 90.08 FP (cloud): 1.50
2025-06-06 04:55:05,745 - Epoch: 96 Iter: 43/43 Time: 644.15 OA: 87.70 mIoU: 54.94 CE_loss: 0.281 LR: 0.000005848889
2025-06-06 04:57:43,096 - --non-cloud Precision: 82.46
2025-06-06 04:57:43,096 - --non-cloud Recall: 97.63
2025-06-06 04:57:43,096 - --non-cloud IoU: 80.84
2025-06-06 04:57:43,096 - --non-cloud F1: 89.40
2025-06-06 04:57:43,097 - --cloud Precision: 97.62
2025-06-06 04:57:43,097 - --cloud Recall: 82.43
2025-06-06 04:57:43,097 - --cloud IoU: 80.81
2025-06-06 04:57:43,097 - --cloud F1: 89.39
2025-06-06 04:57:43,097 - --- mIoU: 80.82 mean F1: 89.40 OA: 89.40 ACC (cloud): 89.40 FP (cloud): 1.09
2025-06-06 05:08:38,649 - Epoch: 97 Iter: 43/43 Time: 655.55 OA: 87.45 mIoU: 54.62 CE_loss: 0.276 LR: 0.000005389608
2025-06-06 05:11:06,993 - --non-cloud Precision: 84.90
2025-06-06 05:11:06,993 - --non-cloud Recall: 96.98
2025-06-06 05:11:06,993 - --non-cloud IoU: 82.71
2025-06-06 05:11:06,994 - --non-cloud F1: 90.54
2025-06-06 05:11:06,994 - --cloud Precision: 97.10
2025-06-06 05:11:06,994 - --cloud Recall: 85.41
2025-06-06 05:11:06,994 - --cloud IoU: 83.29
2025-06-06 05:11:06,994 - --cloud F1: 90.88
2025-06-06 05:11:06,994 - --- mIoU: 83.00 mean F1: 90.71 OA: 90.71 ACC (cloud): 90.71 FP (cloud): 1.38
2025-06-06 05:21:26,735 - Epoch: 98 Iter: 43/43 Time: 619.74 OA: 88.47 mIoU: 55.20 CE_loss: 0.268 LR: 0.000004946920
2025-06-06 05:23:48,886 - --non-cloud Precision: 83.23
2025-06-06 05:23:48,887 - --non-cloud Recall: 97.23
2025-06-06 05:23:48,887 - --non-cloud IoU: 81.30
2025-06-06 05:23:48,887 - --non-cloud F1: 89.68
2025-06-06 05:23:48,887 - --cloud Precision: 97.27
2025-06-06 05:23:48,887 - --cloud Recall: 83.43
2025-06-06 05:23:48,887 - --cloud IoU: 81.52
2025-06-06 05:23:48,887 - --cloud F1: 89.82
2025-06-06 05:23:48,887 - --- mIoU: 81.41 mean F1: 89.75 OA: 89.75 ACC (cloud): 89.75 FP (cloud): 1.27
2025-06-06 05:34:09,323 - Epoch: 99 Iter: 43/43 Time: 620.44 OA: 88.16 mIoU: 55.12 CE_loss: 0.270 LR: 0.000004521199
2025-06-06 05:36:21,974 - --non-cloud Precision: 84.66
2025-06-06 05:36:21,975 - --non-cloud Recall: 96.51
2025-06-06 05:36:21,975 - --non-cloud IoU: 82.14
2025-06-06 05:36:21,975 - --non-cloud F1: 90.19
2025-06-06 05:36:21,975 - --cloud Precision: 96.65
2025-06-06 05:36:21,975 - --cloud Recall: 85.21
2025-06-06 05:36:21,975 - --cloud IoU: 82.76
2025-06-06 05:36:21,975 - --cloud F1: 90.57
2025-06-06 05:36:21,975 - --- mIoU: 82.45 mean F1: 90.38 OA: 90.38 ACC (cloud): 90.38 FP (cloud): 1.60
2025-06-06 05:47:15,845 - Epoch: 100 Iter: 43/43 Time: 653.87 OA: 88.40 mIoU: 54.74 CE_loss: 0.274 LR: 0.000004112805
2025-06-06 05:49:36,887 - --non-cloud Precision: 84.07
2025-06-06 05:49:36,887 - --non-cloud Recall: 96.31
2025-06-06 05:49:36,887 - --non-cloud IoU: 81.45
2025-06-06 05:49:36,887 - --non-cloud F1: 89.78
2025-06-06 05:49:36,887 - --cloud Precision: 96.44
2025-06-06 05:49:36,887 - --cloud Recall: 84.57
2025-06-06 05:49:36,887 - --cloud IoU: 82.01
2025-06-06 05:49:36,888 - --cloud F1: 90.12
2025-06-06 05:49:36,888 - --- mIoU: 81.73 mean F1: 89.95 OA: 89.95 ACC (cloud): 89.95 FP (cloud): 1.69
2025-06-06 06:00:06,832 - Epoch: 101 Iter: 43/43 Time: 629.94 OA: 87.71 mIoU: 54.91 CE_loss: 0.274 LR: 0.000003722083
2025-06-06 06:02:38,591 - --non-cloud Precision: 84.05
2025-06-06 06:02:38,591 - --non-cloud Recall: 97.09
2025-06-06 06:02:38,591 - --non-cloud IoU: 81.98
2025-06-06 06:02:38,591 - --non-cloud F1: 90.10
2025-06-06 06:02:38,591 - --cloud Precision: 97.16
2025-06-06 06:02:38,591 - --cloud Recall: 84.42
2025-06-06 06:02:38,591 - --cloud IoU: 82.39
2025-06-06 06:02:38,592 - --cloud F1: 90.34
2025-06-06 06:02:38,592 - --- mIoU: 82.18 mean F1: 90.22 OA: 90.22 ACC (cloud): 90.22 FP (cloud): 1.34
2025-06-06 06:12:09,949 - Epoch: 102 Iter: 43/43 Time: 571.36 OA: 88.03 mIoU: 55.41 CE_loss: 0.263 LR: 0.000003349365
2025-06-06 06:14:56,574 - --non-cloud Precision: 85.01
2025-06-06 06:14:56,574 - --non-cloud Recall: 97.12
2025-06-06 06:14:56,574 - --non-cloud IoU: 82.92
2025-06-06 06:14:56,574 - --non-cloud F1: 90.66
2025-06-06 06:14:56,575 - --cloud Precision: 97.23
2025-06-06 06:14:56,575 - --cloud Recall: 85.51
2025-06-06 06:14:56,575 - --cloud IoU: 83.48
2025-06-06 06:14:56,575 - --cloud F1: 91.00
2025-06-06 06:14:56,575 - --- mIoU: 83.20 mean F1: 90.83 OA: 90.83 ACC (cloud): 90.83 FP (cloud): 1.32
2025-06-06 06:24:12,724 - Epoch: 103 Iter: 43/43 Time: 556.15 OA: 87.77 mIoU: 55.29 CE_loss: 0.276 LR: 0.000002994965
2025-06-06 06:26:46,790 - --non-cloud Precision: 84.56
2025-06-06 06:26:46,790 - --non-cloud Recall: 96.63
2025-06-06 06:26:46,790 - --non-cloud IoU: 82.14
2025-06-06 06:26:46,790 - --non-cloud F1: 90.19
2025-06-06 06:26:46,790 - --cloud Precision: 96.76
2025-06-06 06:26:46,790 - --cloud Recall: 85.07
2025-06-06 06:26:46,790 - --cloud IoU: 82.72
2025-06-06 06:26:46,790 - --cloud F1: 90.54
2025-06-06 06:26:46,791 - --- mIoU: 82.43 mean F1: 90.37 OA: 90.37 ACC (cloud): 90.37 FP (cloud): 1.54
2025-06-06 06:37:25,335 - Epoch: 104 Iter: 43/43 Time: 638.54 OA: 88.23 mIoU: 55.74 CE_loss: 0.272 LR: 0.000002659184
2025-06-06 06:40:36,695 - --non-cloud Precision: 82.56
2025-06-06 06:40:36,696 - --non-cloud Recall: 97.77
2025-06-06 06:40:36,696 - --non-cloud IoU: 81.04
2025-06-06 06:40:36,696 - --non-cloud F1: 89.53
2025-06-06 06:40:36,696 - --cloud Precision: 97.77
2025-06-06 06:40:36,696 - --cloud Recall: 82.54
2025-06-06 06:40:36,696 - --cloud IoU: 81.01
2025-06-06 06:40:36,696 - --cloud F1: 89.51
2025-06-06 06:40:36,696 - --- mIoU: 81.02 mean F1: 89.52 OA: 89.52 ACC (cloud): 89.52 FP (cloud): 1.02
2025-06-06 06:50:12,842 - Epoch: 105 Iter: 43/43 Time: 576.15 OA: 88.27 mIoU: 55.69 CE_loss: 0.266 LR: 0.000002342305
2025-06-06 06:52:44,292 - --non-cloud Precision: 83.51
2025-06-06 06:52:44,293 - --non-cloud Recall: 97.43
2025-06-06 06:52:44,293 - --non-cloud IoU: 81.71
2025-06-06 06:52:44,293 - --non-cloud F1: 89.93
2025-06-06 06:52:44,293 - --cloud Precision: 97.47
2025-06-06 06:52:44,293 - --cloud Recall: 83.73
2025-06-06 06:52:44,293 - --cloud IoU: 81.95
2025-06-06 06:52:44,293 - --cloud F1: 90.08
2025-06-06 06:52:44,293 - --- mIoU: 81.83 mean F1: 90.01 OA: 90.01 ACC (cloud): 90.01 FP (cloud): 1.18
2025-06-06 07:02:29,328 - Epoch: 106 Iter: 43/43 Time: 585.04 OA: 88.09 mIoU: 55.08 CE_loss: 0.269 LR: 0.000002044597
2025-06-06 07:04:39,690 - --non-cloud Precision: 85.04
2025-06-06 07:04:39,690 - --non-cloud Recall: 97.09
2025-06-06 07:04:39,690 - --non-cloud IoU: 82.93
2025-06-06 07:04:39,690 - --non-cloud F1: 90.67
2025-06-06 07:04:39,690 - --cloud Precision: 97.20
2025-06-06 07:04:39,690 - --cloud Recall: 85.56
2025-06-06 07:04:39,690 - --cloud IoU: 83.50
2025-06-06 07:04:39,690 - --cloud F1: 91.01
2025-06-06 07:04:39,690 - --- mIoU: 83.22 mean F1: 90.84 OA: 90.84 ACC (cloud): 90.84 FP (cloud): 1.33
2025-06-06 07:15:12,158 - Epoch: 107 Iter: 43/43 Time: 632.47 OA: 88.34 mIoU: 55.57 CE_loss: 0.271 LR: 0.000001766312
2025-06-06 07:17:37,497 - --non-cloud Precision: 85.44
2025-06-06 07:17:37,498 - --non-cloud Recall: 96.85
2025-06-06 07:17:37,498 - --non-cloud IoU: 83.14
2025-06-06 07:17:37,498 - --non-cloud F1: 90.79
2025-06-06 07:17:37,498 - --cloud Precision: 97.00
2025-06-06 07:17:37,498 - --cloud Recall: 86.04
2025-06-06 07:17:37,498 - --cloud IoU: 83.82
2025-06-06 07:17:37,498 - --cloud F1: 91.19
2025-06-06 07:17:37,498 - --- mIoU: 83.48 mean F1: 90.99 OA: 91.00 ACC (cloud): 91.00 FP (cloud): 1.44
2025-06-06 07:17:37,535 - Best model saved with mean F1: 90.99
2025-06-06 07:28:35,243 - Epoch: 108 Iter: 43/43 Time: 657.71 OA: 88.48 mIoU: 55.44 CE_loss: 0.264 LR: 0.000001507684
2025-06-06 07:31:11,987 - --non-cloud Precision: 84.73
2025-06-06 07:31:11,987 - --non-cloud Recall: 97.02
2025-06-06 07:31:11,987 - --non-cloud IoU: 82.58
2025-06-06 07:31:11,987 - --non-cloud F1: 90.46
2025-06-06 07:31:11,987 - --cloud Precision: 97.13
2025-06-06 07:31:11,987 - --cloud Recall: 85.21
2025-06-06 07:31:11,987 - --cloud IoU: 83.12
2025-06-06 07:31:11,987 - --cloud F1: 90.78
2025-06-06 07:31:11,987 - --- mIoU: 82.85 mean F1: 90.62 OA: 90.62 ACC (cloud): 90.62 FP (cloud): 1.36
2025-06-06 07:40:48,002 - Epoch: 109 Iter: 43/43 Time: 576.01 OA: 87.99 mIoU: 55.09 CE_loss: 0.278 LR: 0.000001268934
2025-06-06 07:43:13,487 - --non-cloud Precision: 85.59
2025-06-06 07:43:13,487 - --non-cloud Recall: 96.56
2025-06-06 07:43:13,487 - --non-cloud IoU: 83.06
2025-06-06 07:43:13,488 - --non-cloud F1: 90.74
2025-06-06 07:43:13,488 - --cloud Precision: 96.73
2025-06-06 07:43:13,488 - --cloud Recall: 86.25
2025-06-06 07:43:13,488 - --cloud IoU: 83.81
2025-06-06 07:43:13,488 - --cloud F1: 91.19
2025-06-06 07:43:13,488 - --- mIoU: 83.43 mean F1: 90.97 OA: 90.97 ACC (cloud): 90.97 FP (cloud): 1.58
2025-06-06 07:53:52,528 - Epoch: 110 Iter: 43/43 Time: 639.04 OA: 88.38 mIoU: 55.53 CE_loss: 0.265 LR: 0.000001050262
2025-06-06 07:55:57,274 - --non-cloud Precision: 83.70
2025-06-06 07:55:57,274 - --non-cloud Recall: 97.19
2025-06-06 07:55:57,274 - --non-cloud IoU: 81.72
2025-06-06 07:55:57,275 - --non-cloud F1: 89.94
2025-06-06 07:55:57,275 - --cloud Precision: 97.25
2025-06-06 07:55:57,275 - --cloud Recall: 83.99
2025-06-06 07:55:57,275 - --cloud IoU: 82.04
2025-06-06 07:55:57,275 - --cloud F1: 90.13
2025-06-06 07:55:57,275 - --- mIoU: 81.88 mean F1: 90.04 OA: 90.04 ACC (cloud): 90.04 FP (cloud): 1.29
2025-06-06 08:05:24,623 - Epoch: 111 Iter: 43/43 Time: 567.35 OA: 88.51 mIoU: 55.34 CE_loss: 0.268 LR: 0.000000851854
2025-06-06 08:07:49,288 - --non-cloud Precision: 84.17
2025-06-06 08:07:49,289 - --non-cloud Recall: 97.10
2025-06-06 08:07:49,289 - --non-cloud IoU: 82.10
2025-06-06 08:07:49,289 - --non-cloud F1: 90.17
2025-06-06 08:07:49,289 - --cloud Precision: 97.18
2025-06-06 08:07:49,289 - --cloud Recall: 84.55
2025-06-06 08:07:49,289 - --cloud IoU: 82.53
2025-06-06 08:07:49,289 - --cloud F1: 90.43
2025-06-06 08:07:49,289 - --- mIoU: 82.32 mean F1: 90.30 OA: 90.30 ACC (cloud): 90.30 FP (cloud): 1.33
2025-06-06 08:17:38,550 - Epoch: 112 Iter: 43/43 Time: 589.26 OA: 88.14 mIoU: 54.92 CE_loss: 0.267 LR: 0.000000673878
2025-06-06 08:20:03,391 - --non-cloud Precision: 83.48
2025-06-06 08:20:03,391 - --non-cloud Recall: 97.52
2025-06-06 08:20:03,391 - --non-cloud IoU: 81.74
2025-06-06 08:20:03,391 - --non-cloud F1: 89.95
2025-06-06 08:20:03,391 - --cloud Precision: 97.56
2025-06-06 08:20:03,391 - --cloud Recall: 83.67
2025-06-06 08:20:03,391 - --cloud IoU: 81.96
2025-06-06 08:20:03,391 - --cloud F1: 90.08
2025-06-06 08:20:03,391 - --- mIoU: 81.85 mean F1: 90.02 OA: 90.02 ACC (cloud): 90.02 FP (cloud): 1.14
2025-06-06 08:30:53,439 - Epoch: 113 Iter: 43/43 Time: 650.05 OA: 88.38 mIoU: 56.03 CE_loss: 0.266 LR: 0.000000516484
2025-06-06 08:33:53,391 - --non-cloud Precision: 86.06
2025-06-06 08:33:53,391 - --non-cloud Recall: 96.44
2025-06-06 08:33:53,391 - --non-cloud IoU: 83.41
2025-06-06 08:33:53,391 - --non-cloud F1: 90.96
2025-06-06 08:33:53,391 - --cloud Precision: 96.65
2025-06-06 08:33:53,391 - --cloud Recall: 86.79
2025-06-06 08:33:53,391 - --cloud IoU: 84.26
2025-06-06 08:33:53,391 - --cloud F1: 91.46
2025-06-06 08:33:53,391 - --- mIoU: 83.84 mean F1: 91.21 OA: 91.21 ACC (cloud): 91.21 FP (cloud): 1.63
2025-06-06 08:33:53,428 - Best model saved with mean F1: 91.21
2025-06-06 08:42:50,742 - Epoch: 114 Iter: 43/43 Time: 537.31 OA: 88.24 mIoU: 55.14 CE_loss: 0.269 LR: 0.000000379806
2025-06-06 08:44:55,688 - --non-cloud Precision: 85.21
2025-06-06 08:44:55,688 - --non-cloud Recall: 96.80
2025-06-06 08:44:55,688 - --non-cloud IoU: 82.88
2025-06-06 08:44:55,688 - --non-cloud F1: 90.64
2025-06-06 08:44:55,689 - --cloud Precision: 96.94
2025-06-06 08:44:55,689 - --cloud Recall: 85.80
2025-06-06 08:44:55,689 - --cloud IoU: 83.53
2025-06-06 08:44:55,689 - --cloud F1: 91.03
2025-06-06 08:44:55,689 - --- mIoU: 83.21 mean F1: 90.83 OA: 90.84 ACC (cloud): 90.84 FP (cloud): 1.47
2025-06-06 08:50:38,830 - Epoch: 115 Iter: 43/43 Time: 343.14 OA: 88.29 mIoU: 56.03 CE_loss: 0.270 LR: 0.000000263959
2025-06-06 08:51:59,174 - --non-cloud Precision: 83.99
2025-06-06 08:51:59,174 - --non-cloud Recall: 97.21
2025-06-06 08:51:59,174 - --non-cloud IoU: 82.01
2025-06-06 08:51:59,174 - --non-cloud F1: 90.12
2025-06-06 08:51:59,174 - --cloud Precision: 97.28
2025-06-06 08:51:59,174 - --cloud Recall: 84.33
2025-06-06 08:51:59,174 - --cloud IoU: 82.39
2025-06-06 08:51:59,174 - --cloud F1: 90.34
2025-06-06 08:51:59,174 - --- mIoU: 82.20 mean F1: 90.23 OA: 90.23 ACC (cloud): 90.23 FP (cloud): 1.28
2025-06-06 08:57:53,937 - Epoch: 116 Iter: 43/43 Time: 354.76 OA: 88.17 mIoU: 55.26 CE_loss: 0.268 LR: 0.000000169041
2025-06-06 08:59:43,697 - --non-cloud Precision: 85.08
2025-06-06 08:59:43,697 - --non-cloud Recall: 96.92
2025-06-06 08:59:43,697 - --non-cloud IoU: 82.84
2025-06-06 08:59:43,697 - --non-cloud F1: 90.62
2025-06-06 08:59:43,697 - --cloud Precision: 97.05
2025-06-06 08:59:43,697 - --cloud Recall: 85.62
2025-06-06 08:59:43,697 - --cloud IoU: 83.45
2025-06-06 08:59:43,697 - --cloud F1: 90.98
2025-06-06 08:59:43,698 - --- mIoU: 83.15 mean F1: 90.80 OA: 90.80 ACC (cloud): 90.80 FP (cloud): 1.41
2025-06-06 09:04:37,729 - Epoch: 117 Iter: 43/43 Time: 294.03 OA: 88.66 mIoU: 55.86 CE_loss: 0.262 LR: 0.000000095133
2025-06-06 09:05:28,074 - --non-cloud Precision: 84.45
2025-06-06 09:05:28,074 - --non-cloud Recall: 97.12
2025-06-06 09:05:28,074 - --non-cloud IoU: 82.39
2025-06-06 09:05:28,074 - --non-cloud F1: 90.34
2025-06-06 09:05:28,074 - --cloud Precision: 97.21
2025-06-06 09:05:28,074 - --cloud Recall: 84.87
2025-06-06 09:05:28,074 - --cloud IoU: 82.86
2025-06-06 09:05:28,074 - --cloud F1: 90.63
2025-06-06 09:05:28,074 - --- mIoU: 82.62 mean F1: 90.48 OA: 90.49 ACC (cloud): 90.49 FP (cloud): 1.32
2025-06-06 09:08:45,932 - Epoch: 118 Iter: 43/43 Time: 197.86 OA: 88.77 mIoU: 56.10 CE_loss: 0.261 LR: 0.000000042296
2025-06-06 09:09:43,293 - --non-cloud Precision: 84.49
2025-06-06 09:09:43,293 - --non-cloud Recall: 97.19
2025-06-06 09:09:43,293 - --non-cloud IoU: 82.48
2025-06-06 09:09:43,293 - --non-cloud F1: 90.40
2025-06-06 09:09:43,293 - --cloud Precision: 97.28
2025-06-06 09:09:43,293 - --cloud Recall: 84.92
2025-06-06 09:09:43,293 - --cloud IoU: 82.95
2025-06-06 09:09:43,293 - --cloud F1: 90.68
2025-06-06 09:09:43,294 - --- mIoU: 82.71 mean F1: 90.54 OA: 90.54 ACC (cloud): 90.54 FP (cloud): 1.29
2025-06-06 09:12:59,039 - Epoch: 119 Iter: 43/43 Time: 195.75 OA: 88.33 mIoU: 55.46 CE_loss: 0.264 LR: 0.000000010576
2025-06-06 09:13:50,086 - --non-cloud Precision: 83.63
2025-06-06 09:13:50,087 - --non-cloud Recall: 97.52
2025-06-06 09:13:50,087 - --non-cloud IoU: 81.89
2025-06-06 09:13:50,087 - --non-cloud F1: 90.04
2025-06-06 09:13:50,087 - --cloud Precision: 97.56
2025-06-06 09:13:50,087 - --cloud Recall: 83.86
2025-06-06 09:13:50,087 - --cloud IoU: 82.14
2025-06-06 09:13:50,087 - --cloud F1: 90.19
2025-06-06 09:13:50,087 - --- mIoU: 82.01 mean F1: 90.12 OA: 90.12 ACC (cloud): 90.12 FP (cloud): 1.14
2025-06-06 09:17:05,929 - Epoch: 120 Iter: 43/43 Time: 195.84 OA: 88.50 mIoU: 55.57 CE_loss: 0.265 LR: 0.000000000000
2025-06-06 09:17:59,189 - --non-cloud Precision: 84.20
2025-06-06 09:17:59,189 - --non-cloud Recall: 97.25
2025-06-06 09:17:59,189 - --non-cloud IoU: 82.24
2025-06-06 09:17:59,189 - --non-cloud F1: 90.25
2025-06-06 09:17:59,189 - --cloud Precision: 97.32
2025-06-06 09:17:59,189 - --cloud Recall: 84.56
2025-06-06 09:17:59,189 - --cloud IoU: 82.64
2025-06-06 09:17:59,189 - --cloud F1: 90.49
2025-06-06 09:17:59,189 - --- mIoU: 82.44 mean F1: 90.37 OA: 90.37 ACC (cloud): 90.37 FP (cloud): 1.26
2025-06-06 09:17:59,189 - Total training time: 31h 0m 30s
2025-06-06 09:17:59,203 - Validation started.
2025-06-06 09:18:53,689 - --non-cloud Precision: 86.06
2025-06-06 09:18:53,689 - --non-cloud Recall: 96.44
2025-06-06 09:18:53,689 - --non-cloud IoU: 83.41
2025-06-06 09:18:53,689 - --non-cloud F1: 90.96
2025-06-06 09:18:53,689 - --cloud Precision: 96.65
2025-06-06 09:18:53,689 - --cloud Recall: 86.79
2025-06-06 09:18:53,689 - --cloud IoU: 84.26
2025-06-06 09:18:53,690 - --cloud F1: 91.46
2025-06-06 09:18:53,690 - --- mIoU: 83.84 mean F1: 91.21 OA: 91.21 ACC (cloud): 91.21 FP (cloud): 1.63
2025-06-06 09:18:53,690 - Evaluation started.
2025-06-06 09:20:24,890 - --non-cloud Precision: 87.69
2025-06-06 09:20:24,890 - --non-cloud Recall: 96.28
2025-06-06 09:20:24,890 - --non-cloud IoU: 84.81
2025-06-06 09:20:24,890 - --non-cloud F1: 91.78
2025-06-06 09:20:24,890 - --cloud Precision: 94.38
2025-06-06 09:20:24,890 - --cloud Recall: 82.23
2025-06-06 09:20:24,890 - --cloud IoU: 78.39
2025-06-06 09:20:24,890 - --cloud F1: 87.88
2025-06-06 09:20:24,891 - --- mIoU: 81.60 mean F1: 89.83 OA: 90.21 ACC (cloud): 90.21 FP (cloud): 2.12
2025-06-06 09:20:24,891 - Training and evaluation complete. Logs saved to training.log in /data/ckpt-cloud-segmentation-distillation-256 directory.
