2025-06-05 01:56:05,488 - Script started.
2025-06-05 01:56:05,539 - Using device: cuda
2025-06-05 01:56:05,555 - Loaded training dataset with 1356 samples.
2025-06-05 01:56:05,555 - Loaded validation dataset with 290 samples.
2025-06-05 01:56:06,293 - Encoder initialized.
2025-06-05 01:56:06,294 - Encoder has 19,217,408 parameters.
2025-06-05 01:56:07,067 - Loaded checkpoint from /data/ckpt-distillation-256/student-final.pt.
2025-06-05 01:56:07,070 - Classifier initialized.
2025-06-05 01:56:07,070 - Classifier has 132,610 parameters.
2025-06-05 01:56:07,071 - Training started.
2025-06-05 01:56:07,071 - Training Parameters - Batch Size: 128, Epochs: 300, Encoder embed_dim: 256, Classifier input_dim: 256
2025-06-05 01:56:51,147 - Epoch 1: Training Loss: 0.639531, Validation Loss: 0.622990, Training Accuracy: 82.96, Validation Accuracy: 81.38, Learning Rate: 0.000001763333, Time: 44.08s
2025-06-05 01:57:23,376 - Epoch 2: Training Loss: 0.636604, Validation Loss: 0.619954, Training Accuracy: 83.41, Validation Accuracy: 80.34, Learning Rate: 0.000003426667, Time: 32.23s
2025-06-05 01:57:54,968 - Epoch 3: Training Loss: 0.629197, Validation Loss: 0.614553, Training Accuracy: 82.74, Validation Accuracy: 80.69, Learning Rate: 0.000005090000, Time: 31.59s
2025-06-05 01:58:25,402 - Epoch 4: Training Loss: 0.616366, Validation Loss: 0.607451, Training Accuracy: 81.34, Validation Accuracy: 78.97, Learning Rate: 0.000006753333, Time: 30.43s
2025-06-05 01:58:58,586 - Epoch 5: Training Loss: 0.600919, Validation Loss: 0.598732, Training Accuracy: 79.65, Validation Accuracy: 76.90, Learning Rate: 0.000008416667, Time: 33.18s
2025-06-05 01:59:31,764 - Epoch 6: Training Loss: 0.582829, Validation Loss: 0.589476, Training Accuracy: 77.06, Validation Accuracy: 74.83, Learning Rate: 0.000010080000, Time: 33.18s
2025-06-05 02:00:05,149 - Epoch 7: Training Loss: 0.564482, Validation Loss: 0.580204, Training Accuracy: 75.07, Validation Accuracy: 73.10, Learning Rate: 0.000011743333, Time: 33.39s
2025-06-05 02:00:38,673 - Epoch 8: Training Loss: 0.546371, Validation Loss: 0.570874, Training Accuracy: 73.67, Validation Accuracy: 72.07, Learning Rate: 0.000013406667, Time: 33.52s
2025-06-05 02:01:12,113 - Epoch 9: Training Loss: 0.529635, Validation Loss: 0.560434, Training Accuracy: 73.45, Validation Accuracy: 71.38, Learning Rate: 0.000015070000, Time: 33.44s
2025-06-05 02:01:43,872 - Epoch 10: Training Loss: 0.513640, Validation Loss: 0.550367, Training Accuracy: 73.30, Validation Accuracy: 71.72, Learning Rate: 0.000016733333, Time: 31.76s
2025-06-05 02:02:17,718 - Epoch 11: Training Loss: 0.499740, Validation Loss: 0.541042, Training Accuracy: 73.45, Validation Accuracy: 72.07, Learning Rate: 0.000018396667, Time: 33.85s
2025-06-05 02:02:49,358 - Epoch 12: Training Loss: 0.487090, Validation Loss: 0.531598, Training Accuracy: 73.89, Validation Accuracy: 73.45, Learning Rate: 0.000020060000, Time: 31.64s
2025-06-05 02:03:23,670 - Epoch 13: Training Loss: 0.475201, Validation Loss: 0.522093, Training Accuracy: 74.48, Validation Accuracy: 74.14, Learning Rate: 0.000021723333, Time: 34.31s
2025-06-05 02:03:57,778 - Epoch 14: Training Loss: 0.465305, Validation Loss: 0.513446, Training Accuracy: 75.37, Validation Accuracy: 73.79, Learning Rate: 0.000023386667, Time: 34.11s
2025-06-05 02:04:30,170 - Epoch 15: Training Loss: 0.456027, Validation Loss: 0.504770, Training Accuracy: 75.88, Validation Accuracy: 75.52, Learning Rate: 0.000025050000, Time: 32.39s
2025-06-05 02:05:01,576 - Epoch 16: Training Loss: 0.447033, Validation Loss: 0.497004, Training Accuracy: 77.06, Validation Accuracy: 76.55, Learning Rate: 0.000026713333, Time: 31.41s
2025-06-05 02:05:34,679 - Epoch 17: Training Loss: 0.438378, Validation Loss: 0.488685, Training Accuracy: 78.17, Validation Accuracy: 78.28, Learning Rate: 0.000028376667, Time: 33.10s
2025-06-05 02:06:07,612 - Epoch 18: Training Loss: 0.430055, Validation Loss: 0.481162, Training Accuracy: 78.69, Validation Accuracy: 78.28, Learning Rate: 0.000030040000, Time: 32.93s
2025-06-05 02:06:39,575 - Epoch 19: Training Loss: 0.423186, Validation Loss: 0.473361, Training Accuracy: 79.42, Validation Accuracy: 78.62, Learning Rate: 0.000031703333, Time: 31.96s
2025-06-05 02:07:11,374 - Epoch 20: Training Loss: 0.416525, Validation Loss: 0.469668, Training Accuracy: 79.57, Validation Accuracy: 78.28, Learning Rate: 0.000033366667, Time: 31.80s
2025-06-05 02:07:41,376 - Epoch 21: Training Loss: 0.410252, Validation Loss: 0.460380, Training Accuracy: 80.38, Validation Accuracy: 78.62, Learning Rate: 0.000035030000, Time: 30.00s
2025-06-05 02:08:12,051 - Epoch 22: Training Loss: 0.404076, Validation Loss: 0.456706, Training Accuracy: 80.75, Validation Accuracy: 78.97, Learning Rate: 0.000036693333, Time: 30.67s
2025-06-05 02:08:41,775 - Epoch 23: Training Loss: 0.398749, Validation Loss: 0.450055, Training Accuracy: 80.97, Validation Accuracy: 79.66, Learning Rate: 0.000038356667, Time: 29.72s
2025-06-05 02:09:12,228 - Epoch 24: Training Loss: 0.394468, Validation Loss: 0.448429, Training Accuracy: 80.90, Validation Accuracy: 79.66, Learning Rate: 0.000040020000, Time: 30.45s
2025-06-05 02:09:44,582 - Epoch 25: Training Loss: 0.390178, Validation Loss: 0.443478, Training Accuracy: 81.19, Validation Accuracy: 79.66, Learning Rate: 0.000041683333, Time: 32.35s
2025-06-05 02:10:19,713 - Epoch 26: Training Loss: 0.385697, Validation Loss: 0.436169, Training Accuracy: 80.97, Validation Accuracy: 79.66, Learning Rate: 0.000043346667, Time: 35.13s
2025-06-05 02:10:50,480 - Epoch 27: Training Loss: 0.381852, Validation Loss: 0.433947, Training Accuracy: 81.27, Validation Accuracy: 79.66, Learning Rate: 0.000045010000, Time: 30.77s
2025-06-05 02:11:21,165 - Epoch 28: Training Loss: 0.378289, Validation Loss: 0.432780, Training Accuracy: 81.71, Validation Accuracy: 79.31, Learning Rate: 0.000046673333, Time: 30.68s
2025-06-05 02:11:52,887 - Epoch 29: Training Loss: 0.375190, Validation Loss: 0.429338, Training Accuracy: 81.86, Validation Accuracy: 79.31, Learning Rate: 0.000048336667, Time: 31.72s
2025-06-05 02:12:23,377 - Epoch 30: Training Loss: 0.372433, Validation Loss: 0.425769, Training Accuracy: 81.71, Validation Accuracy: 79.66, Learning Rate: 0.000050000000, Time: 30.49s
2025-06-05 02:12:53,965 - Epoch 31: Training Loss: 0.370365, Validation Loss: 0.424850, Training Accuracy: 81.86, Validation Accuracy: 79.66, Learning Rate: 0.000049998308, Time: 30.59s
2025-06-05 02:13:26,483 - Epoch 32: Training Loss: 0.368055, Validation Loss: 0.420178, Training Accuracy: 81.78, Validation Accuracy: 79.66, Learning Rate: 0.000049993231, Time: 32.52s
2025-06-05 02:13:59,793 - Epoch 33: Training Loss: 0.366489, Validation Loss: 0.418446, Training Accuracy: 82.45, Validation Accuracy: 79.66, Learning Rate: 0.000049984771, Time: 33.31s
2025-06-05 02:14:35,181 - Epoch 34: Training Loss: 0.363899, Validation Loss: 0.417344, Training Accuracy: 82.01, Validation Accuracy: 79.66, Learning Rate: 0.000049972928, Time: 35.39s
2025-06-05 02:15:08,719 - Epoch 35: Training Loss: 0.361160, Validation Loss: 0.415934, Training Accuracy: 82.15, Validation Accuracy: 78.97, Learning Rate: 0.000049957704, Time: 33.54s
2025-06-05 02:15:42,186 - Epoch 36: Training Loss: 0.360646, Validation Loss: 0.413470, Training Accuracy: 82.30, Validation Accuracy: 78.97, Learning Rate: 0.000049939101, Time: 33.47s
2025-06-05 02:16:15,275 - Epoch 37: Training Loss: 0.358881, Validation Loss: 0.414310, Training Accuracy: 81.71, Validation Accuracy: 79.31, Learning Rate: 0.000049917122, Time: 33.09s
2025-06-05 02:16:48,775 - Epoch 38: Training Loss: 0.356911, Validation Loss: 0.407627, Training Accuracy: 81.93, Validation Accuracy: 80.34, Learning Rate: 0.000049891770, Time: 33.50s
2025-06-05 02:17:23,675 - Epoch 39: Training Loss: 0.356160, Validation Loss: 0.409244, Training Accuracy: 82.52, Validation Accuracy: 79.66, Learning Rate: 0.000049863047, Time: 34.90s
2025-06-05 02:17:56,743 - Epoch 40: Training Loss: 0.354901, Validation Loss: 0.405296, Training Accuracy: 82.01, Validation Accuracy: 80.00, Learning Rate: 0.000049830959, Time: 33.07s
2025-06-05 02:18:31,453 - Epoch 41: Training Loss: 0.353295, Validation Loss: 0.405994, Training Accuracy: 82.15, Validation Accuracy: 80.34, Learning Rate: 0.000049795509, Time: 34.71s
2025-06-05 02:19:06,610 - Epoch 42: Training Loss: 0.352206, Validation Loss: 0.405777, Training Accuracy: 81.93, Validation Accuracy: 80.34, Learning Rate: 0.000049756702, Time: 35.16s
2025-06-05 02:19:42,614 - Epoch 43: Training Loss: 0.352530, Validation Loss: 0.399050, Training Accuracy: 82.23, Validation Accuracy: 80.69, Learning Rate: 0.000049714543, Time: 36.00s
2025-06-05 02:20:21,022 - Epoch 44: Training Loss: 0.349580, Validation Loss: 0.403077, Training Accuracy: 82.30, Validation Accuracy: 81.38, Learning Rate: 0.000049669038, Time: 38.41s
2025-06-05 02:20:57,024 - Epoch 45: Training Loss: 0.348814, Validation Loss: 0.401269, Training Accuracy: 81.86, Validation Accuracy: 82.07, Learning Rate: 0.000049620194, Time: 36.00s
2025-06-05 02:21:35,609 - Epoch 46: Training Loss: 0.347393, Validation Loss: 0.396677, Training Accuracy: 82.37, Validation Accuracy: 81.03, Learning Rate: 0.000049568016, Time: 38.59s
2025-06-05 02:22:12,696 - Epoch 47: Training Loss: 0.347287, Validation Loss: 0.396939, Training Accuracy: 82.82, Validation Accuracy: 80.69, Learning Rate: 0.000049512512, Time: 37.09s
2025-06-05 02:22:49,248 - Epoch 48: Training Loss: 0.347086, Validation Loss: 0.398572, Training Accuracy: 83.04, Validation Accuracy: 82.41, Learning Rate: 0.000049453690, Time: 36.55s
2025-06-05 02:23:24,933 - Epoch 49: Training Loss: 0.345308, Validation Loss: 0.389947, Training Accuracy: 83.04, Validation Accuracy: 81.72, Learning Rate: 0.000049391557, Time: 35.69s
2025-06-05 02:24:02,541 - Epoch 50: Training Loss: 0.342978, Validation Loss: 0.392490, Training Accuracy: 83.55, Validation Accuracy: 83.10, Learning Rate: 0.000049326122, Time: 37.61s
2025-06-05 02:24:36,688 - Epoch 51: Training Loss: 0.342738, Validation Loss: 0.394673, Training Accuracy: 83.26, Validation Accuracy: 82.76, Learning Rate: 0.000049257393, Time: 34.15s
2025-06-05 02:25:14,112 - Epoch 52: Training Loss: 0.342109, Validation Loss: 0.387615, Training Accuracy: 83.48, Validation Accuracy: 81.03, Learning Rate: 0.000049185380, Time: 37.42s
2025-06-05 02:25:53,642 - Epoch 53: Training Loss: 0.340654, Validation Loss: 0.384715, Training Accuracy: 83.48, Validation Accuracy: 81.72, Learning Rate: 0.000049110094, Time: 39.53s
2025-06-05 02:26:32,380 - Epoch 54: Training Loss: 0.339735, Validation Loss: 0.389367, Training Accuracy: 83.63, Validation Accuracy: 83.10, Learning Rate: 0.000049031542, Time: 38.74s
2025-06-05 02:27:10,465 - Epoch 55: Training Loss: 0.339530, Validation Loss: 0.381754, Training Accuracy: 84.22, Validation Accuracy: 82.07, Learning Rate: 0.000048949738, Time: 38.08s
2025-06-05 02:27:46,835 - Epoch 56: Training Loss: 0.337073, Validation Loss: 0.384807, Training Accuracy: 83.70, Validation Accuracy: 81.03, Learning Rate: 0.000048864691, Time: 36.37s
2025-06-05 02:28:27,720 - Epoch 57: Training Loss: 0.336986, Validation Loss: 0.385960, Training Accuracy: 84.29, Validation Accuracy: 83.79, Learning Rate: 0.000048776413, Time: 40.88s
2025-06-05 02:29:05,833 - Epoch 58: Training Loss: 0.336064, Validation Loss: 0.379047, Training Accuracy: 83.85, Validation Accuracy: 81.72, Learning Rate: 0.000048684916, Time: 38.11s
2025-06-05 02:29:43,920 - Epoch 59: Training Loss: 0.334160, Validation Loss: 0.381117, Training Accuracy: 84.51, Validation Accuracy: 83.79, Learning Rate: 0.000048590213, Time: 38.09s
2025-06-05 02:30:19,400 - Epoch 60: Training Loss: 0.333263, Validation Loss: 0.378035, Training Accuracy: 84.73, Validation Accuracy: 83.10, Learning Rate: 0.000048492316, Time: 35.48s
2025-06-05 02:30:53,533 - Epoch 61: Training Loss: 0.333146, Validation Loss: 0.381149, Training Accuracy: 84.51, Validation Accuracy: 84.14, Learning Rate: 0.000048391238, Time: 34.13s
2025-06-05 02:31:29,337 - Epoch 62: Training Loss: 0.331556, Validation Loss: 0.375318, Training Accuracy: 85.18, Validation Accuracy: 83.45, Learning Rate: 0.000048286993, Time: 35.80s
2025-06-05 02:32:05,097 - Epoch 63: Training Loss: 0.331933, Validation Loss: 0.374279, Training Accuracy: 84.66, Validation Accuracy: 83.79, Learning Rate: 0.000048179596, Time: 35.76s
2025-06-05 02:32:42,273 - Epoch 64: Training Loss: 0.329206, Validation Loss: 0.371012, Training Accuracy: 84.29, Validation Accuracy: 82.76, Learning Rate: 0.000048069061, Time: 37.18s
2025-06-05 02:33:17,230 - Epoch 65: Training Loss: 0.329454, Validation Loss: 0.373540, Training Accuracy: 84.59, Validation Accuracy: 84.48, Learning Rate: 0.000047955403, Time: 34.96s
2025-06-05 02:33:53,427 - Epoch 66: Training Loss: 0.328529, Validation Loss: 0.372229, Training Accuracy: 85.40, Validation Accuracy: 84.48, Learning Rate: 0.000047838636, Time: 36.20s
2025-06-05 02:34:29,724 - Epoch 67: Training Loss: 0.327138, Validation Loss: 0.368594, Training Accuracy: 85.55, Validation Accuracy: 83.79, Learning Rate: 0.000047718778, Time: 36.30s
2025-06-05 02:35:06,022 - Epoch 68: Training Loss: 0.325802, Validation Loss: 0.368829, Training Accuracy: 85.84, Validation Accuracy: 84.48, Learning Rate: 0.000047595844, Time: 36.30s
2025-06-05 02:35:44,176 - Epoch 69: Training Loss: 0.325395, Validation Loss: 0.366990, Training Accuracy: 84.73, Validation Accuracy: 84.14, Learning Rate: 0.000047469851, Time: 38.15s
2025-06-05 02:36:23,010 - Epoch 70: Training Loss: 0.325348, Validation Loss: 0.368028, Training Accuracy: 85.47, Validation Accuracy: 84.83, Learning Rate: 0.000047340816, Time: 38.83s
2025-06-05 02:37:00,830 - Epoch 71: Training Loss: 0.324326, Validation Loss: 0.364174, Training Accuracy: 85.84, Validation Accuracy: 84.48, Learning Rate: 0.000047208756, Time: 37.82s
2025-06-05 02:37:39,325 - Epoch 72: Training Loss: 0.322519, Validation Loss: 0.362739, Training Accuracy: 85.55, Validation Accuracy: 84.83, Learning Rate: 0.000047073690, Time: 38.49s
2025-06-05 02:38:16,326 - Epoch 73: Training Loss: 0.321202, Validation Loss: 0.363456, Training Accuracy: 85.84, Validation Accuracy: 84.83, Learning Rate: 0.000046935635, Time: 37.00s
2025-06-05 02:38:56,856 - Epoch 74: Training Loss: 0.320540, Validation Loss: 0.362745, Training Accuracy: 86.14, Validation Accuracy: 84.83, Learning Rate: 0.000046794610, Time: 40.53s
2025-06-05 02:39:36,523 - Epoch 75: Training Loss: 0.320369, Validation Loss: 0.359853, Training Accuracy: 85.99, Validation Accuracy: 84.83, Learning Rate: 0.000046650635, Time: 39.67s
2025-06-05 02:40:14,014 - Epoch 76: Training Loss: 0.318957, Validation Loss: 0.358822, Training Accuracy: 86.28, Validation Accuracy: 85.86, Learning Rate: 0.000046503729, Time: 37.49s
2025-06-05 02:40:50,292 - Epoch 77: Training Loss: 0.318444, Validation Loss: 0.356473, Training Accuracy: 86.43, Validation Accuracy: 85.86, Learning Rate: 0.000046353911, Time: 36.28s
2025-06-05 02:41:28,747 - Epoch 78: Training Loss: 0.316792, Validation Loss: 0.355168, Training Accuracy: 86.50, Validation Accuracy: 85.86, Learning Rate: 0.000046201202, Time: 38.45s
2025-06-05 02:42:07,229 - Epoch 79: Training Loss: 0.316326, Validation Loss: 0.356734, Training Accuracy: 86.36, Validation Accuracy: 84.83, Learning Rate: 0.000046045623, Time: 38.48s
2025-06-05 02:42:44,954 - Epoch 80: Training Loss: 0.315337, Validation Loss: 0.353684, Training Accuracy: 86.14, Validation Accuracy: 85.86, Learning Rate: 0.000045887195, Time: 37.73s
2025-06-05 02:43:20,460 - Epoch 81: Training Loss: 0.315369, Validation Loss: 0.350834, Training Accuracy: 86.65, Validation Accuracy: 86.21, Learning Rate: 0.000045725939, Time: 35.51s
2025-06-05 02:44:00,141 - Epoch 82: Training Loss: 0.314030, Validation Loss: 0.349933, Training Accuracy: 86.58, Validation Accuracy: 86.21, Learning Rate: 0.000045561877, Time: 39.68s
2025-06-05 02:44:36,211 - Epoch 83: Training Loss: 0.312343, Validation Loss: 0.350665, Training Accuracy: 86.73, Validation Accuracy: 86.21, Learning Rate: 0.000045395032, Time: 36.07s
2025-06-05 02:45:11,709 - Epoch 84: Training Loss: 0.312566, Validation Loss: 0.351383, Training Accuracy: 86.06, Validation Accuracy: 86.55, Learning Rate: 0.000045225425, Time: 35.50s
2025-06-05 02:45:47,222 - Epoch 85: Training Loss: 0.312005, Validation Loss: 0.344026, Training Accuracy: 86.36, Validation Accuracy: 84.83, Learning Rate: 0.000045053080, Time: 35.51s
2025-06-05 02:46:26,468 - Epoch 86: Training Loss: 0.310899, Validation Loss: 0.351323, Training Accuracy: 86.36, Validation Accuracy: 85.86, Learning Rate: 0.000044878020, Time: 39.25s
2025-06-05 02:47:02,429 - Epoch 87: Training Loss: 0.310374, Validation Loss: 0.347864, Training Accuracy: 86.58, Validation Accuracy: 87.24, Learning Rate: 0.000044700269, Time: 35.96s
2025-06-05 02:47:40,170 - Epoch 88: Training Loss: 0.309869, Validation Loss: 0.344285, Training Accuracy: 87.02, Validation Accuracy: 86.90, Learning Rate: 0.000044519851, Time: 37.74s
2025-06-05 02:48:16,822 - Epoch 89: Training Loss: 0.309241, Validation Loss: 0.348374, Training Accuracy: 85.84, Validation Accuracy: 85.86, Learning Rate: 0.000044336790, Time: 36.65s
2025-06-05 02:48:53,902 - Epoch 90: Training Loss: 0.308456, Validation Loss: 0.340541, Training Accuracy: 86.73, Validation Accuracy: 87.24, Learning Rate: 0.000044151111, Time: 37.08s
2025-06-05 02:49:32,348 - Epoch 91: Training Loss: 0.307238, Validation Loss: 0.345347, Training Accuracy: 85.99, Validation Accuracy: 86.21, Learning Rate: 0.000043962840, Time: 38.45s
2025-06-05 02:50:10,590 - Epoch 92: Training Loss: 0.306517, Validation Loss: 0.340298, Training Accuracy: 86.73, Validation Accuracy: 87.24, Learning Rate: 0.000043772001, Time: 38.24s
2025-06-05 02:50:49,029 - Epoch 93: Training Loss: 0.306442, Validation Loss: 0.341700, Training Accuracy: 86.50, Validation Accuracy: 86.55, Learning Rate: 0.000043578621, Time: 38.44s
2025-06-05 02:51:27,233 - Epoch 94: Training Loss: 0.305959, Validation Loss: 0.337731, Training Accuracy: 86.95, Validation Accuracy: 87.24, Learning Rate: 0.000043382725, Time: 38.20s
2025-06-05 02:52:04,445 - Epoch 95: Training Loss: 0.302738, Validation Loss: 0.341686, Training Accuracy: 86.87, Validation Accuracy: 86.21, Learning Rate: 0.000043184341, Time: 37.21s
2025-06-05 02:52:43,540 - Epoch 96: Training Loss: 0.304185, Validation Loss: 0.337400, Training Accuracy: 86.50, Validation Accuracy: 87.24, Learning Rate: 0.000042983495, Time: 39.09s
2025-06-05 02:53:19,797 - Epoch 97: Training Loss: 0.303401, Validation Loss: 0.338278, Training Accuracy: 86.95, Validation Accuracy: 86.21, Learning Rate: 0.000042780214, Time: 36.26s
2025-06-05 02:53:56,424 - Epoch 98: Training Loss: 0.302210, Validation Loss: 0.335659, Training Accuracy: 86.36, Validation Accuracy: 86.55, Learning Rate: 0.000042574526, Time: 36.63s
2025-06-05 02:54:32,742 - Epoch 99: Training Loss: 0.300826, Validation Loss: 0.333898, Training Accuracy: 86.95, Validation Accuracy: 87.24, Learning Rate: 0.000042366459, Time: 36.32s
2025-06-05 02:55:10,338 - Epoch 100: Training Loss: 0.299426, Validation Loss: 0.334986, Training Accuracy: 86.87, Validation Accuracy: 87.59, Learning Rate: 0.000042156041, Time: 37.60s
2025-06-05 02:55:48,281 - Epoch 101: Training Loss: 0.300887, Validation Loss: 0.334097, Training Accuracy: 86.95, Validation Accuracy: 87.24, Learning Rate: 0.000041943300, Time: 37.94s
2025-06-05 02:56:25,517 - Epoch 102: Training Loss: 0.299711, Validation Loss: 0.329937, Training Accuracy: 86.95, Validation Accuracy: 87.24, Learning Rate: 0.000041728265, Time: 37.24s
2025-06-05 02:57:02,550 - Epoch 103: Training Loss: 0.299447, Validation Loss: 0.333843, Training Accuracy: 86.43, Validation Accuracy: 86.90, Learning Rate: 0.000041510966, Time: 37.03s
2025-06-05 02:57:38,267 - Epoch 104: Training Loss: 0.299346, Validation Loss: 0.330021, Training Accuracy: 86.50, Validation Accuracy: 86.90, Learning Rate: 0.000041291431, Time: 35.72s
2025-06-05 02:58:15,881 - Epoch 105: Training Loss: 0.296105, Validation Loss: 0.332487, Training Accuracy: 86.65, Validation Accuracy: 87.93, Learning Rate: 0.000041069690, Time: 37.61s
2025-06-05 02:58:53,877 - Epoch 106: Training Loss: 0.296493, Validation Loss: 0.328342, Training Accuracy: 87.24, Validation Accuracy: 87.93, Learning Rate: 0.000040845774, Time: 38.00s
2025-06-05 02:59:33,933 - Epoch 107: Training Loss: 0.296816, Validation Loss: 0.330368, Training Accuracy: 86.50, Validation Accuracy: 87.24, Learning Rate: 0.000040619713, Time: 40.06s
2025-06-05 03:00:11,338 - Epoch 108: Training Loss: 0.296326, Validation Loss: 0.325423, Training Accuracy: 86.87, Validation Accuracy: 87.59, Learning Rate: 0.000040391537, Time: 37.41s
2025-06-05 03:00:48,231 - Epoch 109: Training Loss: 0.294761, Validation Loss: 0.327729, Training Accuracy: 86.87, Validation Accuracy: 87.93, Learning Rate: 0.000040161277, Time: 36.89s
2025-06-05 03:01:24,633 - Epoch 110: Training Loss: 0.294042, Validation Loss: 0.326587, Training Accuracy: 86.36, Validation Accuracy: 87.93, Learning Rate: 0.000039928965, Time: 36.40s
2025-06-05 03:02:01,834 - Epoch 111: Training Loss: 0.293836, Validation Loss: 0.322842, Training Accuracy: 87.39, Validation Accuracy: 87.93, Learning Rate: 0.000039694631, Time: 37.20s
2025-06-05 03:02:37,031 - Epoch 112: Training Loss: 0.292960, Validation Loss: 0.323850, Training Accuracy: 87.24, Validation Accuracy: 87.24, Learning Rate: 0.000039458308, Time: 35.20s
2025-06-05 03:03:15,362 - Epoch 113: Training Loss: 0.292368, Validation Loss: 0.326108, Training Accuracy: 86.58, Validation Accuracy: 87.24, Learning Rate: 0.000039220028, Time: 38.33s
2025-06-05 03:03:51,768 - Epoch 114: Training Loss: 0.291549, Validation Loss: 0.323551, Training Accuracy: 86.65, Validation Accuracy: 88.28, Learning Rate: 0.000038979823, Time: 36.41s
2025-06-05 03:04:27,814 - Epoch 115: Training Loss: 0.290619, Validation Loss: 0.321142, Training Accuracy: 87.24, Validation Accuracy: 87.93, Learning Rate: 0.000038737724, Time: 36.05s
2025-06-05 03:05:07,858 - Epoch 116: Training Loss: 0.291296, Validation Loss: 0.323488, Training Accuracy: 87.24, Validation Accuracy: 88.28, Learning Rate: 0.000038493766, Time: 40.04s
2025-06-05 03:05:45,822 - Epoch 117: Training Loss: 0.290404, Validation Loss: 0.317920, Training Accuracy: 87.32, Validation Accuracy: 87.93, Learning Rate: 0.000038247982, Time: 37.96s
2025-06-05 03:06:23,181 - Epoch 118: Training Loss: 0.289496, Validation Loss: 0.322005, Training Accuracy: 87.39, Validation Accuracy: 88.28, Learning Rate: 0.000038000403, Time: 37.36s
2025-06-05 03:06:59,245 - Epoch 119: Training Loss: 0.289121, Validation Loss: 0.320329, Training Accuracy: 86.73, Validation Accuracy: 87.59, Learning Rate: 0.000037751065, Time: 36.06s
2025-06-05 03:07:35,733 - Epoch 120: Training Loss: 0.288529, Validation Loss: 0.319042, Training Accuracy: 86.58, Validation Accuracy: 88.28, Learning Rate: 0.000037500000, Time: 36.49s
2025-06-05 03:08:12,613 - Epoch 121: Training Loss: 0.289034, Validation Loss: 0.316484, Training Accuracy: 87.39, Validation Accuracy: 87.59, Learning Rate: 0.000037247243, Time: 36.88s
2025-06-05 03:08:47,330 - Epoch 122: Training Loss: 0.288007, Validation Loss: 0.318769, Training Accuracy: 86.80, Validation Accuracy: 87.59, Learning Rate: 0.000036992828, Time: 34.72s
2025-06-05 03:09:25,956 - Epoch 123: Training Loss: 0.287244, Validation Loss: 0.315827, Training Accuracy: 87.02, Validation Accuracy: 87.59, Learning Rate: 0.000036736789, Time: 38.63s
2025-06-05 03:10:06,263 - Epoch 124: Training Loss: 0.285802, Validation Loss: 0.314814, Training Accuracy: 87.24, Validation Accuracy: 87.59, Learning Rate: 0.000036479161, Time: 40.31s
2025-06-05 03:10:44,442 - Epoch 125: Training Loss: 0.284679, Validation Loss: 0.316681, Training Accuracy: 87.09, Validation Accuracy: 88.28, Learning Rate: 0.000036219980, Time: 38.18s
2025-06-05 03:11:22,860 - Epoch 126: Training Loss: 0.285045, Validation Loss: 0.315109, Training Accuracy: 86.58, Validation Accuracy: 87.59, Learning Rate: 0.000035959279, Time: 38.42s
2025-06-05 03:12:00,284 - Epoch 127: Training Loss: 0.283784, Validation Loss: 0.313897, Training Accuracy: 87.24, Validation Accuracy: 87.59, Learning Rate: 0.000035697094, Time: 37.42s
2025-06-05 03:12:42,198 - Epoch 128: Training Loss: 0.284789, Validation Loss: 0.315595, Training Accuracy: 87.09, Validation Accuracy: 86.90, Learning Rate: 0.000035433461, Time: 41.91s
2025-06-05 03:13:20,184 - Epoch 129: Training Loss: 0.282781, Validation Loss: 0.309893, Training Accuracy: 87.54, Validation Accuracy: 87.93, Learning Rate: 0.000035168416, Time: 37.99s
2025-06-05 03:14:01,138 - Epoch 130: Training Loss: 0.282902, Validation Loss: 0.314483, Training Accuracy: 87.17, Validation Accuracy: 88.28, Learning Rate: 0.000034901994, Time: 40.95s
2025-06-05 03:14:38,944 - Epoch 131: Training Loss: 0.281862, Validation Loss: 0.313280, Training Accuracy: 86.87, Validation Accuracy: 88.28, Learning Rate: 0.000034634232, Time: 37.81s
2025-06-05 03:15:16,805 - Epoch 132: Training Loss: 0.281892, Validation Loss: 0.307782, Training Accuracy: 87.09, Validation Accuracy: 87.59, Learning Rate: 0.000034365165, Time: 37.86s
2025-06-05 03:15:52,427 - Epoch 133: Training Loss: 0.282335, Validation Loss: 0.309378, Training Accuracy: 87.54, Validation Accuracy: 87.59, Learning Rate: 0.000034094830, Time: 35.62s
2025-06-05 03:16:31,225 - Epoch 134: Training Loss: 0.282476, Validation Loss: 0.313556, Training Accuracy: 87.09, Validation Accuracy: 87.93, Learning Rate: 0.000033823264, Time: 38.80s
2025-06-05 03:17:09,364 - Epoch 135: Training Loss: 0.280667, Validation Loss: 0.308598, Training Accuracy: 87.54, Validation Accuracy: 87.59, Learning Rate: 0.000033550504, Time: 38.14s
2025-06-05 03:17:47,050 - Epoch 136: Training Loss: 0.281041, Validation Loss: 0.308873, Training Accuracy: 87.17, Validation Accuracy: 87.24, Learning Rate: 0.000033276585, Time: 37.69s
2025-06-05 03:18:22,698 - Epoch 137: Training Loss: 0.280474, Validation Loss: 0.311109, Training Accuracy: 87.24, Validation Accuracy: 87.93, Learning Rate: 0.000033001547, Time: 35.65s
2025-06-05 03:19:01,321 - Epoch 138: Training Loss: 0.279905, Validation Loss: 0.305552, Training Accuracy: 87.39, Validation Accuracy: 87.59, Learning Rate: 0.000032725425, Time: 38.62s
2025-06-05 03:19:37,413 - Epoch 139: Training Loss: 0.277256, Validation Loss: 0.309057, Training Accuracy: 87.61, Validation Accuracy: 87.59, Learning Rate: 0.000032448257, Time: 36.09s
2025-06-05 03:20:19,015 - Epoch 140: Training Loss: 0.278545, Validation Loss: 0.308196, Training Accuracy: 87.02, Validation Accuracy: 87.59, Learning Rate: 0.000032170081, Time: 41.60s
2025-06-05 03:20:56,394 - Epoch 141: Training Loss: 0.278735, Validation Loss: 0.305476, Training Accuracy: 87.39, Validation Accuracy: 87.59, Learning Rate: 0.000031890934, Time: 37.38s
2025-06-05 03:21:32,068 - Epoch 142: Training Loss: 0.277019, Validation Loss: 0.307782, Training Accuracy: 87.61, Validation Accuracy: 87.59, Learning Rate: 0.000031610854, Time: 35.67s
2025-06-05 03:22:11,987 - Epoch 143: Training Loss: 0.277366, Validation Loss: 0.304589, Training Accuracy: 87.32, Validation Accuracy: 87.59, Learning Rate: 0.000031329879, Time: 39.92s
2025-06-05 03:22:51,096 - Epoch 144: Training Loss: 0.276558, Validation Loss: 0.304947, Training Accuracy: 87.39, Validation Accuracy: 87.24, Learning Rate: 0.000031048047, Time: 39.11s
2025-06-05 03:23:29,583 - Epoch 145: Training Loss: 0.275422, Validation Loss: 0.304127, Training Accuracy: 87.61, Validation Accuracy: 87.59, Learning Rate: 0.000030765397, Time: 38.49s
2025-06-05 03:24:10,046 - Epoch 146: Training Loss: 0.277146, Validation Loss: 0.304266, Training Accuracy: 87.76, Validation Accuracy: 87.24, Learning Rate: 0.000030481966, Time: 40.46s
2025-06-05 03:24:49,127 - Epoch 147: Training Loss: 0.276061, Validation Loss: 0.302645, Training Accuracy: 87.46, Validation Accuracy: 87.59, Learning Rate: 0.000030197792, Time: 39.08s
2025-06-05 03:25:29,565 - Epoch 148: Training Loss: 0.275850, Validation Loss: 0.306618, Training Accuracy: 86.80, Validation Accuracy: 87.93, Learning Rate: 0.000029912915, Time: 40.44s
2025-06-05 03:26:08,123 - Epoch 149: Training Loss: 0.276043, Validation Loss: 0.301556, Training Accuracy: 87.02, Validation Accuracy: 87.59, Learning Rate: 0.000029627373, Time: 38.56s
2025-06-05 03:26:47,038 - Epoch 150: Training Loss: 0.275182, Validation Loss: 0.303250, Training Accuracy: 87.54, Validation Accuracy: 87.59, Learning Rate: 0.000029341204, Time: 38.91s
2025-06-05 03:27:23,491 - Epoch 151: Training Loss: 0.273973, Validation Loss: 0.303839, Training Accuracy: 87.46, Validation Accuracy: 87.93, Learning Rate: 0.000029054448, Time: 36.45s
2025-06-05 03:28:03,140 - Epoch 152: Training Loss: 0.274196, Validation Loss: 0.300918, Training Accuracy: 87.46, Validation Accuracy: 87.59, Learning Rate: 0.000028767143, Time: 39.65s
2025-06-05 03:28:38,336 - Epoch 153: Training Loss: 0.274838, Validation Loss: 0.301820, Training Accuracy: 87.61, Validation Accuracy: 87.93, Learning Rate: 0.000028479328, Time: 35.20s
2025-06-05 03:29:16,703 - Epoch 154: Training Loss: 0.273296, Validation Loss: 0.298824, Training Accuracy: 87.54, Validation Accuracy: 87.59, Learning Rate: 0.000028191041, Time: 38.37s
2025-06-05 03:29:54,871 - Epoch 155: Training Loss: 0.273654, Validation Loss: 0.301338, Training Accuracy: 87.02, Validation Accuracy: 87.93, Learning Rate: 0.000027902323, Time: 38.17s
2025-06-05 03:30:34,744 - Epoch 156: Training Loss: 0.272712, Validation Loss: 0.297325, Training Accuracy: 87.83, Validation Accuracy: 87.59, Learning Rate: 0.000027613212, Time: 39.87s
2025-06-05 03:31:11,744 - Epoch 157: Training Loss: 0.273739, Validation Loss: 0.302016, Training Accuracy: 87.39, Validation Accuracy: 87.59, Learning Rate: 0.000027323747, Time: 37.00s
2025-06-05 03:31:47,921 - Epoch 158: Training Loss: 0.273163, Validation Loss: 0.299700, Training Accuracy: 87.54, Validation Accuracy: 87.93, Learning Rate: 0.000027033967, Time: 36.18s
2025-06-05 03:32:24,560 - Epoch 159: Training Loss: 0.272325, Validation Loss: 0.298162, Training Accuracy: 87.91, Validation Accuracy: 87.93, Learning Rate: 0.000026743912, Time: 36.64s
2025-06-05 03:33:01,260 - Epoch 160: Training Loss: 0.272536, Validation Loss: 0.300791, Training Accuracy: 87.46, Validation Accuracy: 87.59, Learning Rate: 0.000026453621, Time: 36.70s
2025-06-05 03:33:40,674 - Epoch 161: Training Loss: 0.270722, Validation Loss: 0.295087, Training Accuracy: 87.98, Validation Accuracy: 87.59, Learning Rate: 0.000026163133, Time: 39.41s
2025-06-05 03:34:18,655 - Epoch 162: Training Loss: 0.271474, Validation Loss: 0.297241, Training Accuracy: 87.76, Validation Accuracy: 87.93, Learning Rate: 0.000025872487, Time: 37.98s
2025-06-05 03:34:56,986 - Epoch 163: Training Loss: 0.270182, Validation Loss: 0.297511, Training Accuracy: 87.54, Validation Accuracy: 87.93, Learning Rate: 0.000025581724, Time: 38.33s
2025-06-05 03:35:38,540 - Epoch 164: Training Loss: 0.269836, Validation Loss: 0.293805, Training Accuracy: 87.83, Validation Accuracy: 87.59, Learning Rate: 0.000025290882, Time: 41.55s
2025-06-05 03:36:18,454 - Epoch 165: Training Loss: 0.270213, Validation Loss: 0.296643, Training Accuracy: 87.24, Validation Accuracy: 87.93, Learning Rate: 0.000025000000, Time: 39.91s
2025-06-05 03:36:56,230 - Epoch 166: Training Loss: 0.269170, Validation Loss: 0.296310, Training Accuracy: 87.76, Validation Accuracy: 87.59, Learning Rate: 0.000024709118, Time: 37.78s
2025-06-05 03:37:34,642 - Epoch 167: Training Loss: 0.269832, Validation Loss: 0.295007, Training Accuracy: 87.83, Validation Accuracy: 87.93, Learning Rate: 0.000024418276, Time: 38.41s
2025-06-05 03:38:11,550 - Epoch 168: Training Loss: 0.268719, Validation Loss: 0.295663, Training Accuracy: 87.98, Validation Accuracy: 87.93, Learning Rate: 0.000024127513, Time: 36.91s
2025-06-05 03:38:50,590 - Epoch 169: Training Loss: 0.269118, Validation Loss: 0.295825, Training Accuracy: 87.24, Validation Accuracy: 87.93, Learning Rate: 0.000023836867, Time: 39.04s
2025-06-05 03:39:28,595 - Epoch 170: Training Loss: 0.269468, Validation Loss: 0.292904, Training Accuracy: 87.98, Validation Accuracy: 88.28, Learning Rate: 0.000023546379, Time: 38.00s
2025-06-05 03:40:06,038 - Epoch 171: Training Loss: 0.268925, Validation Loss: 0.296950, Training Accuracy: 87.54, Validation Accuracy: 87.59, Learning Rate: 0.000023256088, Time: 37.44s
2025-06-05 03:40:43,995 - Epoch 172: Training Loss: 0.267915, Validation Loss: 0.294057, Training Accuracy: 87.68, Validation Accuracy: 87.93, Learning Rate: 0.000022966033, Time: 37.96s
2025-06-05 03:41:22,940 - Epoch 173: Training Loss: 0.267646, Validation Loss: 0.293053, Training Accuracy: 87.24, Validation Accuracy: 87.93, Learning Rate: 0.000022676253, Time: 38.94s
2025-06-05 03:42:01,770 - Epoch 174: Training Loss: 0.268189, Validation Loss: 0.292788, Training Accuracy: 88.13, Validation Accuracy: 87.93, Learning Rate: 0.000022386788, Time: 38.83s
2025-06-05 03:42:39,444 - Epoch 175: Training Loss: 0.268626, Validation Loss: 0.295226, Training Accuracy: 87.76, Validation Accuracy: 87.93, Learning Rate: 0.000022097677, Time: 37.67s
2025-06-05 03:43:16,025 - Epoch 176: Training Loss: 0.266916, Validation Loss: 0.294189, Training Accuracy: 87.46, Validation Accuracy: 87.59, Learning Rate: 0.000021808959, Time: 36.58s
2025-06-05 03:43:56,052 - Epoch 177: Training Loss: 0.267201, Validation Loss: 0.293074, Training Accuracy: 87.46, Validation Accuracy: 87.93, Learning Rate: 0.000021520672, Time: 40.03s
2025-06-05 03:44:33,297 - Epoch 178: Training Loss: 0.267055, Validation Loss: 0.290962, Training Accuracy: 87.91, Validation Accuracy: 87.59, Learning Rate: 0.000021232857, Time: 37.24s
2025-06-05 03:45:11,650 - Epoch 179: Training Loss: 0.264395, Validation Loss: 0.291918, Training Accuracy: 87.83, Validation Accuracy: 87.93, Learning Rate: 0.000020945552, Time: 38.35s
2025-06-05 03:45:50,668 - Epoch 180: Training Loss: 0.267912, Validation Loss: 0.293064, Training Accuracy: 87.61, Validation Accuracy: 87.59, Learning Rate: 0.000020658796, Time: 39.02s
2025-06-05 03:46:29,509 - Epoch 181: Training Loss: 0.266877, Validation Loss: 0.292829, Training Accuracy: 87.46, Validation Accuracy: 87.93, Learning Rate: 0.000020372627, Time: 38.84s
2025-06-05 03:47:09,584 - Epoch 182: Training Loss: 0.266435, Validation Loss: 0.291898, Training Accuracy: 87.76, Validation Accuracy: 87.93, Learning Rate: 0.000020087085, Time: 40.08s
2025-06-05 03:47:48,497 - Epoch 183: Training Loss: 0.264802, Validation Loss: 0.288383, Training Accuracy: 87.76, Validation Accuracy: 87.59, Learning Rate: 0.000019802208, Time: 38.91s
2025-06-05 03:48:25,373 - Epoch 184: Training Loss: 0.265874, Validation Loss: 0.292509, Training Accuracy: 87.46, Validation Accuracy: 87.93, Learning Rate: 0.000019518034, Time: 36.88s
2025-06-05 03:49:03,134 - Epoch 185: Training Loss: 0.265657, Validation Loss: 0.290255, Training Accuracy: 87.91, Validation Accuracy: 87.93, Learning Rate: 0.000019234603, Time: 37.76s
2025-06-05 03:49:42,115 - Epoch 186: Training Loss: 0.266337, Validation Loss: 0.292403, Training Accuracy: 87.32, Validation Accuracy: 87.93, Learning Rate: 0.000018951953, Time: 38.98s
2025-06-05 03:50:20,213 - Epoch 187: Training Loss: 0.264474, Validation Loss: 0.289028, Training Accuracy: 88.05, Validation Accuracy: 87.93, Learning Rate: 0.000018670121, Time: 38.10s
2025-06-05 03:50:58,661 - Epoch 188: Training Loss: 0.266343, Validation Loss: 0.290568, Training Accuracy: 88.13, Validation Accuracy: 88.28, Learning Rate: 0.000018389146, Time: 38.45s
2025-06-05 03:51:36,237 - Epoch 189: Training Loss: 0.263927, Validation Loss: 0.289217, Training Accuracy: 88.13, Validation Accuracy: 87.93, Learning Rate: 0.000018109066, Time: 37.58s
2025-06-05 03:52:14,643 - Epoch 190: Training Loss: 0.266042, Validation Loss: 0.291545, Training Accuracy: 88.05, Validation Accuracy: 87.93, Learning Rate: 0.000017829919, Time: 38.41s
2025-06-05 03:52:52,317 - Epoch 191: Training Loss: 0.264366, Validation Loss: 0.291818, Training Accuracy: 86.87, Validation Accuracy: 87.93, Learning Rate: 0.000017551743, Time: 37.67s
2025-06-05 03:53:33,045 - Epoch 192: Training Loss: 0.264365, Validation Loss: 0.288774, Training Accuracy: 87.76, Validation Accuracy: 87.93, Learning Rate: 0.000017274575, Time: 40.73s
2025-06-05 03:54:10,534 - Epoch 193: Training Loss: 0.265141, Validation Loss: 0.290520, Training Accuracy: 87.46, Validation Accuracy: 87.93, Learning Rate: 0.000016998453, Time: 37.49s
2025-06-05 03:54:48,355 - Epoch 194: Training Loss: 0.263212, Validation Loss: 0.289682, Training Accuracy: 87.61, Validation Accuracy: 88.28, Learning Rate: 0.000016723415, Time: 37.82s
2025-06-05 03:55:25,663 - Epoch 195: Training Loss: 0.264424, Validation Loss: 0.288821, Training Accuracy: 87.91, Validation Accuracy: 87.93, Learning Rate: 0.000016449496, Time: 37.31s
2025-06-05 03:56:03,365 - Epoch 196: Training Loss: 0.264296, Validation Loss: 0.288500, Training Accuracy: 87.83, Validation Accuracy: 88.28, Learning Rate: 0.000016176736, Time: 37.70s
2025-06-05 03:56:40,022 - Epoch 197: Training Loss: 0.262441, Validation Loss: 0.288347, Training Accuracy: 88.05, Validation Accuracy: 88.28, Learning Rate: 0.000015905170, Time: 36.66s
2025-06-05 03:57:16,637 - Epoch 198: Training Loss: 0.261982, Validation Loss: 0.289167, Training Accuracy: 87.68, Validation Accuracy: 88.28, Learning Rate: 0.000015634835, Time: 36.61s
2025-06-05 03:57:54,812 - Epoch 199: Training Loss: 0.262359, Validation Loss: 0.288073, Training Accuracy: 87.76, Validation Accuracy: 88.28, Learning Rate: 0.000015365768, Time: 38.18s
2025-06-05 03:58:30,544 - Epoch 200: Training Loss: 0.262936, Validation Loss: 0.287542, Training Accuracy: 87.83, Validation Accuracy: 87.93, Learning Rate: 0.000015098006, Time: 35.73s
2025-06-05 03:59:07,747 - Epoch 201: Training Loss: 0.262331, Validation Loss: 0.286964, Training Accuracy: 87.91, Validation Accuracy: 87.93, Learning Rate: 0.000014831584, Time: 37.20s
2025-06-05 03:59:47,109 - Epoch 202: Training Loss: 0.262788, Validation Loss: 0.287521, Training Accuracy: 87.98, Validation Accuracy: 88.28, Learning Rate: 0.000014566539, Time: 39.36s
2025-06-05 04:00:24,316 - Epoch 203: Training Loss: 0.263925, Validation Loss: 0.288484, Training Accuracy: 87.76, Validation Accuracy: 87.93, Learning Rate: 0.000014302906, Time: 37.21s
2025-06-05 04:00:59,724 - Epoch 204: Training Loss: 0.260761, Validation Loss: 0.287372, Training Accuracy: 87.91, Validation Accuracy: 88.28, Learning Rate: 0.000014040721, Time: 35.41s
2025-06-05 04:01:37,337 - Epoch 205: Training Loss: 0.261998, Validation Loss: 0.287608, Training Accuracy: 87.68, Validation Accuracy: 88.28, Learning Rate: 0.000013780020, Time: 37.61s
2025-06-05 04:02:16,351 - Epoch 206: Training Loss: 0.262175, Validation Loss: 0.287112, Training Accuracy: 87.68, Validation Accuracy: 87.93, Learning Rate: 0.000013520839, Time: 39.01s
2025-06-05 04:02:54,648 - Epoch 207: Training Loss: 0.261035, Validation Loss: 0.286292, Training Accuracy: 87.91, Validation Accuracy: 88.28, Learning Rate: 0.000013263211, Time: 38.30s
2025-06-05 04:03:29,070 - Epoch 208: Training Loss: 0.260542, Validation Loss: 0.288739, Training Accuracy: 87.76, Validation Accuracy: 87.59, Learning Rate: 0.000013007172, Time: 34.42s
2025-06-05 04:04:07,815 - Epoch 209: Training Loss: 0.261193, Validation Loss: 0.288285, Training Accuracy: 87.46, Validation Accuracy: 87.93, Learning Rate: 0.000012752757, Time: 38.74s
2025-06-05 04:04:45,338 - Epoch 210: Training Loss: 0.261031, Validation Loss: 0.285596, Training Accuracy: 87.98, Validation Accuracy: 87.93, Learning Rate: 0.000012500000, Time: 37.52s
2025-06-05 04:05:22,029 - Epoch 211: Training Loss: 0.261198, Validation Loss: 0.285415, Training Accuracy: 88.20, Validation Accuracy: 87.93, Learning Rate: 0.000012248935, Time: 36.69s
2025-06-05 04:06:02,313 - Epoch 212: Training Loss: 0.261820, Validation Loss: 0.287006, Training Accuracy: 88.13, Validation Accuracy: 87.93, Learning Rate: 0.000011999597, Time: 40.28s
2025-06-05 04:06:41,206 - Epoch 213: Training Loss: 0.260320, Validation Loss: 0.287227, Training Accuracy: 87.61, Validation Accuracy: 87.93, Learning Rate: 0.000011752018, Time: 38.89s
2025-06-05 04:07:18,431 - Epoch 214: Training Loss: 0.259208, Validation Loss: 0.284912, Training Accuracy: 88.13, Validation Accuracy: 88.28, Learning Rate: 0.000011506234, Time: 37.22s
2025-06-05 04:07:55,622 - Epoch 215: Training Loss: 0.260792, Validation Loss: 0.285261, Training Accuracy: 87.98, Validation Accuracy: 88.28, Learning Rate: 0.000011262276, Time: 37.19s
2025-06-05 04:08:32,451 - Epoch 216: Training Loss: 0.260829, Validation Loss: 0.286221, Training Accuracy: 87.98, Validation Accuracy: 88.28, Learning Rate: 0.000011020177, Time: 36.83s
2025-06-05 04:09:11,063 - Epoch 217: Training Loss: 0.261220, Validation Loss: 0.286326, Training Accuracy: 87.83, Validation Accuracy: 87.93, Learning Rate: 0.000010779972, Time: 38.61s
2025-06-05 04:09:48,142 - Epoch 218: Training Loss: 0.260472, Validation Loss: 0.287221, Training Accuracy: 87.91, Validation Accuracy: 87.93, Learning Rate: 0.000010541692, Time: 37.08s
2025-06-05 04:10:26,283 - Epoch 219: Training Loss: 0.260289, Validation Loss: 0.285149, Training Accuracy: 87.68, Validation Accuracy: 88.28, Learning Rate: 0.000010305369, Time: 38.14s
2025-06-05 04:11:04,727 - Epoch 220: Training Loss: 0.259837, Validation Loss: 0.285715, Training Accuracy: 87.98, Validation Accuracy: 88.28, Learning Rate: 0.000010071035, Time: 38.44s
2025-06-05 04:11:43,284 - Epoch 221: Training Loss: 0.260719, Validation Loss: 0.286131, Training Accuracy: 87.91, Validation Accuracy: 87.93, Learning Rate: 0.000009838723, Time: 38.56s
2025-06-05 04:12:23,402 - Epoch 222: Training Loss: 0.260725, Validation Loss: 0.285507, Training Accuracy: 87.83, Validation Accuracy: 87.93, Learning Rate: 0.000009608463, Time: 40.12s
2025-06-05 04:13:02,880 - Epoch 223: Training Loss: 0.258954, Validation Loss: 0.286303, Training Accuracy: 87.91, Validation Accuracy: 87.93, Learning Rate: 0.000009380287, Time: 39.48s
2025-06-05 04:13:41,774 - Epoch 224: Training Loss: 0.260074, Validation Loss: 0.285563, Training Accuracy: 88.13, Validation Accuracy: 87.93, Learning Rate: 0.000009154226, Time: 38.89s
2025-06-05 04:14:21,810 - Epoch 225: Training Loss: 0.258897, Validation Loss: 0.284821, Training Accuracy: 87.91, Validation Accuracy: 88.28, Learning Rate: 0.000008930310, Time: 40.04s
2025-06-05 04:15:02,163 - Epoch 226: Training Loss: 0.259152, Validation Loss: 0.285756, Training Accuracy: 87.91, Validation Accuracy: 87.93, Learning Rate: 0.000008708569, Time: 40.35s
2025-06-05 04:15:41,968 - Epoch 227: Training Loss: 0.259440, Validation Loss: 0.284981, Training Accuracy: 87.91, Validation Accuracy: 87.93, Learning Rate: 0.000008489034, Time: 39.81s
2025-06-05 04:16:24,678 - Epoch 228: Training Loss: 0.259727, Validation Loss: 0.285315, Training Accuracy: 87.83, Validation Accuracy: 87.93, Learning Rate: 0.000008271735, Time: 42.71s
2025-06-05 04:17:07,906 - Epoch 229: Training Loss: 0.260401, Validation Loss: 0.285389, Training Accuracy: 87.61, Validation Accuracy: 87.93, Learning Rate: 0.000008056700, Time: 43.23s
2025-06-05 04:17:50,671 - Epoch 230: Training Loss: 0.258669, Validation Loss: 0.284146, Training Accuracy: 87.76, Validation Accuracy: 88.28, Learning Rate: 0.000007843959, Time: 42.76s
2025-06-05 04:18:31,793 - Epoch 231: Training Loss: 0.260497, Validation Loss: 0.283381, Training Accuracy: 87.91, Validation Accuracy: 88.28, Learning Rate: 0.000007633541, Time: 41.12s
2025-06-05 04:19:10,203 - Epoch 232: Training Loss: 0.259031, Validation Loss: 0.285124, Training Accuracy: 87.83, Validation Accuracy: 87.93, Learning Rate: 0.000007425474, Time: 38.41s
2025-06-05 04:19:47,821 - Epoch 233: Training Loss: 0.257777, Validation Loss: 0.284931, Training Accuracy: 88.57, Validation Accuracy: 87.93, Learning Rate: 0.000007219786, Time: 37.62s
2025-06-05 04:20:27,235 - Epoch 234: Training Loss: 0.258610, Validation Loss: 0.284364, Training Accuracy: 87.83, Validation Accuracy: 87.93, Learning Rate: 0.000007016505, Time: 39.41s
2025-06-05 04:21:05,733 - Epoch 235: Training Loss: 0.258645, Validation Loss: 0.284023, Training Accuracy: 88.05, Validation Accuracy: 87.93, Learning Rate: 0.000006815659, Time: 38.50s
2025-06-05 04:21:46,915 - Epoch 236: Training Loss: 0.259605, Validation Loss: 0.284213, Training Accuracy: 87.83, Validation Accuracy: 87.93, Learning Rate: 0.000006617275, Time: 41.18s
2025-06-05 04:22:24,726 - Epoch 237: Training Loss: 0.259478, Validation Loss: 0.284106, Training Accuracy: 88.05, Validation Accuracy: 87.93, Learning Rate: 0.000006421379, Time: 37.81s
2025-06-05 04:23:03,320 - Epoch 238: Training Loss: 0.258738, Validation Loss: 0.283969, Training Accuracy: 87.76, Validation Accuracy: 87.93, Learning Rate: 0.000006227999, Time: 38.59s
2025-06-05 04:23:40,797 - Epoch 239: Training Loss: 0.258359, Validation Loss: 0.284385, Training Accuracy: 88.05, Validation Accuracy: 87.93, Learning Rate: 0.000006037160, Time: 37.48s
2025-06-05 04:24:19,594 - Epoch 240: Training Loss: 0.258023, Validation Loss: 0.283550, Training Accuracy: 87.91, Validation Accuracy: 88.28, Learning Rate: 0.000005848889, Time: 38.80s
2025-06-05 04:24:58,106 - Epoch 241: Training Loss: 0.259528, Validation Loss: 0.283870, Training Accuracy: 87.98, Validation Accuracy: 87.93, Learning Rate: 0.000005663210, Time: 38.51s
2025-06-05 04:25:34,934 - Epoch 242: Training Loss: 0.258413, Validation Loss: 0.284324, Training Accuracy: 88.13, Validation Accuracy: 87.93, Learning Rate: 0.000005480149, Time: 36.83s
2025-06-05 04:26:13,719 - Epoch 243: Training Loss: 0.258521, Validation Loss: 0.284682, Training Accuracy: 87.91, Validation Accuracy: 87.93, Learning Rate: 0.000005299731, Time: 38.78s
2025-06-05 04:26:50,418 - Epoch 244: Training Loss: 0.258895, Validation Loss: 0.284092, Training Accuracy: 87.68, Validation Accuracy: 87.93, Learning Rate: 0.000005121980, Time: 36.70s
2025-06-05 04:27:28,164 - Epoch 245: Training Loss: 0.257950, Validation Loss: 0.283750, Training Accuracy: 88.05, Validation Accuracy: 87.93, Learning Rate: 0.000004946920, Time: 37.75s
2025-06-05 04:28:05,016 - Epoch 246: Training Loss: 0.258689, Validation Loss: 0.283151, Training Accuracy: 87.91, Validation Accuracy: 87.93, Learning Rate: 0.000004774575, Time: 36.85s
2025-06-05 04:28:42,045 - Epoch 247: Training Loss: 0.258795, Validation Loss: 0.283473, Training Accuracy: 87.83, Validation Accuracy: 87.93, Learning Rate: 0.000004604968, Time: 37.03s
2025-06-05 04:29:21,804 - Epoch 248: Training Loss: 0.257747, Validation Loss: 0.283600, Training Accuracy: 88.27, Validation Accuracy: 87.93, Learning Rate: 0.000004438123, Time: 39.76s
2025-06-05 04:30:03,232 - Epoch 249: Training Loss: 0.257841, Validation Loss: 0.284088, Training Accuracy: 87.68, Validation Accuracy: 87.93, Learning Rate: 0.000004274061, Time: 41.43s
2025-06-05 04:30:40,653 - Epoch 250: Training Loss: 0.256995, Validation Loss: 0.283766, Training Accuracy: 87.98, Validation Accuracy: 87.93, Learning Rate: 0.000004112805, Time: 37.42s
2025-06-05 04:31:18,171 - Epoch 251: Training Loss: 0.256879, Validation Loss: 0.283580, Training Accuracy: 88.05, Validation Accuracy: 87.93, Learning Rate: 0.000003954377, Time: 37.52s
2025-06-05 04:31:54,142 - Epoch 252: Training Loss: 0.259088, Validation Loss: 0.282972, Training Accuracy: 87.98, Validation Accuracy: 87.93, Learning Rate: 0.000003798798, Time: 35.97s
2025-06-05 04:32:33,401 - Epoch 253: Training Loss: 0.257299, Validation Loss: 0.283426, Training Accuracy: 88.05, Validation Accuracy: 87.93, Learning Rate: 0.000003646089, Time: 39.26s
2025-06-05 04:33:10,367 - Epoch 254: Training Loss: 0.257414, Validation Loss: 0.283426, Training Accuracy: 87.98, Validation Accuracy: 87.93, Learning Rate: 0.000003496271, Time: 36.97s
2025-06-05 04:33:51,206 - Epoch 255: Training Loss: 0.257513, Validation Loss: 0.284085, Training Accuracy: 88.20, Validation Accuracy: 87.93, Learning Rate: 0.000003349365, Time: 40.84s
2025-06-05 04:34:29,922 - Epoch 256: Training Loss: 0.257271, Validation Loss: 0.283458, Training Accuracy: 87.83, Validation Accuracy: 87.93, Learning Rate: 0.000003205390, Time: 38.72s
2025-06-05 04:35:06,438 - Epoch 257: Training Loss: 0.258025, Validation Loss: 0.283453, Training Accuracy: 87.83, Validation Accuracy: 87.93, Learning Rate: 0.000003064365, Time: 36.52s
2025-06-05 04:35:45,863 - Epoch 258: Training Loss: 0.258082, Validation Loss: 0.283317, Training Accuracy: 88.05, Validation Accuracy: 87.93, Learning Rate: 0.000002926310, Time: 39.42s
2025-06-05 04:36:24,010 - Epoch 259: Training Loss: 0.256272, Validation Loss: 0.282868, Training Accuracy: 87.91, Validation Accuracy: 87.93, Learning Rate: 0.000002791244, Time: 38.15s
2025-06-05 04:36:59,161 - Epoch 260: Training Loss: 0.258158, Validation Loss: 0.283057, Training Accuracy: 87.83, Validation Accuracy: 87.93, Learning Rate: 0.000002659184, Time: 35.15s
2025-06-05 04:37:34,525 - Epoch 261: Training Loss: 0.257243, Validation Loss: 0.283069, Training Accuracy: 87.98, Validation Accuracy: 87.93, Learning Rate: 0.000002530149, Time: 35.36s
2025-06-05 04:38:12,330 - Epoch 262: Training Loss: 0.257421, Validation Loss: 0.283498, Training Accuracy: 87.98, Validation Accuracy: 87.93, Learning Rate: 0.000002404156, Time: 37.80s
2025-06-05 04:38:53,187 - Epoch 263: Training Loss: 0.257864, Validation Loss: 0.282982, Training Accuracy: 88.05, Validation Accuracy: 87.93, Learning Rate: 0.000002281222, Time: 40.86s
2025-06-05 04:39:33,236 - Epoch 264: Training Loss: 0.256862, Validation Loss: 0.283127, Training Accuracy: 88.13, Validation Accuracy: 87.93, Learning Rate: 0.000002161364, Time: 40.05s
2025-06-05 04:40:12,645 - Epoch 265: Training Loss: 0.257496, Validation Loss: 0.282943, Training Accuracy: 88.05, Validation Accuracy: 87.93, Learning Rate: 0.000002044597, Time: 39.41s
2025-06-05 04:40:48,838 - Epoch 266: Training Loss: 0.256802, Validation Loss: 0.282865, Training Accuracy: 87.98, Validation Accuracy: 87.93, Learning Rate: 0.000001930939, Time: 36.19s
2025-06-05 04:41:25,741 - Epoch 267: Training Loss: 0.256444, Validation Loss: 0.283009, Training Accuracy: 88.27, Validation Accuracy: 87.93, Learning Rate: 0.000001820404, Time: 36.90s
2025-06-05 04:42:02,180 - Epoch 268: Training Loss: 0.257437, Validation Loss: 0.283002, Training Accuracy: 88.05, Validation Accuracy: 87.93, Learning Rate: 0.000001713007, Time: 36.44s
2025-06-05 04:42:39,638 - Epoch 269: Training Loss: 0.258610, Validation Loss: 0.282915, Training Accuracy: 87.83, Validation Accuracy: 87.93, Learning Rate: 0.000001608762, Time: 37.46s
2025-06-05 04:43:16,037 - Epoch 270: Training Loss: 0.256888, Validation Loss: 0.283017, Training Accuracy: 88.05, Validation Accuracy: 87.93, Learning Rate: 0.000001507684, Time: 36.40s
2025-06-05 04:43:52,199 - Epoch 271: Training Loss: 0.257262, Validation Loss: 0.282841, Training Accuracy: 88.27, Validation Accuracy: 87.93, Learning Rate: 0.000001409787, Time: 36.16s
2025-06-05 04:44:28,625 - Epoch 272: Training Loss: 0.258750, Validation Loss: 0.282788, Training Accuracy: 87.76, Validation Accuracy: 87.93, Learning Rate: 0.000001315084, Time: 36.42s
2025-06-05 04:45:05,857 - Epoch 273: Training Loss: 0.257217, Validation Loss: 0.282865, Training Accuracy: 87.91, Validation Accuracy: 87.93, Learning Rate: 0.000001223587, Time: 37.23s
2025-06-05 04:45:42,512 - Epoch 274: Training Loss: 0.257351, Validation Loss: 0.282720, Training Accuracy: 88.13, Validation Accuracy: 87.93, Learning Rate: 0.000001135309, Time: 36.65s
2025-06-05 04:46:19,045 - Epoch 275: Training Loss: 0.257346, Validation Loss: 0.282727, Training Accuracy: 88.27, Validation Accuracy: 87.93, Learning Rate: 0.000001050262, Time: 36.53s
2025-06-05 04:46:58,766 - Epoch 276: Training Loss: 0.257954, Validation Loss: 0.282768, Training Accuracy: 88.27, Validation Accuracy: 87.93, Learning Rate: 0.000000968458, Time: 39.72s
2025-06-05 04:47:38,529 - Epoch 277: Training Loss: 0.256903, Validation Loss: 0.282835, Training Accuracy: 87.76, Validation Accuracy: 87.93, Learning Rate: 0.000000889906, Time: 39.76s
2025-06-05 04:48:14,388 - Epoch 278: Training Loss: 0.257020, Validation Loss: 0.282671, Training Accuracy: 87.91, Validation Accuracy: 87.93, Learning Rate: 0.000000814620, Time: 35.86s
2025-06-05 04:48:51,540 - Epoch 279: Training Loss: 0.256616, Validation Loss: 0.282741, Training Accuracy: 88.20, Validation Accuracy: 87.93, Learning Rate: 0.000000742607, Time: 37.15s
2025-06-05 04:49:31,034 - Epoch 280: Training Loss: 0.257717, Validation Loss: 0.282670, Training Accuracy: 87.91, Validation Accuracy: 87.93, Learning Rate: 0.000000673878, Time: 39.49s
2025-06-05 04:50:08,266 - Epoch 281: Training Loss: 0.257074, Validation Loss: 0.282633, Training Accuracy: 88.05, Validation Accuracy: 87.93, Learning Rate: 0.000000608443, Time: 37.23s
2025-06-05 04:50:46,442 - Epoch 282: Training Loss: 0.259001, Validation Loss: 0.282710, Training Accuracy: 87.98, Validation Accuracy: 87.93, Learning Rate: 0.000000546310, Time: 38.18s
2025-06-05 04:51:23,245 - Epoch 283: Training Loss: 0.256884, Validation Loss: 0.282679, Training Accuracy: 87.76, Validation Accuracy: 87.93, Learning Rate: 0.000000487488, Time: 36.80s
2025-06-05 04:52:00,246 - Epoch 284: Training Loss: 0.258005, Validation Loss: 0.282712, Training Accuracy: 87.91, Validation Accuracy: 87.93, Learning Rate: 0.000000431984, Time: 37.00s
2025-06-05 04:52:37,923 - Epoch 285: Training Loss: 0.256870, Validation Loss: 0.282742, Training Accuracy: 88.27, Validation Accuracy: 87.93, Learning Rate: 0.000000379806, Time: 37.68s
2025-06-05 04:53:18,128 - Epoch 286: Training Loss: 0.256586, Validation Loss: 0.282745, Training Accuracy: 87.91, Validation Accuracy: 87.93, Learning Rate: 0.000000330962, Time: 40.20s
2025-06-05 04:53:53,634 - Epoch 287: Training Loss: 0.257863, Validation Loss: 0.282712, Training Accuracy: 87.91, Validation Accuracy: 87.93, Learning Rate: 0.000000285457, Time: 35.51s
2025-06-05 04:54:31,373 - Epoch 288: Training Loss: 0.257290, Validation Loss: 0.282735, Training Accuracy: 88.13, Validation Accuracy: 87.93, Learning Rate: 0.000000243298, Time: 37.74s
2025-06-05 04:55:12,508 - Epoch 289: Training Loss: 0.258492, Validation Loss: 0.282745, Training Accuracy: 88.20, Validation Accuracy: 87.93, Learning Rate: 0.000000204491, Time: 41.13s
2025-06-05 04:55:49,872 - Epoch 290: Training Loss: 0.258476, Validation Loss: 0.282730, Training Accuracy: 87.91, Validation Accuracy: 87.93, Learning Rate: 0.000000169041, Time: 37.36s
2025-06-05 04:56:26,063 - Epoch 291: Training Loss: 0.257039, Validation Loss: 0.282727, Training Accuracy: 87.91, Validation Accuracy: 87.93, Learning Rate: 0.000000136953, Time: 36.19s
2025-06-05 04:57:05,907 - Epoch 292: Training Loss: 0.257649, Validation Loss: 0.282722, Training Accuracy: 87.91, Validation Accuracy: 87.93, Learning Rate: 0.000000108230, Time: 39.84s
2025-06-05 04:57:43,276 - Epoch 293: Training Loss: 0.257345, Validation Loss: 0.282723, Training Accuracy: 87.91, Validation Accuracy: 87.93, Learning Rate: 0.000000082878, Time: 37.37s
2025-06-05 04:58:22,110 - Epoch 294: Training Loss: 0.258846, Validation Loss: 0.282715, Training Accuracy: 88.13, Validation Accuracy: 87.93, Learning Rate: 0.000000060899, Time: 38.83s
2025-06-05 04:59:01,968 - Epoch 295: Training Loss: 0.258597, Validation Loss: 0.282718, Training Accuracy: 87.91, Validation Accuracy: 87.93, Learning Rate: 0.000000042296, Time: 39.86s
2025-06-05 04:59:39,326 - Epoch 296: Training Loss: 0.257452, Validation Loss: 0.282720, Training Accuracy: 87.91, Validation Accuracy: 87.93, Learning Rate: 0.000000027072, Time: 37.36s
2025-06-05 05:00:15,839 - Epoch 297: Training Loss: 0.258411, Validation Loss: 0.282718, Training Accuracy: 87.91, Validation Accuracy: 87.93, Learning Rate: 0.000000015229, Time: 36.51s
2025-06-05 05:00:52,439 - Epoch 298: Training Loss: 0.257728, Validation Loss: 0.282718, Training Accuracy: 88.27, Validation Accuracy: 87.93, Learning Rate: 0.000000006769, Time: 36.60s
2025-06-05 05:01:30,147 - Epoch 299: Training Loss: 0.257273, Validation Loss: 0.282718, Training Accuracy: 87.98, Validation Accuracy: 87.93, Learning Rate: 0.000000001692, Time: 37.71s
2025-06-05 05:02:05,137 - Epoch 300: Training Loss: 0.256566, Validation Loss: 0.282718, Training Accuracy: 88.05, Validation Accuracy: 87.93, Learning Rate: 0.000000000000, Time: 34.99s
2025-06-05 05:02:05,138 - Total training time: 3h 5m 58s
2025-06-05 05:02:05,156 - Final model saved.
2025-06-05 05:02:05,464 - Evaluation started.
2025-06-05 05:02:12,774 - Test accuracy: 87.93103448275862%
2025-06-05 05:02:12,783 - False positive rate: 3.4482758620689653%
2025-06-05 05:02:12,783 - Training and evaluation complete. Logs saved to training.log in /data/ckpt-cloud-classification-distillation-256 directory.
